0	14:36:47.838	TMA+CG mladen NRP TEAMTRADER7 US30,H1: uninit reason 3
0	14:36:47.841	TMA TRUE v2 US30,H1: uninit reason 3
0	14:36:47.853	TMA+CG mladen NRP TEAMTRADER7 US30,M5: initialized
0	14:36:47.853	TMA TRUE v2 US30,M5: initialized
0	14:37:03.685	TMA+CG mladen NRP TEAMTRADER7 US30,M5: uninit reason 3
0	14:37:03.686	TMA TRUE v2 US30,M5: uninit reason 3
0	14:37:03.691	TMA+CG mladen NRP TEAMTRADER7 US30,M15: initialized
0	14:37:03.691	TMA TRUE v2 US30,M15: initialized
0	14:39:28.728	TMA+CG mladen NRP TEAMTRADER7 US30,M1: uninit reason 7
0	14:39:28.732	Custom indicator TMA+CG mladen NRP TEAMTRADER7 US30,M1: removed
0	14:39:28.748	Custom indicator TMA+CG mladen NRP TEAMTRADER7 US30,M1: loaded successfully
0	14:39:28.772	TMA+CG mladen NRP TEAMTRADER7 US30,M1: initialized
0	14:40:03.002	TMA+CG mladen NRP TEAMTRADER7 US30,M15: uninit reason 7
0	14:40:03.004	TMA TRUE v2 US30,M15: uninit reason 7
0	14:40:03.006	Custom indicator TMA+CG mladen NRP TEAMTRADER7 US30,M15: removed
0	14:40:03.007	Custom indicator TMA TRUE v2 US30,M15: removed
0	14:40:03.017	Custom indicator TMA+CG mladen NRP TEAMTRADER7 US30,M15: loaded successfully
0	14:40:03.034	Custom indicator TMA TRUE v2 US30,M15: loaded successfully
0	14:40:03.055	TMA+CG mladen NRP TEAMTRADER7 US30,M15: initialized
0	14:40:03.068	TMA TRUE v2 US30,M15: initialized
0	14:40:30.029	SweetSpotsGOLD_TRO_MODIFIED_VERSION(Bullforyou.com) US30,M1: uninit reason 7
0	14:40:30.029	TMA+CG mladen NRP TEAMTRADER7 US30,M1: uninit reason 7
0	14:40:30.035	Custom indicator SweetSpotsGOLD_TRO_MODIFIED_VERSION(Bullforyou.com) US30,M1: removed
0	14:40:30.037	Custom indicator TMA+CG mladen NRP TEAMTRADER7 US30,M1: removed
0	14:40:30.078	Custom indicator MarketMarkers_v1.1 US30,M1: loaded successfully
0	14:40:30.097	Custom indicator _HOD_LOD_Close_1 US30,M1: loaded successfully
0	14:40:30.112	Custom indicator HighLight_Pins US30,M1: loaded successfully
0	14:40:30.129	Custom indicator ZigZag&HiLoValues v2.4 US30,M1: loaded successfully
0	14:40:30.148	Custom indicator Magnified_Market_Price US30,M1: loaded successfully
0	14:40:30.163	Custom indicator Semafor (1ball) US30,M1: loaded successfully
0	14:40:30.183	Custom indicator pipsometer_5_decimal US30,M1: loaded successfully
0	14:40:30.201	Custom indicator SweetSpotsGOLD_TRO_MODIFIED_VERSION(Bullforyou.com) US30,M1: loaded successfully
0	14:40:30.212	Custom indicator TMA+CG mladen NRP TEAMTRADER7 US30,M1: loaded successfully
0	14:40:30.234	Custom indicator LSMA_in_Color US30,M1: loaded successfully
0	14:40:30.258	Custom indicator ZeroLag_MACD US30,M1: loaded successfully
0	14:40:30.292	Custom indicator Divergence_MACD_FX5_V1.1 US30,M1: loaded successfully
0	14:40:30.317	Custom indicator ticks-volume4 US30,M1: loaded successfully
0	14:40:30.407	MarketMarkers_v1.1 US30,M1: initialized
0	14:40:30.425	_HOD_LOD_Close_1 US30,M1: initialized
0	14:40:30.439	HighLight_Pins US30,M1: initialized
0	14:40:30.487	ZigZag&HiLoValues v2.4 US30,M1: initialized
0	14:40:30.498	Magnified_Market_Price US30,M1: initialized
0	14:40:30.511	Semafor (1ball) US30,M1: initialized
0	14:40:30.533	pipsometer_5_decimal US30,M1: initialized
0	14:40:30.551	SweetSpotsGOLD_TRO_MODIFIED_VERSION(Bullforyou.com) US30,M1: initialized
0	14:40:30.568	TMA+CG mladen NRP TEAMTRADER7 US30,M1: initialized
0	14:40:30.583	LSMA_in_Color US30,M1: initialized
0	14:40:30.596	ZeroLag_MACD US30,M1: initialized
0	14:40:30.619	Divergence_MACD_FX5_V1.1 US30,M1: initialized
0	14:40:30.633	ticks-volume4 US30,M1: initialized
0	14:40:42.196	MarketMarkers_v1.1 US30,M1: uninit reason 3
0	14:40:42.197	_HOD_LOD_Close_1 US30,M1: uninit reason 3
0	14:40:42.197	HighLight_Pins US30,M1: uninit reason 3
0	14:40:42.198	ZigZag&HiLoValues v2.4 US30,M1: uninit reason 3
0	14:40:42.199	Magnified_Market_Price US30,M1: uninit reason 3
0	14:40:42.199	Semafor (1ball) US30,M1: uninit reason 3
0	14:40:42.199	pipsometer_5_decimal US30,M1: uninit reason 3
0	14:40:42.199	SweetSpotsGOLD_TRO_MODIFIED_VERSION(Bullforyou.com) US30,M1: uninit reason 3
0	14:40:42.199	TMA+CG mladen NRP TEAMTRADER7 US30,M1: uninit reason 3
0	14:40:42.201	LSMA_in_Color US30,M1: uninit reason 3
0	14:40:42.201	ZeroLag_MACD US30,M1: uninit reason 3
0	14:40:42.201	Divergence_MACD_FX5_V1.1 US30,M1: uninit reason 3
0	14:40:42.202	ticks-volume4 US30,M1: uninit reason 3
0	14:40:42.203	MarketMarkers_v1.1 US30,M5: initialized
0	14:40:42.203	_HOD_LOD_Close_1 US30,M5: initialized
0	14:40:42.203	HighLight_Pins US30,M5: initialized
0	14:40:42.203	ZigZag&HiLoValues v2.4 US30,M5: initialized
0	14:40:42.203	Magnified_Market_Price US30,M5: initialized
0	14:40:42.203	Semafor (1ball) US30,M5: initialized
0	14:40:42.203	pipsometer_5_decimal US30,M5: initialized
0	14:40:42.203	SweetSpotsGOLD_TRO_MODIFIED_VERSION(Bullforyou.com) US30,M5: initialized
0	14:40:42.203	TMA+CG mladen NRP TEAMTRADER7 US30,M5: initialized
0	14:40:42.203	LSMA_in_Color US30,M5: initialized
0	14:40:42.203	ZeroLag_MACD US30,M5: initialized
0	14:40:42.203	Divergence_MACD_FX5_V1.1 US30,M5: initialized
0	14:40:42.203	ticks-volume4 US30,M5: initialized
0	15:32:09.156	MarketMarkers_v1.1 US30,M5: uninit reason 3
0	15:32:09.157	_HOD_LOD_Close_1 US30,M5: uninit reason 3
0	15:32:09.157	HighLight_Pins US30,M5: uninit reason 3
0	15:32:09.158	ZigZag&HiLoValues v2.4 US30,M5: uninit reason 3
0	15:32:09.158	Magnified_Market_Price US30,M5: uninit reason 3
0	15:32:09.158	Semafor (1ball) US30,M5: uninit reason 3
0	15:32:09.158	pipsometer_5_decimal US30,M5: uninit reason 3
0	15:32:09.158	SweetSpotsGOLD_TRO_MODIFIED_VERSION(Bullforyou.com) US30,M5: uninit reason 3
0	15:32:09.159	TMA+CG mladen NRP TEAMTRADER7 US30,M5: uninit reason 3
0	15:32:09.161	LSMA_in_Color US30,M5: uninit reason 3
0	15:32:09.161	ZeroLag_MACD US30,M5: uninit reason 3
0	15:32:09.161	Divergence_MACD_FX5_V1.1 US30,M5: uninit reason 3
0	15:32:09.161	ticks-volume4 US30,M5: uninit reason 3
0	15:32:09.162	MarketMarkers_v1.1 US30,M1: initialized
0	15:32:09.162	_HOD_LOD_Close_1 US30,M1: initialized
0	15:32:09.162	HighLight_Pins US30,M1: initialized
0	15:32:09.162	ZigZag&HiLoValues v2.4 US30,M1: initialized
0	15:32:09.162	Magnified_Market_Price US30,M1: initialized
0	15:32:09.162	Semafor (1ball) US30,M1: initialized
0	15:32:09.162	pipsometer_5_decimal US30,M1: initialized
0	15:32:09.162	SweetSpotsGOLD_TRO_MODIFIED_VERSION(Bullforyou.com) US30,M1: initialized
0	15:32:09.162	TMA+CG mladen NRP TEAMTRADER7 US30,M1: initialized
0	15:32:09.162	LSMA_in_Color US30,M1: initialized
0	15:32:09.162	ZeroLag_MACD US30,M1: initialized
0	15:32:09.162	Divergence_MACD_FX5_V1.1 US30,M1: initialized
0	15:32:09.162	ticks-volume4 US30,M1: initialized
0	15:32:17.101	MarketMarkers_v1.1 US30,M1: uninit reason 7
0	15:32:17.101	_HOD_LOD_Close_1 US30,M1: uninit reason 7
0	15:32:17.101	HighLight_Pins US30,M1: uninit reason 7
0	15:32:17.103	ZigZag&HiLoValues v2.4 US30,M1: uninit reason 7
0	15:32:17.104	Magnified_Market_Price US30,M1: uninit reason 7
0	15:32:17.104	Semafor (1ball) US30,M1: uninit reason 7
0	15:32:17.104	pipsometer_5_decimal US30,M1: uninit reason 7
0	15:32:17.104	SweetSpotsGOLD_TRO_MODIFIED_VERSION(Bullforyou.com) US30,M1: uninit reason 7
0	15:32:17.105	TMA+CG mladen NRP TEAMTRADER7 US30,M1: uninit reason 7
0	15:32:17.108	LSMA_in_Color US30,M1: uninit reason 7
0	15:32:17.108	ZeroLag_MACD US30,M1: uninit reason 7
0	15:32:17.108	Divergence_MACD_FX5_V1.1 US30,M1: uninit reason 7
0	15:32:17.108	ticks-volume4 US30,M1: uninit reason 7
0	15:32:17.110	Custom indicator MarketMarkers_v1.1 US30,M1: removed
0	15:32:17.111	Custom indicator _HOD_LOD_Close_1 US30,M1: removed
0	15:32:17.113	Custom indicator HighLight_Pins US30,M1: removed
0	15:32:17.115	Custom indicator ZigZag&HiLoValues v2.4 US30,M1: removed
0	15:32:17.116	Custom indicator Magnified_Market_Price US30,M1: removed
0	15:32:17.117	Custom indicator Semafor (1ball) US30,M1: removed
0	15:32:17.119	Custom indicator pipsometer_5_decimal US30,M1: removed
0	15:32:17.122	Custom indicator SweetSpotsGOLD_TRO_MODIFIED_VERSION(Bullforyou.com) US30,M1: removed
0	15:32:17.124	Custom indicator TMA+CG mladen NRP TEAMTRADER7 US30,M1: removed
0	15:32:17.126	Custom indicator LSMA_in_Color US30,M1: removed
0	15:32:17.127	Custom indicator ZeroLag_MACD US30,M1: removed
0	15:32:17.129	Custom indicator Divergence_MACD_FX5_V1.1 US30,M1: removed
0	15:32:17.130	Custom indicator ticks-volume4 US30,M1: removed
0	15:32:17.146	Custom indicator MarketMarkers_v1.1 US30,M1: loaded successfully
0	15:32:17.157	Custom indicator _HOD_LOD_Close_1 US30,M1: loaded successfully
0	15:32:17.167	Custom indicator HighLight_Pins US30,M1: loaded successfully
0	15:32:17.180	Custom indicator ZigZag&HiLoValues v2.4 US30,M1: loaded successfully
0	15:32:17.190	Custom indicator Magnified_Market_Price US30,M1: loaded successfully
0	15:32:17.201	Custom indicator Semafor (1ball) US30,M1: loaded successfully
0	15:32:17.211	Custom indicator pipsometer_5_decimal US30,M1: loaded successfully
0	15:32:17.223	Custom indicator SweetSpotsGOLD_TRO_MODIFIED_VERSION(Bullforyou.com) US30,M1: loaded successfully
0	15:32:17.233	Custom indicator TMA+CG mladen NRP TEAMTRADER7 US30,M1: loaded successfully
0	15:32:17.244	Custom indicator LSMA_in_Color US30,M1: loaded successfully
0	15:32:17.254	Custom indicator ZeroLag_MACD US30,M1: loaded successfully
0	15:32:17.265	Custom indicator Divergence_MACD_FX5_V1.1 US30,M1: loaded successfully
0	15:32:17.276	Custom indicator ticks-volume4 US30,M1: loaded successfully
0	15:32:17.356	MarketMarkers_v1.1 US30,M1: initialized
0	15:32:17.374	_HOD_LOD_Close_1 US30,M1: initialized
0	15:32:17.389	HighLight_Pins US30,M1: initialized
0	15:32:17.435	ZigZag&HiLoValues v2.4 US30,M1: initialized
0	15:32:17.447	Magnified_Market_Price US30,M1: initialized
0	15:32:17.460	Semafor (1ball) US30,M1: initialized
0	15:32:17.482	pipsometer_5_decimal US30,M1: initialized
0	15:32:17.501	SweetSpotsGOLD_TRO_MODIFIED_VERSION(Bullforyou.com) US30,M1: initialized
0	15:32:17.518	TMA+CG mladen NRP TEAMTRADER7 US30,M1: initialized
0	15:32:17.531	LSMA_in_Color US30,M1: initialized
0	15:32:17.544	ZeroLag_MACD US30,M1: initialized
0	15:32:17.563	Divergence_MACD_FX5_V1.1 US30,M1: initialized
0	15:32:17.580	ticks-volume4 US30,M1: initialized
0	15:32:32.570	TMA+CG mladen NRP TEAMTRADER7 US30,M15: uninit reason 7
0	15:32:32.572	TMA TRUE v2 US30,M15: uninit reason 7
0	15:32:32.574	Custom indicator TMA+CG mladen NRP TEAMTRADER7 US30,M15: removed
0	15:32:32.576	Custom indicator TMA TRUE v2 US30,M15: removed
0	15:32:32.627	Custom indicator MarketMarkers_v1.1 US30,M15: loaded successfully
0	15:32:32.641	Custom indicator _HOD_LOD_Close_1 US30,M15: loaded successfully
0	15:32:32.652	Custom indicator HighLight_Pins US30,M15: loaded successfully
0	15:32:32.663	Custom indicator ZigZag&HiLoValues v2.4 US30,M15: loaded successfully
0	15:32:32.676	Custom indicator Magnified_Market_Price US30,M15: loaded successfully
0	15:32:32.687	Custom indicator Semafor (1ball) US30,M15: loaded successfully
3	15:32:32.688	cannot open file 'C:\Users\Admin\AppData\Roaming\MetaQuotes\Terminal\305EEB173F1063651E07AC733A59CDEC\MQL4\indicators\Xandra\SupResI.ex4' [3]
0	15:32:32.699	Custom indicator pipsometer_5_decimal US30,M15: loaded successfully
0	15:32:32.712	Custom indicator SweetSpotsGOLD_TRO_MODIFIED_VERSION(Bullforyou.com) US30,M15: loaded successfully
0	15:32:32.724	Custom indicator TMA+CG mladen NRP TEAMTRADER7 US30,M15: loaded successfully
0	15:32:32.735	Custom indicator LSMA_in_Color US30,M15: loaded successfully
0	15:32:32.745	Custom indicator ZeroLag_MACD US30,M15: loaded successfully
0	15:32:32.776	Custom indicator Divergence_MACD_FX5_V1.1 US30,M15: loaded successfully
0	15:32:32.786	Custom indicator ticks-volume4 US30,M15: loaded successfully
0	15:32:32.807	Expert EdhoTraderToolEA US30,M15: loaded successfully
0	15:32:32.807	EdhoTraderToolEA US30,M15 inputs: MMHELP=MoneyManagement; RiskMethod=0; LotSize=0.1; Percent=0.5; Amount=10.0; StopLoss=1500; TakeProfit=5000; Slippage=3; NotifyByAlert=true; Comm=ALT; UseMainComment=false; useSLTPLines=true; Line1=L1; Line2=L2; GUIMode=0; UseExtraButton=true; ebhlp=EXTRA CLOSE BUTTON POSITION; ExtraButtonCorner=3; ExtraButtonXOffset=10; ExtraButtonYOffset=160; ExtraButtonW=100; ExtraButtonH=70; BEPips=1000.0; BEPlusPips=3.0; AutoSL=1000.0; PartialClose=0.0; FontSize=11; ButtonWidth=80; ButtonHeight=30; ResetTPLName=; linetraderinfo=*********************; Help=Put OCO after command to name if u want OCO group; Help1=Example - BAOCO, BAOCO1, SBOCO; Help2=If any OCO line is hit, all other are canceled; LotSizeHelp=L[...] specific lotsize; CommentHelp=C[..] specific comment; TrackingHelp=T(..) tracking object; RabbitHelp=R[20 10] start step; OpenOrdersSection=******************; BuyAboveLineName=BA; BuyAboveLineColor=16711680; BuyBelowLineName=BB; BuyBelowLineColor=16711680; SellAboveLineName=SA; SellAboveLineColor=255; 
0	15:32:32.887	MarketMarkers_v1.1 US30,M15: initialized
0	15:32:32.905	_HOD_LOD_Close_1 US30,M15: initialized
0	15:32:32.921	HighLight_Pins US30,M15: initialized
0	15:32:32.968	ZigZag&HiLoValues v2.4 US30,M15: initialized
0	15:32:32.980	Magnified_Market_Price US30,M15: initialized
0	15:32:32.993	Semafor (1ball) US30,M15: initialized
0	15:32:33.016	pipsometer_5_decimal US30,M15: initialized
0	15:32:33.036	SweetSpotsGOLD_TRO_MODIFIED_VERSION(Bullforyou.com) US30,M15: initialized
0	15:32:33.055	TMA+CG mladen NRP TEAMTRADER7 US30,M15: initialized
0	15:32:33.068	LSMA_in_Color US30,M15: initialized
0	15:32:33.081	ZeroLag_MACD US30,M15: initialized
0	15:32:33.103	Divergence_MACD_FX5_V1.1 US30,M15: initialized
0	15:32:33.119	ticks-volume4 US30,M15: initialized
0	15:32:33.814	EdhoTraderToolEA US30,M15: initialized
0	15:33:20.506	EdhoTraderToolEA US30,M15: uninit reason 5
0	15:33:20.518	EdhoTraderToolEA US30,M15: initialized
0	15:33:20.569	EdhoTraderToolEA US30,M15 inputs: MMHELP=MoneyManagement; RiskMethod=0; LotSize=0.1; Percent=0.5; Amount=10.0; StopLoss=1500; TakeProfit=5000; Slippage=3; NotifyByAlert=true; Comm=ALT; UseMainComment=false; useSLTPLines=true; Line1=L1; Line2=L2; GUIMode=0; UseExtraButton=true; ebhlp=EXTRA CLOSE BUTTON POSITION; ExtraButtonCorner=3; ExtraButtonXOffset=10; ExtraButtonYOffset=160; ExtraButtonW=100; ExtraButtonH=70; BEPips=1000.0; BEPlusPips=3.0; AutoSL=1000.0; PartialClose=0.0; FontSize=11; ButtonWidth=80; ButtonHeight=30; ResetTPLName=; linetraderinfo=*********************; Help=Put OCO after command to name if u want OCO group; Help1=Example - BAOCO, BAOCO1, SBOCO; Help2=If any OCO line is hit, all other are canceled; LotSizeHelp=L[...] specific lotsize; CommentHelp=C[..] specific comment; TrackingHelp=T(..) tracking object; RabbitHelp=R[20 10] start step; OpenOrdersSection=******************; BuyAboveLineName=BA; BuyAboveLineColor=16711680; BuyBelowLineName=BB; BuyBelowLineColor=16711680; SellAboveLineName=SA; SellAboveLineColor=255; 
0	15:34:13.465	TMA+CG mladen NRP TEAMTRADER7 US30,M15: uninit reason 5
0	15:34:13.504	TMA+CG mladen NRP TEAMTRADER7 US30,M15: initialized
0	15:34:25.843	HighLight_Pins US30,M15: uninit reason 5
0	15:34:25.876	HighLight_Pins US30,M15: initialized
0	15:34:54.040	MarketMarkers_v1.1 US30,M1: uninit reason 7
0	15:34:54.041	_HOD_LOD_Close_1 US30,M1: uninit reason 7
0	15:34:54.041	HighLight_Pins US30,M1: uninit reason 7
0	15:34:54.044	ZigZag&HiLoValues v2.4 US30,M1: uninit reason 7
0	15:34:54.044	Magnified_Market_Price US30,M1: uninit reason 7
0	15:34:54.045	Semafor (1ball) US30,M1: uninit reason 7
0	15:34:54.045	pipsometer_5_decimal US30,M1: uninit reason 7
0	15:34:54.045	SweetSpotsGOLD_TRO_MODIFIED_VERSION(Bullforyou.com) US30,M1: uninit reason 7
0	15:34:54.046	TMA+CG mladen NRP TEAMTRADER7 US30,M1: uninit reason 7
0	15:34:54.049	LSMA_in_Color US30,M1: uninit reason 7
0	15:34:54.049	ZeroLag_MACD US30,M1: uninit reason 7
0	15:34:54.049	Divergence_MACD_FX5_V1.1 US30,M1: uninit reason 7
0	15:34:54.049	ticks-volume4 US30,M1: uninit reason 7
0	15:34:54.051	Custom indicator MarketMarkers_v1.1 US30,M1: removed
0	15:34:54.060	Custom indicator _HOD_LOD_Close_1 US30,M1: removed
0	15:34:54.061	Custom indicator HighLight_Pins US30,M1: removed
0	15:34:54.063	Custom indicator ZigZag&HiLoValues v2.4 US30,M1: removed
0	15:34:54.065	Custom indicator Magnified_Market_Price US30,M1: removed
0	15:34:54.067	Custom indicator Semafor (1ball) US30,M1: removed
0	15:34:54.069	Custom indicator pipsometer_5_decimal US30,M1: removed
0	15:34:54.071	Custom indicator SweetSpotsGOLD_TRO_MODIFIED_VERSION(Bullforyou.com) US30,M1: removed
0	15:34:54.073	Custom indicator TMA+CG mladen NRP TEAMTRADER7 US30,M1: removed
0	15:34:54.076	Custom indicator LSMA_in_Color US30,M1: removed
0	15:34:54.079	Custom indicator ZeroLag_MACD US30,M1: removed
0	15:34:54.080	Custom indicator Divergence_MACD_FX5_V1.1 US30,M1: removed
0	15:34:54.082	Custom indicator ticks-volume4 US30,M1: removed
0	15:34:54.115	Custom indicator MarketMarkers_v1.1 US30,M1: loaded successfully
0	15:34:54.129	Custom indicator _HOD_LOD_Close_1 US30,M1: loaded successfully
0	15:34:54.141	Custom indicator HighLight_Pins US30,M1: loaded successfully
0	15:34:54.153	Custom indicator ZigZag&HiLoValues v2.4 US30,M1: loaded successfully
0	15:34:54.167	Custom indicator Magnified_Market_Price US30,M1: loaded successfully
0	15:34:54.179	Custom indicator Semafor (1ball) US30,M1: loaded successfully
0	15:34:54.191	Custom indicator pipsometer_5_decimal US30,M1: loaded successfully
0	15:34:54.204	Custom indicator SweetSpotsGOLD_TRO_MODIFIED_VERSION(Bullforyou.com) US30,M1: loaded successfully
0	15:34:54.216	Custom indicator TMA+CG mladen NRP TEAMTRADER7 US30,M1: loaded successfully
0	15:34:54.227	Custom indicator LSMA_in_Color US30,M1: loaded successfully
0	15:34:54.237	Custom indicator ZeroLag_MACD US30,M1: loaded successfully
0	15:34:54.262	Custom indicator Divergence_MACD_FX5_V1.1 US30,M1: loaded successfully
0	15:34:54.275	Custom indicator ticks-volume4 US30,M1: loaded successfully
0	15:34:54.288	Expert EdhoTraderToolEA US30,M1: loaded successfully
0	15:34:54.288	EdhoTraderToolEA US30,M1 inputs: MMHELP=MoneyManagement; RiskMethod=0; LotSize=0.1; Percent=0.5; Amount=10.0; StopLoss=1500; TakeProfit=5000; Slippage=3; NotifyByAlert=true; Comm=ALT; UseMainComment=false; useSLTPLines=true; Line1=L1; Line2=L2; GUIMode=0; UseExtraButton=true; ebhlp=EXTRA CLOSE BUTTON POSITION; ExtraButtonCorner=3; ExtraButtonXOffset=10; ExtraButtonYOffset=160; ExtraButtonW=100; ExtraButtonH=70; BEPips=1000.0; BEPlusPips=3.0; AutoSL=1000.0; PartialClose=0.0; FontSize=11; ButtonWidth=80; ButtonHeight=30; ResetTPLName=; linetraderinfo=*********************; Help=Put OCO after command to name if u want OCO group; Help1=Example - BAOCO, BAOCO1, SBOCO; Help2=If any OCO line is hit, all other are canceled; LotSizeHelp=L[...] specific lotsize; CommentHelp=C[..] specific comment; TrackingHelp=T(..) tracking object; RabbitHelp=R[20 10] start step; OpenOrdersSection=******************; BuyAboveLineName=BA; BuyAboveLineColor=16711680; BuyBelowLineName=BB; BuyBelowLineColor=16711680; SellAboveLineName=SA; SellAboveLineColor=255; 
0	15:34:54.375	MarketMarkers_v1.1 US30,M1: initialized
0	15:34:54.393	_HOD_LOD_Close_1 US30,M1: initialized
0	15:34:54.406	HighLight_Pins US30,M1: initialized
0	15:34:54.453	ZigZag&HiLoValues v2.4 US30,M1: initialized
0	15:34:54.466	Magnified_Market_Price US30,M1: initialized
0	15:34:54.478	Semafor (1ball) US30,M1: initialized
0	15:34:54.503	pipsometer_5_decimal US30,M1: initialized
0	15:34:54.523	SweetSpotsGOLD_TRO_MODIFIED_VERSION(Bullforyou.com) US30,M1: initialized
0	15:34:54.541	TMA+CG mladen NRP TEAMTRADER7 US30,M1: initialized
0	15:34:54.554	LSMA_in_Color US30,M1: initialized
0	15:34:54.567	ZeroLag_MACD US30,M1: initialized
0	15:34:54.588	Divergence_MACD_FX5_V1.1 US30,M1: initialized
0	15:34:54.602	ticks-volume4 US30,M1: initialized
0	15:34:55.179	EdhoTraderToolEA US30,M1: initialized
0	15:35:07.078	MarketMarkers_v1.1 US30,M15: uninit reason 7
0	15:35:07.082	_HOD_LOD_Close_1 US30,M15: uninit reason 7
0	15:35:07.082	HighLight_Pins US30,M15: uninit reason 7
0	15:35:07.084	ZigZag&HiLoValues v2.4 US30,M15: uninit reason 7
0	15:35:07.086	Magnified_Market_Price US30,M15: uninit reason 7
0	15:35:07.087	Semafor (1ball) US30,M15: uninit reason 7
0	15:35:07.087	pipsometer_5_decimal US30,M15: uninit reason 7
0	15:35:07.087	SweetSpotsGOLD_TRO_MODIFIED_VERSION(Bullforyou.com) US30,M15: uninit reason 7
0	15:35:07.090	TMA+CG mladen NRP TEAMTRADER7 US30,M15: uninit reason 7
0	15:35:07.092	LSMA_in_Color US30,M15: uninit reason 7
0	15:35:07.092	ZeroLag_MACD US30,M15: uninit reason 7
0	15:35:07.092	Divergence_MACD_FX5_V1.1 US30,M15: uninit reason 7
0	15:35:07.110	ticks-volume4 US30,M15: uninit reason 7
0	15:35:07.110	EdhoTraderToolEA US30,M15: uninit reason 7
0	15:35:07.117	Expert EdhoTraderToolEA US30,M15: removed
0	15:35:07.119	Custom indicator MarketMarkers_v1.1 US30,M15: removed
0	15:35:07.120	Custom indicator _HOD_LOD_Close_1 US30,M15: removed
0	15:35:07.122	Custom indicator HighLight_Pins US30,M15: removed
0	15:35:07.123	Custom indicator ZigZag&HiLoValues v2.4 US30,M15: removed
0	15:35:07.124	Custom indicator Magnified_Market_Price US30,M15: removed
0	15:35:07.126	Custom indicator Semafor (1ball) US30,M15: removed
0	15:35:07.128	Custom indicator pipsometer_5_decimal US30,M15: removed
0	15:35:07.129	Custom indicator SweetSpotsGOLD_TRO_MODIFIED_VERSION(Bullforyou.com) US30,M15: removed
0	15:35:07.132	Custom indicator TMA+CG mladen NRP TEAMTRADER7 US30,M15: removed
0	15:35:07.133	Custom indicator LSMA_in_Color US30,M15: removed
0	15:35:07.135	Custom indicator ZeroLag_MACD US30,M15: removed
0	15:35:07.136	Custom indicator Divergence_MACD_FX5_V1.1 US30,M15: removed
0	15:35:07.137	Custom indicator ticks-volume4 US30,M15: removed
0	15:35:07.148	Custom indicator TMA+CG mladen NRP TEAMTRADER7 US30,M15: loaded successfully
0	15:35:07.158	Custom indicator TMA TRUE v2 US30,M15: loaded successfully
0	15:35:07.177	TMA+CG mladen NRP TEAMTRADER7 US30,M15: initialized
0	15:35:07.191	TMA TRUE v2 US30,M15: initialized
0	15:35:26.332	MarketMarkers_v1.1 US30,M1: uninit reason 3
0	15:35:26.332	_HOD_LOD_Close_1 US30,M1: uninit reason 3
0	15:35:26.332	HighLight_Pins US30,M1: uninit reason 3
0	15:35:26.334	ZigZag&HiLoValues v2.4 US30,M1: uninit reason 3
0	15:35:26.334	Magnified_Market_Price US30,M1: uninit reason 3
0	15:35:26.334	Semafor (1ball) US30,M1: uninit reason 3
0	15:35:26.334	pipsometer_5_decimal US30,M1: uninit reason 3
0	15:35:26.334	SweetSpotsGOLD_TRO_MODIFIED_VERSION(Bullforyou.com) US30,M1: uninit reason 3
0	15:35:26.335	TMA+CG mladen NRP TEAMTRADER7 US30,M1: uninit reason 3
0	15:35:26.336	LSMA_in_Color US30,M1: uninit reason 3
0	15:35:26.336	ZeroLag_MACD US30,M1: uninit reason 3
0	15:35:26.337	Divergence_MACD_FX5_V1.1 US30,M1: uninit reason 3
0	15:35:26.337	ticks-volume4 US30,M1: uninit reason 3
0	15:35:26.338	MarketMarkers_v1.1 US30,M5: initialized
0	15:35:26.338	_HOD_LOD_Close_1 US30,M5: initialized
0	15:35:26.338	HighLight_Pins US30,M5: initialized
0	15:35:26.338	ZigZag&HiLoValues v2.4 US30,M5: initialized
0	15:35:26.339	Magnified_Market_Price US30,M5: initialized
0	15:35:26.339	Semafor (1ball) US30,M5: initialized
0	15:35:26.339	pipsometer_5_decimal US30,M5: initialized
0	15:35:26.339	SweetSpotsGOLD_TRO_MODIFIED_VERSION(Bullforyou.com) US30,M5: initialized
0	15:35:26.339	TMA+CG mladen NRP TEAMTRADER7 US30,M5: initialized
0	15:35:26.339	LSMA_in_Color US30,M5: initialized
0	15:35:26.339	ZeroLag_MACD US30,M5: initialized
0	15:35:26.339	Divergence_MACD_FX5_V1.1 US30,M5: initialized
0	15:35:26.339	ticks-volume4 US30,M5: initialized
0	15:36:25.639	EdhoTraderToolEA US30,M1: Ticket_ModifySLTPPrice on ticket 87021199 sl=34141.00 tp=-1.00
2	15:36:25.846	EdhoTraderToolEA US30,M1: modify #87021199 buy 0.01 US30 at 34151.00 sl: 34141.00 tp: 0.00 ok
2	15:37:12.867	EdhoTraderToolEA US30,M1: close #87021199 buy 0.01 US30 at 34151.00 sl: 34141.00 at price 34168.00
0	15:44:10.360	MarketMarkers_v1.1 US30,M1: uninit reason 7
0	15:44:10.364	_HOD_LOD_Close_1 US30,M1: uninit reason 7
0	15:44:10.364	HighLight_Pins US30,M1: uninit reason 7
0	15:44:10.366	ZigZag&HiLoValues v2.4 US30,M1: uninit reason 7
0	15:44:10.369	Magnified_Market_Price US30,M1: uninit reason 7
0	15:44:10.369	Semafor (1ball) US30,M1: uninit reason 7
0	15:44:10.369	pipsometer_5_decimal US30,M1: uninit reason 7
0	15:44:10.369	SweetSpotsGOLD_TRO_MODIFIED_VERSION(Bullforyou.com) US30,M1: uninit reason 7
0	15:44:10.373	TMA+CG mladen NRP TEAMTRADER7 US30,M1: uninit reason 7
0	15:44:10.375	LSMA_in_Color US30,M1: uninit reason 7
0	15:44:10.375	ZeroLag_MACD US30,M1: uninit reason 7
0	15:44:10.375	Divergence_MACD_FX5_V1.1 US30,M1: uninit reason 7
0	15:44:10.394	ticks-volume4 US30,M1: uninit reason 7
0	15:44:10.395	EdhoTraderToolEA US30,M1: uninit reason 7
0	15:44:10.412	Expert EdhoTraderToolEA US30,M1: removed
0	15:44:10.414	Custom indicator MarketMarkers_v1.1 US30,M1: removed
0	15:44:10.416	Custom indicator _HOD_LOD_Close_1 US30,M1: removed
0	15:44:10.418	Custom indicator HighLight_Pins US30,M1: removed
0	15:44:10.419	Custom indicator ZigZag&HiLoValues v2.4 US30,M1: removed
0	15:44:10.421	Custom indicator Magnified_Market_Price US30,M1: removed
0	15:44:10.422	Custom indicator Semafor (1ball) US30,M1: removed
0	15:44:10.423	Custom indicator pipsometer_5_decimal US30,M1: removed
0	15:44:10.425	Custom indicator SweetSpotsGOLD_TRO_MODIFIED_VERSION(Bullforyou.com) US30,M1: removed
0	15:44:10.426	Custom indicator TMA+CG mladen NRP TEAMTRADER7 US30,M1: removed
0	15:44:10.427	Custom indicator LSMA_in_Color US30,M1: removed
0	15:44:10.428	Custom indicator ZeroLag_MACD US30,M1: removed
0	15:44:10.430	Custom indicator Divergence_MACD_FX5_V1.1 US30,M1: removed
0	15:44:10.431	Custom indicator ticks-volume4 US30,M1: removed
0	15:44:10.461	Custom indicator MarketMarkers_v1.1 US30,M1: loaded successfully
0	15:44:10.472	Custom indicator _HOD_LOD_Close_1 US30,M1: loaded successfully
0	15:44:10.485	Custom indicator HighLight_Pins US30,M1: loaded successfully
0	15:44:10.496	Custom indicator ZigZag&HiLoValues v2.4 US30,M1: loaded successfully
0	15:44:10.506	Custom indicator Magnified_Market_Price US30,M1: loaded successfully
0	15:44:10.515	Custom indicator Semafor (1ball) US30,M1: loaded successfully
0	15:44:10.526	Custom indicator pipsometer_5_decimal US30,M1: loaded successfully
0	15:44:10.538	Custom indicator SweetSpotsGOLD_TRO_MODIFIED_VERSION(Bullforyou.com) US30,M1: loaded successfully
0	15:44:10.550	Custom indicator TMA+CG mladen NRP TEAMTRADER7 US30,M1: loaded successfully
0	15:44:10.560	Custom indicator LSMA_in_Color US30,M1: loaded successfully
0	15:44:10.571	Custom indicator ZeroLag_MACD US30,M1: loaded successfully
0	15:44:10.597	Custom indicator Divergence_MACD_FX5_V1.1 US30,M1: loaded successfully
0	15:44:10.608	Custom indicator ticks-volume4 US30,M1: loaded successfully
0	15:44:10.622	Expert EdhoTraderToolEA US30,M1: loaded successfully
0	15:44:10.622	EdhoTraderToolEA US30,M1 inputs: MMHELP=MoneyManagement; RiskMethod=0; LotSize=0.1; Percent=0.5; Amount=10.0; StopLoss=1500; TakeProfit=5000; Slippage=3; NotifyByAlert=true; Comm=ALT; UseMainComment=false; useSLTPLines=true; Line1=L1; Line2=L2; GUIMode=0; UseExtraButton=true; ebhlp=EXTRA CLOSE BUTTON POSITION; ExtraButtonCorner=3; ExtraButtonXOffset=10; ExtraButtonYOffset=160; ExtraButtonW=100; ExtraButtonH=70; BEPips=1000.0; BEPlusPips=3.0; AutoSL=1000.0; PartialClose=0.0; FontSize=11; ButtonWidth=80; ButtonHeight=30; ResetTPLName=; linetraderinfo=*********************; Help=Put OCO after command to name if u want OCO group; Help1=Example - BAOCO, BAOCO1, SBOCO; Help2=If any OCO line is hit, all other are canceled; LotSizeHelp=L[...] specific lotsize; CommentHelp=C[..] specific comment; TrackingHelp=T(..) tracking object; RabbitHelp=R[20 10] start step; OpenOrdersSection=******************; BuyAboveLineName=BA; BuyAboveLineColor=16711680; BuyBelowLineName=BB; BuyBelowLineColor=16711680; SellAboveLineName=SA; SellAboveLineColor=255; 
0	15:44:10.705	MarketMarkers_v1.1 US30,M1: initialized
0	15:44:10.723	_HOD_LOD_Close_1 US30,M1: initialized
0	15:44:10.737	HighLight_Pins US30,M1: initialized
0	15:44:10.784	ZigZag&HiLoValues v2.4 US30,M1: initialized
0	15:44:10.795	Magnified_Market_Price US30,M1: initialized
0	15:44:10.809	Semafor (1ball) US30,M1: initialized
0	15:44:10.833	pipsometer_5_decimal US30,M1: initialized
0	15:44:10.855	SweetSpotsGOLD_TRO_MODIFIED_VERSION(Bullforyou.com) US30,M1: initialized
0	15:44:10.874	TMA+CG mladen NRP TEAMTRADER7 US30,M1: initialized
0	15:44:10.889	LSMA_in_Color US30,M1: initialized
0	15:44:10.901	ZeroLag_MACD US30,M1: initialized
0	15:44:10.920	Divergence_MACD_FX5_V1.1 US30,M1: initialized
0	15:44:10.935	ticks-volume4 US30,M1: initialized
0	15:44:11.487	EdhoTraderToolEA US30,M1: initialized
0	15:45:20.905	MarketMarkers_v1.1 US30,M5: uninit reason 3
0	15:45:20.906	_HOD_LOD_Close_1 US30,M5: uninit reason 3
0	15:45:20.906	HighLight_Pins US30,M5: uninit reason 3
0	15:45:20.907	ZigZag&HiLoValues v2.4 US30,M5: uninit reason 3
0	15:45:20.907	Magnified_Market_Price US30,M5: uninit reason 3
0	15:45:20.907	Semafor (1ball) US30,M5: uninit reason 3
0	15:45:20.907	pipsometer_5_decimal US30,M5: uninit reason 3
0	15:45:20.907	SweetSpotsGOLD_TRO_MODIFIED_VERSION(Bullforyou.com) US30,M5: uninit reason 3
0	15:45:20.908	TMA+CG mladen NRP TEAMTRADER7 US30,M5: uninit reason 3
0	15:45:20.910	LSMA_in_Color US30,M5: uninit reason 3
0	15:45:20.910	ZeroLag_MACD US30,M5: uninit reason 3
0	15:45:20.910	Divergence_MACD_FX5_V1.1 US30,M5: uninit reason 3
0	15:45:20.911	ticks-volume4 US30,M5: uninit reason 3
0	15:45:20.911	MarketMarkers_v1.1 US30,M1: initialized
0	15:45:20.911	_HOD_LOD_Close_1 US30,M1: initialized
0	15:45:20.911	HighLight_Pins US30,M1: initialized
0	15:45:20.911	ZigZag&HiLoValues v2.4 US30,M1: initialized
0	15:45:20.911	Magnified_Market_Price US30,M1: initialized
0	15:45:20.911	Semafor (1ball) US30,M1: initialized
0	15:45:20.911	pipsometer_5_decimal US30,M1: initialized
0	15:45:20.911	SweetSpotsGOLD_TRO_MODIFIED_VERSION(Bullforyou.com) US30,M1: initialized
0	15:45:20.911	TMA+CG mladen NRP TEAMTRADER7 US30,M1: initialized
0	15:45:20.911	LSMA_in_Color US30,M1: initialized
0	15:45:20.911	ZeroLag_MACD US30,M1: initialized
0	15:45:20.911	Divergence_MACD_FX5_V1.1 US30,M1: initialized
0	15:45:20.912	ticks-volume4 US30,M1: initialized
0	15:45:28.727	MarketMarkers_v1.1 US30,M1: uninit reason 3
0	15:45:28.727	_HOD_LOD_Close_1 US30,M1: uninit reason 3
0	15:45:28.727	HighLight_Pins US30,M1: uninit reason 3
0	15:45:28.729	ZigZag&HiLoValues v2.4 US30,M1: uninit reason 3
0	15:45:28.729	Magnified_Market_Price US30,M1: uninit reason 3
0	15:45:28.729	Semafor (1ball) US30,M1: uninit reason 3
0	15:45:28.729	pipsometer_5_decimal US30,M1: uninit reason 3
0	15:45:28.729	SweetSpotsGOLD_TRO_MODIFIED_VERSION(Bullforyou.com) US30,M1: uninit reason 3
0	15:45:28.729	TMA+CG mladen NRP TEAMTRADER7 US30,M1: uninit reason 3
0	15:45:28.732	LSMA_in_Color US30,M1: uninit reason 3
0	15:45:28.732	ZeroLag_MACD US30,M1: uninit reason 3
0	15:45:28.732	Divergence_MACD_FX5_V1.1 US30,M1: uninit reason 3
0	15:45:28.732	ticks-volume4 US30,M1: uninit reason 3
0	15:45:28.733	MarketMarkers_v1.1 US30,M15: initialized
0	15:45:28.733	_HOD_LOD_Close_1 US30,M15: initialized
0	15:45:28.733	HighLight_Pins US30,M15: initialized
0	15:45:28.733	ZigZag&HiLoValues v2.4 US30,M15: initialized
0	15:45:28.733	Magnified_Market_Price US30,M15: initialized
0	15:45:28.733	Semafor (1ball) US30,M15: initialized
0	15:45:28.733	pipsometer_5_decimal US30,M15: initialized
0	15:45:28.733	SweetSpotsGOLD_TRO_MODIFIED_VERSION(Bullforyou.com) US30,M15: initialized
0	15:45:28.733	TMA+CG mladen NRP TEAMTRADER7 US30,M15: initialized
0	15:45:28.733	LSMA_in_Color US30,M15: initialized
0	15:45:28.733	ZeroLag_MACD US30,M15: initialized
0	15:45:28.733	Divergence_MACD_FX5_V1.1 US30,M15: initialized
0	15:45:28.733	ticks-volume4 US30,M15: initialized
0	15:45:45.135	MarketMarkers_v1.1 US30,M15: uninit reason 3
0	15:45:45.136	_HOD_LOD_Close_1 US30,M15: uninit reason 3
0	15:45:45.136	HighLight_Pins US30,M15: uninit reason 3
0	15:45:45.137	ZigZag&HiLoValues v2.4 US30,M15: uninit reason 3
0	15:45:45.138	Magnified_Market_Price US30,M15: uninit reason 3
0	15:45:45.138	Semafor (1ball) US30,M15: uninit reason 3
0	15:45:45.138	pipsometer_5_decimal US30,M15: uninit reason 3
0	15:45:45.138	SweetSpotsGOLD_TRO_MODIFIED_VERSION(Bullforyou.com) US30,M15: uninit reason 3
0	15:45:45.138	TMA+CG mladen NRP TEAMTRADER7 US30,M15: uninit reason 3
0	15:45:45.140	LSMA_in_Color US30,M15: uninit reason 3
0	15:45:45.140	ZeroLag_MACD US30,M15: uninit reason 3
0	15:45:45.140	Divergence_MACD_FX5_V1.1 US30,M15: uninit reason 3
0	15:45:45.141	ticks-volume4 US30,M15: uninit reason 3
0	15:45:45.141	MarketMarkers_v1.1 US30,M30: initialized
0	15:45:45.141	_HOD_LOD_Close_1 US30,M30: initialized
0	15:45:45.141	HighLight_Pins US30,M30: initialized
0	15:45:45.141	ZigZag&HiLoValues v2.4 US30,M30: initialized
0	15:45:45.141	Magnified_Market_Price US30,M30: initialized
0	15:45:45.141	Semafor (1ball) US30,M30: initialized
0	15:45:45.141	pipsometer_5_decimal US30,M30: initialized
0	15:45:45.141	SweetSpotsGOLD_TRO_MODIFIED_VERSION(Bullforyou.com) US30,M30: initialized
0	15:45:45.141	TMA+CG mladen NRP TEAMTRADER7 US30,M30: initialized
0	15:45:45.141	LSMA_in_Color US30,M30: initialized
0	15:45:45.141	ZeroLag_MACD US30,M30: initialized
0	15:45:45.141	Divergence_MACD_FX5_V1.1 US30,M30: initialized
0	15:45:45.142	ticks-volume4 US30,M30: initialized
0	15:45:54.636	MarketMarkers_v1.1 US30,M30: uninit reason 3
0	15:45:54.636	_HOD_LOD_Close_1 US30,M30: uninit reason 3
0	15:45:54.636	HighLight_Pins US30,M30: uninit reason 3
0	15:45:54.636	ZigZag&HiLoValues v2.4 US30,M30: uninit reason 3
0	15:45:54.636	Magnified_Market_Price US30,M30: uninit reason 3
0	15:45:54.636	Semafor (1ball) US30,M30: uninit reason 3
0	15:45:54.636	pipsometer_5_decimal US30,M30: uninit reason 3
0	15:45:54.636	SweetSpotsGOLD_TRO_MODIFIED_VERSION(Bullforyou.com) US30,M30: uninit reason 3
0	15:45:54.637	TMA+CG mladen NRP TEAMTRADER7 US30,M30: uninit reason 3
0	15:45:54.638	LSMA_in_Color US30,M30: uninit reason 3
0	15:45:54.638	ZeroLag_MACD US30,M30: uninit reason 3
0	15:45:54.638	Divergence_MACD_FX5_V1.1 US30,M30: uninit reason 3
0	15:45:54.638	ticks-volume4 US30,M30: uninit reason 3
0	15:45:54.639	MarketMarkers_v1.1 US30,M1: initialized
0	15:45:54.639	_HOD_LOD_Close_1 US30,M1: initialized
0	15:45:54.639	HighLight_Pins US30,M1: initialized
0	15:45:54.639	ZigZag&HiLoValues v2.4 US30,M1: initialized
0	15:45:54.639	Magnified_Market_Price US30,M1: initialized
0	15:45:54.639	Semafor (1ball) US30,M1: initialized
0	15:45:54.639	pipsometer_5_decimal US30,M1: initialized
0	15:45:54.639	SweetSpotsGOLD_TRO_MODIFIED_VERSION(Bullforyou.com) US30,M1: initialized
0	15:45:54.639	TMA+CG mladen NRP TEAMTRADER7 US30,M1: initialized
0	15:45:54.639	LSMA_in_Color US30,M1: initialized
0	15:45:54.639	ZeroLag_MACD US30,M1: initialized
0	15:45:54.639	Divergence_MACD_FX5_V1.1 US30,M1: initialized
0	15:45:54.639	ticks-volume4 US30,M1: initialized
0	15:46:53.787	EdhoTraderToolEA US30,M1: Ticket_ModifySLTPPrice on ticket 87022866 sl=34209.00 tp=-1.00
2	15:46:54.171	EdhoTraderToolEA US30,M1: modify #87022866 sell 0.01 US30 at 34199.00 sl: 34209.00 tp: 0.00 ok
0	15:47:53.138	EdhoTraderToolEA US30,M1: Ticket_ModifySLTPPrice on ticket 87022975 sl=34235.00 tp=-1.00
2	15:47:53.569	EdhoTraderToolEA US30,M1: modify #87022975 buy 0.01 US30 at 34245.00 sl: 34235.00 tp: 0.00 ok
0	15:48:34.910	EdhoTraderToolEA US30,M1: Ticket_ModifySLTPPrice on ticket 87023093 sl=34234.00 tp=-1.00
2	15:48:35.380	EdhoTraderToolEA US30,M1: modify #87023093 buy 0.01 US30 at 34244.00 sl: 34234.00 tp: 0.00 ok
0	15:49:26.760	MarketMarkers_v1.1 US30,M1: uninit reason 7
0	15:49:26.764	_HOD_LOD_Close_1 US30,M1: uninit reason 7
0	15:49:26.764	HighLight_Pins US30,M1: uninit reason 7
0	15:49:26.766	ZigZag&HiLoValues v2.4 US30,M1: uninit reason 7
0	15:49:26.768	Magnified_Market_Price US30,M1: uninit reason 7
0	15:49:26.768	Semafor (1ball) US30,M1: uninit reason 7
0	15:49:26.768	pipsometer_5_decimal US30,M1: uninit reason 7
0	15:49:26.768	SweetSpotsGOLD_TRO_MODIFIED_VERSION(Bullforyou.com) US30,M1: uninit reason 7
0	15:49:26.772	TMA+CG mladen NRP TEAMTRADER7 US30,M1: uninit reason 7
0	15:49:26.774	LSMA_in_Color US30,M1: uninit reason 7
0	15:49:26.774	ZeroLag_MACD US30,M1: uninit reason 7
0	15:49:26.774	Divergence_MACD_FX5_V1.1 US30,M1: uninit reason 7
0	15:49:26.795	ticks-volume4 US30,M1: uninit reason 7
0	15:49:26.796	EdhoTraderToolEA US30,M1: uninit reason 7
0	15:49:26.808	Expert EdhoTraderToolEA US30,M1: removed
0	15:49:26.810	Custom indicator MarketMarkers_v1.1 US30,M1: removed
0	15:49:26.811	Custom indicator _HOD_LOD_Close_1 US30,M1: removed
0	15:49:26.812	Custom indicator HighLight_Pins US30,M1: removed
0	15:49:26.814	Custom indicator ZigZag&HiLoValues v2.4 US30,M1: removed
0	15:49:26.816	Custom indicator Magnified_Market_Price US30,M1: removed
0	15:49:26.818	Custom indicator Semafor (1ball) US30,M1: removed
0	15:49:26.819	Custom indicator pipsometer_5_decimal US30,M1: removed
0	15:49:26.820	Custom indicator SweetSpotsGOLD_TRO_MODIFIED_VERSION(Bullforyou.com) US30,M1: removed
0	15:49:26.822	Custom indicator TMA+CG mladen NRP TEAMTRADER7 US30,M1: removed
0	15:49:26.824	Custom indicator LSMA_in_Color US30,M1: removed
0	15:49:26.825	Custom indicator ZeroLag_MACD US30,M1: removed
0	15:49:26.827	Custom indicator Divergence_MACD_FX5_V1.1 US30,M1: removed
0	15:49:26.828	Custom indicator ticks-volume4 US30,M1: removed
0	15:49:26.857	Custom indicator MarketMarkers_v1.1 US30,M1: loaded successfully
0	15:49:26.868	Custom indicator _HOD_LOD_Close_1 US30,M1: loaded successfully
0	15:49:26.879	Custom indicator HighLight_Pins US30,M1: loaded successfully
0	15:49:26.892	Custom indicator ZigZag&HiLoValues v2.4 US30,M1: loaded successfully
0	15:49:26.901	Custom indicator Magnified_Market_Price US30,M1: loaded successfully
0	15:49:26.912	Custom indicator Semafor (1ball) US30,M1: loaded successfully
0	15:49:26.923	Custom indicator pipsometer_5_decimal US30,M1: loaded successfully
0	15:49:26.935	Custom indicator SweetSpotsGOLD_TRO_MODIFIED_VERSION(Bullforyou.com) US30,M1: loaded successfully
0	15:49:26.946	Custom indicator TMA+CG mladen NRP TEAMTRADER7 US30,M1: loaded successfully
0	15:49:26.957	Custom indicator LSMA_in_Color US30,M1: loaded successfully
0	15:49:26.968	Custom indicator ZeroLag_MACD US30,M1: loaded successfully
0	15:49:26.993	Custom indicator Divergence_MACD_FX5_V1.1 US30,M1: loaded successfully
0	15:49:27.003	Custom indicator ticks-volume4 US30,M1: loaded successfully
0	15:49:27.016	Expert EdhoTraderToolEA US30,M1: loaded successfully
0	15:49:27.017	EdhoTraderToolEA US30,M1 inputs: MMHELP=MoneyManagement; RiskMethod=0; LotSize=0.1; Percent=0.5; Amount=10.0; StopLoss=1500; TakeProfit=5000; Slippage=3; NotifyByAlert=true; Comm=ALT; UseMainComment=false; useSLTPLines=true; Line1=L1; Line2=L2; GUIMode=0; UseExtraButton=true; ebhlp=EXTRA CLOSE BUTTON POSITION; ExtraButtonCorner=3; ExtraButtonXOffset=10; ExtraButtonYOffset=160; ExtraButtonW=100; ExtraButtonH=70; BEPips=1000.0; BEPlusPips=3.0; AutoSL=1000.0; PartialClose=0.0; FontSize=11; ButtonWidth=80; ButtonHeight=30; ResetTPLName=; linetraderinfo=*********************; Help=Put OCO after command to name if u want OCO group; Help1=Example - BAOCO, BAOCO1, SBOCO; Help2=If any OCO line is hit, all other are canceled; LotSizeHelp=L[...] specific lotsize; CommentHelp=C[..] specific comment; TrackingHelp=T(..) tracking object; RabbitHelp=R[20 10] start step; OpenOrdersSection=******************; BuyAboveLineName=BA; BuyAboveLineColor=16711680; BuyBelowLineName=BB; BuyBelowLineColor=16711680; SellAboveLineName=SA; SellAboveLineColor=255; 
0	15:49:27.095	MarketMarkers_v1.1 US30,M1: initialized
0	15:49:27.114	_HOD_LOD_Close_1 US30,M1: initialized
0	15:49:27.129	HighLight_Pins US30,M1: initialized
0	15:49:27.178	ZigZag&HiLoValues v2.4 US30,M1: initialized
0	15:49:27.188	Magnified_Market_Price US30,M1: initialized
0	15:49:27.201	Semafor (1ball) US30,M1: initialized
0	15:49:27.225	pipsometer_5_decimal US30,M1: initialized
0	15:49:27.246	SweetSpotsGOLD_TRO_MODIFIED_VERSION(Bullforyou.com) US30,M1: initialized
0	15:49:27.264	TMA+CG mladen NRP TEAMTRADER7 US30,M1: initialized
0	15:49:27.277	LSMA_in_Color US30,M1: initialized
0	15:49:27.289	ZeroLag_MACD US30,M1: initialized
0	15:49:27.314	Divergence_MACD_FX5_V1.1 US30,M1: initialized
0	15:49:27.328	ticks-volume4 US30,M1: initialized
0	15:49:27.911	EdhoTraderToolEA US30,M1: initialized
0	15:49:56.855	EdhoTraderToolEA US30,M1: Ticket_ModifySLTPPrice on ticket 87023270 sl=34249.50 tp=-1.00
2	15:49:57.099	EdhoTraderToolEA US30,M1: modify #87023270 sell 0.01 US30 at 34239.50 sl: 34249.50 tp: 0.00 ok
0	15:49:59.218	EdhoTraderToolEA US30,M1: Ticket_ModifySLTPPrice on ticket 87023270 sl=34239.47 tp=-1.00
2	15:49:59.548	EdhoTraderToolEA US30,M1: modify #87023270 sell 0.01 US30 at 34239.50 sl: 34239.47 tp: 0.00 ok
0	15:49:59.548	EdhoTraderToolEA US30,M1: set ticket 87023270 to BE
0	15:52:42.254	EdhoTraderToolEA US30,M1: Ticket_ModifySLTPPrice on ticket 87023544 sl=34216.50 tp=-1.00
2	15:52:42.563	EdhoTraderToolEA US30,M1: modify #87023544 sell 0.01 US30 at 34206.50 sl: 34216.50 tp: 0.00 ok
0	15:53:28.852	EdhoTraderToolEA US30,M1: uninit reason 3
0	15:53:28.860	MarketMarkers_v1.1 US30,M1: uninit reason 3
0	15:53:28.864	_HOD_LOD_Close_1 US30,M1: uninit reason 3
0	15:53:28.864	HighLight_Pins US30,M1: uninit reason 3
0	15:53:28.865	ZigZag&HiLoValues v2.4 US30,M1: uninit reason 3
0	15:53:28.868	Magnified_Market_Price US30,M1: uninit reason 3
0	15:53:28.868	Semafor (1ball) US30,M1: uninit reason 3
0	15:53:28.868	pipsometer_5_decimal US30,M1: uninit reason 3
0	15:53:28.868	SweetSpotsGOLD_TRO_MODIFIED_VERSION(Bullforyou.com) US30,M1: uninit reason 3
0	15:53:28.871	TMA+CG mladen NRP TEAMTRADER7 US30,M1: uninit reason 3
0	15:53:28.872	LSMA_in_Color US30,M1: uninit reason 3
0	15:53:28.872	ZeroLag_MACD US30,M1: uninit reason 3
0	15:53:28.872	Divergence_MACD_FX5_V1.1 US30,M1: uninit reason 3
0	15:53:28.893	ticks-volume4 US30,M1: uninit reason 3
0	15:53:28.894	MarketMarkers_v1.1 US30,M5: initialized
0	15:53:28.894	_HOD_LOD_Close_1 US30,M5: initialized
0	15:53:28.894	HighLight_Pins US30,M5: initialized
0	15:53:28.894	ZigZag&HiLoValues v2.4 US30,M5: initialized
0	15:53:28.894	Magnified_Market_Price US30,M5: initialized
0	15:53:28.894	Semafor (1ball) US30,M5: initialized
0	15:53:28.894	pipsometer_5_decimal US30,M5: initialized
0	15:53:28.894	SweetSpotsGOLD_TRO_MODIFIED_VERSION(Bullforyou.com) US30,M5: initialized
0	15:53:28.894	TMA+CG mladen NRP TEAMTRADER7 US30,M5: initialized
0	15:53:28.894	LSMA_in_Color US30,M5: initialized
0	15:53:28.894	ZeroLag_MACD US30,M5: initialized
0	15:53:28.894	Divergence_MACD_FX5_V1.1 US30,M5: initialized
0	15:53:28.894	ticks-volume4 US30,M5: initialized
0	15:53:29.728	EdhoTraderToolEA US30,M5: initialized
0	15:53:29.922	EdhoTraderToolEA US30,M5: uninit reason 3
0	15:53:29.928	MarketMarkers_v1.1 US30,M5: uninit reason 3
0	15:53:29.928	_HOD_LOD_Close_1 US30,M5: uninit reason 3
0	15:53:29.928	HighLight_Pins US30,M5: uninit reason 3
0	15:53:29.930	ZigZag&HiLoValues v2.4 US30,M5: uninit reason 3
0	15:53:29.930	Magnified_Market_Price US30,M5: uninit reason 3
0	15:53:29.930	Semafor (1ball) US30,M5: uninit reason 3
0	15:53:29.930	pipsometer_5_decimal US30,M5: uninit reason 3
0	15:53:29.930	SweetSpotsGOLD_TRO_MODIFIED_VERSION(Bullforyou.com) US30,M5: uninit reason 3
0	15:53:29.930	TMA+CG mladen NRP TEAMTRADER7 US30,M5: uninit reason 3
0	15:53:29.932	LSMA_in_Color US30,M5: uninit reason 3
0	15:53:29.932	ZeroLag_MACD US30,M5: uninit reason 3
0	15:53:29.932	Divergence_MACD_FX5_V1.1 US30,M5: uninit reason 3
0	15:53:29.932	ticks-volume4 US30,M5: uninit reason 3
0	15:53:29.932	MarketMarkers_v1.1 US30,M1: initialized
0	15:53:29.932	_HOD_LOD_Close_1 US30,M1: initialized
0	15:53:29.932	HighLight_Pins US30,M1: initialized
0	15:53:29.932	ZigZag&HiLoValues v2.4 US30,M1: initialized
0	15:53:29.932	Magnified_Market_Price US30,M1: initialized
0	15:53:29.932	Semafor (1ball) US30,M1: initialized
0	15:53:29.933	pipsometer_5_decimal US30,M1: initialized
0	15:53:29.933	SweetSpotsGOLD_TRO_MODIFIED_VERSION(Bullforyou.com) US30,M1: initialized
0	15:53:29.933	TMA+CG mladen NRP TEAMTRADER7 US30,M1: initialized
0	15:53:29.933	LSMA_in_Color US30,M1: initialized
0	15:53:29.933	ZeroLag_MACD US30,M1: initialized
0	15:53:29.933	Divergence_MACD_FX5_V1.1 US30,M1: initialized
0	15:53:29.933	ticks-volume4 US30,M1: initialized
0	15:53:30.400	EdhoTraderToolEA US30,M1: initialized
0	15:57:15.893	MarketMarkers_v1.1 US30,M1: uninit reason 3
0	15:57:15.894	_HOD_LOD_Close_1 US30,M1: uninit reason 3
0	15:57:15.894	HighLight_Pins US30,M1: uninit reason 3
0	15:57:15.896	ZigZag&HiLoValues v2.4 US30,M1: uninit reason 3
0	15:57:15.896	Magnified_Market_Price US30,M1: uninit reason 3
0	15:57:15.896	Semafor (1ball) US30,M1: uninit reason 3
0	15:57:15.896	pipsometer_5_decimal US30,M1: uninit reason 3
0	15:57:15.896	SweetSpotsGOLD_TRO_MODIFIED_VERSION(Bullforyou.com) US30,M1: uninit reason 3
0	15:57:15.897	TMA+CG mladen NRP TEAMTRADER7 US30,M1: uninit reason 3
0	15:57:15.899	LSMA_in_Color US30,M1: uninit reason 3
0	15:57:15.899	ZeroLag_MACD US30,M1: uninit reason 3
0	15:57:15.899	Divergence_MACD_FX5_V1.1 US30,M1: uninit reason 3
0	15:57:15.900	ticks-volume4 US30,M1: uninit reason 3
0	15:57:15.901	MarketMarkers_v1.1 US30,M5: initialized
0	15:57:15.901	_HOD_LOD_Close_1 US30,M5: initialized
0	15:57:15.901	HighLight_Pins US30,M5: initialized
0	15:57:15.901	ZigZag&HiLoValues v2.4 US30,M5: initialized
0	15:57:15.901	Magnified_Market_Price US30,M5: initialized
0	15:57:15.901	Semafor (1ball) US30,M5: initialized
0	15:57:15.901	pipsometer_5_decimal US30,M5: initialized
0	15:57:15.901	SweetSpotsGOLD_TRO_MODIFIED_VERSION(Bullforyou.com) US30,M5: initialized
0	15:57:15.901	TMA+CG mladen NRP TEAMTRADER7 US30,M5: initialized
0	15:57:15.901	LSMA_in_Color US30,M5: initialized
0	15:57:15.901	ZeroLag_MACD US30,M5: initialized
0	15:57:15.901	Divergence_MACD_FX5_V1.1 US30,M5: initialized
0	15:57:15.901	ticks-volume4 US30,M5: initialized
0	15:57:31.470	MarketMarkers_v1.1 US30,M5: uninit reason 3
0	15:57:31.471	_HOD_LOD_Close_1 US30,M5: uninit reason 3
0	15:57:31.471	HighLight_Pins US30,M5: uninit reason 3
0	15:57:31.472	ZigZag&HiLoValues v2.4 US30,M5: uninit reason 3
0	15:57:31.473	Magnified_Market_Price US30,M5: uninit reason 3
0	15:57:31.473	Semafor (1ball) US30,M5: uninit reason 3
0	15:57:31.473	pipsometer_5_decimal US30,M5: uninit reason 3
0	15:57:31.473	SweetSpotsGOLD_TRO_MODIFIED_VERSION(Bullforyou.com) US30,M5: uninit reason 3
0	15:57:31.473	TMA+CG mladen NRP TEAMTRADER7 US30,M5: uninit reason 3
0	15:57:31.475	LSMA_in_Color US30,M5: uninit reason 3
0	15:57:31.475	ZeroLag_MACD US30,M5: uninit reason 3
0	15:57:31.475	Divergence_MACD_FX5_V1.1 US30,M5: uninit reason 3
0	15:57:31.475	ticks-volume4 US30,M5: uninit reason 3
0	15:57:31.476	MarketMarkers_v1.1 US30,M15: initialized
0	15:57:31.476	_HOD_LOD_Close_1 US30,M15: initialized
0	15:57:31.476	HighLight_Pins US30,M15: initialized
0	15:57:31.476	ZigZag&HiLoValues v2.4 US30,M15: initialized
0	15:57:31.476	Magnified_Market_Price US30,M15: initialized
0	15:57:31.476	Semafor (1ball) US30,M15: initialized
0	15:57:31.476	pipsometer_5_decimal US30,M15: initialized
0	15:57:31.476	SweetSpotsGOLD_TRO_MODIFIED_VERSION(Bullforyou.com) US30,M15: initialized
0	15:57:31.476	TMA+CG mladen NRP TEAMTRADER7 US30,M15: initialized
0	15:57:31.476	LSMA_in_Color US30,M15: initialized
0	15:57:31.476	ZeroLag_MACD US30,M15: initialized
0	15:57:31.476	Divergence_MACD_FX5_V1.1 US30,M15: initialized
0	15:57:31.476	ticks-volume4 US30,M15: initialized
0	15:57:47.555	MarketMarkers_v1.1 US30,M15: uninit reason 3
0	15:57:47.555	_HOD_LOD_Close_1 US30,M15: uninit reason 3
0	15:57:47.555	HighLight_Pins US30,M15: uninit reason 3
0	15:57:47.557	ZigZag&HiLoValues v2.4 US30,M15: uninit reason 3
0	15:57:47.557	Magnified_Market_Price US30,M15: uninit reason 3
0	15:57:47.557	Semafor (1ball) US30,M15: uninit reason 3
0	15:57:47.557	pipsometer_5_decimal US30,M15: uninit reason 3
0	15:57:47.557	SweetSpotsGOLD_TRO_MODIFIED_VERSION(Bullforyou.com) US30,M15: uninit reason 3
0	15:57:47.557	TMA+CG mladen NRP TEAMTRADER7 US30,M15: uninit reason 3
0	15:57:47.559	LSMA_in_Color US30,M15: uninit reason 3
0	15:57:47.559	ZeroLag_MACD US30,M15: uninit reason 3
0	15:57:47.559	Divergence_MACD_FX5_V1.1 US30,M15: uninit reason 3
0	15:57:47.559	ticks-volume4 US30,M15: uninit reason 3
0	15:57:47.560	MarketMarkers_v1.1 US30,M30: initialized
0	15:57:47.560	_HOD_LOD_Close_1 US30,M30: initialized
0	15:57:47.560	HighLight_Pins US30,M30: initialized
0	15:57:47.560	ZigZag&HiLoValues v2.4 US30,M30: initialized
0	15:57:47.560	Magnified_Market_Price US30,M30: initialized
0	15:57:47.560	Semafor (1ball) US30,M30: initialized
0	15:57:47.560	pipsometer_5_decimal US30,M30: initialized
0	15:57:47.560	SweetSpotsGOLD_TRO_MODIFIED_VERSION(Bullforyou.com) US30,M30: initialized
0	15:57:47.560	TMA+CG mladen NRP TEAMTRADER7 US30,M30: initialized
0	15:57:47.560	LSMA_in_Color US30,M30: initialized
0	15:57:47.560	ZeroLag_MACD US30,M30: initialized
0	15:57:47.560	Divergence_MACD_FX5_V1.1 US30,M30: initialized
0	15:57:47.560	ticks-volume4 US30,M30: initialized
0	15:57:55.066	MarketMarkers_v1.1 US30,M30: uninit reason 3
0	15:57:55.067	_HOD_LOD_Close_1 US30,M30: uninit reason 3
0	15:57:55.067	HighLight_Pins US30,M30: uninit reason 3
0	15:57:55.068	ZigZag&HiLoValues v2.4 US30,M30: uninit reason 3
0	15:57:55.069	Magnified_Market_Price US30,M30: uninit reason 3
0	15:57:55.069	Semafor (1ball) US30,M30: uninit reason 3
0	15:57:55.069	pipsometer_5_decimal US30,M30: uninit reason 3
0	15:57:55.069	SweetSpotsGOLD_TRO_MODIFIED_VERSION(Bullforyou.com) US30,M30: uninit reason 3
0	15:57:55.069	TMA+CG mladen NRP TEAMTRADER7 US30,M30: uninit reason 3
0	15:57:55.070	LSMA_in_Color US30,M30: uninit reason 3
0	15:57:55.070	ZeroLag_MACD US30,M30: uninit reason 3
0	15:57:55.070	Divergence_MACD_FX5_V1.1 US30,M30: uninit reason 3
0	15:57:55.070	ticks-volume4 US30,M30: uninit reason 3
0	15:57:55.072	MarketMarkers_v1.1 US30,M1: initialized
0	15:57:55.072	_HOD_LOD_Close_1 US30,M1: initialized
0	15:57:55.072	HighLight_Pins US30,M1: initialized
0	15:57:55.072	ZigZag&HiLoValues v2.4 US30,M1: initialized
0	15:57:55.072	Magnified_Market_Price US30,M1: initialized
0	15:57:55.072	Semafor (1ball) US30,M1: initialized
0	15:57:55.072	pipsometer_5_decimal US30,M1: initialized
0	15:57:55.072	SweetSpotsGOLD_TRO_MODIFIED_VERSION(Bullforyou.com) US30,M1: initialized
0	15:57:55.072	TMA+CG mladen NRP TEAMTRADER7 US30,M1: initialized
0	15:57:55.072	LSMA_in_Color US30,M1: initialized
0	15:57:55.072	ZeroLag_MACD US30,M1: initialized
0	15:57:55.072	Divergence_MACD_FX5_V1.1 US30,M1: initialized
0	15:57:55.072	ticks-volume4 US30,M1: initialized
0	16:00:01.134	Divergence_MACD_FX5_V1.1 US30,M1: Alert: Classical bearish divergence on: US30 , 1 minutes chart
0	16:05:01.114	Divergence_MACD_FX5_V1.1 US30,M1: Alert: Reverse bullish divergence on: US30 , 1 minutes chart
0	16:16:23.804	MarketMarkers_v1.1 US30,M1: uninit reason 3
0	16:16:23.805	_HOD_LOD_Close_1 US30,M1: uninit reason 3
0	16:16:23.805	HighLight_Pins US30,M1: uninit reason 3
0	16:16:23.807	ZigZag&HiLoValues v2.4 US30,M1: uninit reason 3
0	16:16:23.807	Magnified_Market_Price US30,M1: uninit reason 3
0	16:16:23.807	Semafor (1ball) US30,M1: uninit reason 3
0	16:16:23.807	pipsometer_5_decimal US30,M1: uninit reason 3
0	16:16:23.807	SweetSpotsGOLD_TRO_MODIFIED_VERSION(Bullforyou.com) US30,M1: uninit reason 3
0	16:16:23.807	TMA+CG mladen NRP TEAMTRADER7 US30,M1: uninit reason 3
0	16:16:23.809	LSMA_in_Color US30,M1: uninit reason 3
0	16:16:23.809	ZeroLag_MACD US30,M1: uninit reason 3
0	16:16:23.809	Divergence_MACD_FX5_V1.1 US30,M1: uninit reason 3
0	16:16:23.809	ticks-volume4 US30,M1: uninit reason 3
0	16:16:23.810	MarketMarkers_v1.1 US30,M5: initialized
0	16:16:23.810	_HOD_LOD_Close_1 US30,M5: initialized
0	16:16:23.810	HighLight_Pins US30,M5: initialized
0	16:16:23.810	ZigZag&HiLoValues v2.4 US30,M5: initialized
0	16:16:23.811	Magnified_Market_Price US30,M5: initialized
0	16:16:23.811	Semafor (1ball) US30,M5: initialized
0	16:16:23.811	pipsometer_5_decimal US30,M5: initialized
0	16:16:23.811	SweetSpotsGOLD_TRO_MODIFIED_VERSION(Bullforyou.com) US30,M5: initialized
0	16:16:23.811	TMA+CG mladen NRP TEAMTRADER7 US30,M5: initialized
0	16:16:23.811	LSMA_in_Color US30,M5: initialized
0	16:16:23.811	ZeroLag_MACD US30,M5: initialized
0	16:16:23.811	Divergence_MACD_FX5_V1.1 US30,M5: initialized
0	16:16:23.811	ticks-volume4 US30,M5: initialized
0	16:16:31.168	MarketMarkers_v1.1 US30,M5: uninit reason 3
0	16:16:31.168	_HOD_LOD_Close_1 US30,M5: uninit reason 3
0	16:16:31.168	HighLight_Pins US30,M5: uninit reason 3
0	16:16:31.170	ZigZag&HiLoValues v2.4 US30,M5: uninit reason 3
0	16:16:31.170	Magnified_Market_Price US30,M5: uninit reason 3
0	16:16:31.170	Semafor (1ball) US30,M5: uninit reason 3
0	16:16:31.170	pipsometer_5_decimal US30,M5: uninit reason 3
0	16:16:31.170	SweetSpotsGOLD_TRO_MODIFIED_VERSION(Bullforyou.com) US30,M5: uninit reason 3
0	16:16:31.171	TMA+CG mladen NRP TEAMTRADER7 US30,M5: uninit reason 3
0	16:16:31.173	LSMA_in_Color US30,M5: uninit reason 3
0	16:16:31.173	ZeroLag_MACD US30,M5: uninit reason 3
0	16:16:31.173	Divergence_MACD_FX5_V1.1 US30,M5: uninit reason 3
0	16:16:31.173	ticks-volume4 US30,M5: uninit reason 3
0	16:16:31.173	MarketMarkers_v1.1 US30,M1: initialized
0	16:16:31.173	_HOD_LOD_Close_1 US30,M1: initialized
0	16:16:31.173	HighLight_Pins US30,M1: initialized
0	16:16:31.173	ZigZag&HiLoValues v2.4 US30,M1: initialized
0	16:16:31.174	Magnified_Market_Price US30,M1: initialized
0	16:16:31.174	Semafor (1ball) US30,M1: initialized
0	16:16:31.174	pipsometer_5_decimal US30,M1: initialized
0	16:16:31.174	SweetSpotsGOLD_TRO_MODIFIED_VERSION(Bullforyou.com) US30,M1: initialized
0	16:16:31.174	TMA+CG mladen NRP TEAMTRADER7 US30,M1: initialized
0	16:16:31.174	LSMA_in_Color US30,M1: initialized
0	16:16:31.174	ZeroLag_MACD US30,M1: initialized
0	16:16:31.174	Divergence_MACD_FX5_V1.1 US30,M1: initialized
0	16:16:31.174	ticks-volume4 US30,M1: initialized
0	16:16:37.492	EdhoTraderToolEA US30,M1: Ticket_ModifySLTPPrice on ticket 87025535 sl=34273.00 tp=-1.00
2	16:16:37.696	EdhoTraderToolEA US30,M1: modify #87025535 sell 0.01 US30 at 34263.00 sl: 34273.00 tp: 0.00 ok
0	16:18:02.109	MarketMarkers_v1.1 US30,M1: uninit reason 3
0	16:18:02.110	_HOD_LOD_Close_1 US30,M1: uninit reason 3
0	16:18:02.110	HighLight_Pins US30,M1: uninit reason 3
0	16:18:02.113	ZigZag&HiLoValues v2.4 US30,M1: uninit reason 3
0	16:18:02.114	Magnified_Market_Price US30,M1: uninit reason 3
0	16:18:02.114	Semafor (1ball) US30,M1: uninit reason 3
0	16:18:02.114	pipsometer_5_decimal US30,M1: uninit reason 3
0	16:18:02.114	SweetSpotsGOLD_TRO_MODIFIED_VERSION(Bullforyou.com) US30,M1: uninit reason 3
0	16:18:02.115	TMA+CG mladen NRP TEAMTRADER7 US30,M1: uninit reason 3
0	16:18:02.118	LSMA_in_Color US30,M1: uninit reason 3
0	16:18:02.118	ZeroLag_MACD US30,M1: uninit reason 3
0	16:18:02.118	Divergence_MACD_FX5_V1.1 US30,M1: uninit reason 3
0	16:18:02.119	ticks-volume4 US30,M1: uninit reason 3
0	16:18:02.120	MarketMarkers_v1.1 US30,M5: initialized
0	16:18:02.120	_HOD_LOD_Close_1 US30,M5: initialized
0	16:18:02.120	HighLight_Pins US30,M5: initialized
0	16:18:02.120	ZigZag&HiLoValues v2.4 US30,M5: initialized
0	16:18:02.120	Magnified_Market_Price US30,M5: initialized
0	16:18:02.120	Semafor (1ball) US30,M5: initialized
0	16:18:02.120	pipsometer_5_decimal US30,M5: initialized
0	16:18:02.121	SweetSpotsGOLD_TRO_MODIFIED_VERSION(Bullforyou.com) US30,M5: initialized
0	16:18:02.121	TMA+CG mladen NRP TEAMTRADER7 US30,M5: initialized
0	16:18:02.121	LSMA_in_Color US30,M5: initialized
0	16:18:02.121	ZeroLag_MACD US30,M5: initialized
0	16:18:02.121	Divergence_MACD_FX5_V1.1 US30,M5: initialized
0	16:18:02.121	ticks-volume4 US30,M5: initialized
0	16:18:32.429	TMA+CG mladen NRP TEAMTRADER7 US30,M1: uninit reason 3
0	16:18:32.431	TMA+CG mladen NRP TEAMTRADER7 US30,M5: initialized
0	16:18:33.760	TMA+CG mladen NRP TEAMTRADER7 US30,M5: uninit reason 3
0	16:18:33.761	TMA+CG mladen NRP TEAMTRADER7 US30,M1: initialized
0	16:40:07.388	Divergence_MACD_FX5_V1.1 US30,M1: Alert: Reverse bullish divergence on: US30 , 1 minutes chart
0	16:43:05.671	Divergence_MACD_FX5_V1.1 US30,M1: Alert: Classical bearish divergence on: US30 , 1 minutes chart
0	19:06:01.640	Divergence_MACD_FX5_V1.1 US30,M1: Alert: Classical bearish divergence on: US30 , 1 minutes chart
0	20:02:02.448	Divergence_MACD_FX5_V1.1 US30,M1: Alert: Classical bearish divergence on: US30 , 1 minutes chart
0	20:04:02.755	Divergence_MACD_FX5_V1.1 US30,M1: Alert: Classical bearish divergence on: US30 , 1 minutes chart
0	20:08:01.812	Divergence_MACD_FX5_V1.1 US30,M1: Alert: Reverse bullish divergence on: US30 , 1 minutes chart
0	20:13:03.578	Divergence_MACD_FX5_V1.1 US30,M1: Alert: Reverse bullish divergence on: US30 , 1 minutes chart
0	20:17:04.170	Divergence_MACD_FX5_V1.1 US30,M1: Alert: Classical bearish divergence on: US30 , 1 minutes chart
0	20:19:05.128	Divergence_MACD_FX5_V1.1 US30,M1: Alert: Classical bearish divergence on: US30 , 1 minutes chart
0	20:25:03.883	Divergence_MACD_FX5_V1.1 US30,M1: Alert: Reverse bullish divergence on: US30 , 1 minutes chart
0	21:04:08.472	Divergence_MACD_FX5_V1.1 US30,M1: Alert: Classical bearish divergence on: US30 , 1 minutes chart
0	21:08:02.499	Divergence_MACD_FX5_V1.1 US30,M1: Alert: Reverse bullish divergence on: US30 , 1 minutes chart
0	21:09:03.394	Divergence_MACD_FX5_V1.1 US30,M1: Alert: Classical bearish divergence on: US30 , 1 minutes chart
0	21:11:02.093	Divergence_MACD_FX5_V1.1 US30,M1: Alert: Reverse bullish divergence on: US30 , 1 minutes chart
0	21:13:02.869	Divergence_MACD_FX5_V1.1 US30,M1: Alert: Classical bearish divergence on: US30 , 1 minutes chart
0	21:26:02.945	Divergence_MACD_FX5_V1.1 US30,M1: Alert: Classical bearish divergence on: US30 , 1 minutes chart
0	21:28:05.851	Divergence_MACD_FX5_V1.1 US30,M1: Alert: Reverse bullish divergence on: US30 , 1 minutes chart
0	21:30:02.042	Divergence_MACD_FX5_V1.1 US30,M1: Alert: Classical bearish divergence on: US30 , 1 minutes chart
0	21:41:01.514	Divergence_MACD_FX5_V1.1 US30,M1: Alert: Reverse bullish divergence on: US30 , 1 minutes chart
0	21:43:01.382	Divergence_MACD_FX5_V1.1 US30,M1: Alert: Classical bearish divergence on: US30 , 1 minutes chart
0	21:55:01.085	Divergence_MACD_FX5_V1.1 US30,M1: Alert: Classical bearish divergence on: US30 , 1 minutes chart
0	22:02:01.865	Divergence_MACD_FX5_V1.1 US30,M1: Alert: Reverse bullish divergence on: US30 , 1 minutes chart
0	22:07:02.365	Divergence_MACD_FX5_V1.1 US30,M1: Alert: Reverse bullish divergence on: US30 , 1 minutes chart
0	22:20:02.532	Divergence_MACD_FX5_V1.1 US30,M1: Alert: Reverse bullish divergence on: US30 , 1 minutes chart
0	23:14:01.558	Divergence_MACD_FX5_V1.1 US30,M1: Alert: Reverse bullish divergence on: US30 , 1 minutes chart
0	23:17:04.482	Divergence_MACD_FX5_V1.1 US30,M1: Alert: Reverse bullish divergence on: US30 , 1 minutes chart
0	23:59:34.311	Divergence_MACD_FX5_V1.1 US30,M1: Alert: Reverse bullish divergence on: US30 , 1 minutes chart
