0	00:22:14.808	Divergence_MACD_FX5_V1.1 US30,M1: Alert: Classical bearish divergence on: US30 , 1 minutes chart
0	01:23:02.364	Divergence_MACD_FX5_V1.1 US30,M1: Alert: Classical bearish divergence on: US30 , 1 minutes chart
0	02:12:01.868	Divergence_MACD_FX5_V1.1 US30,M1: Alert: Reverse bullish divergence on: US30 , 1 minutes chart
0	02:17:03.800	Divergence_MACD_FX5_V1.1 US30,M1: Alert: Reverse bullish divergence on: US30 , 1 minutes chart
0	02:48:04.798	Divergence_MACD_FX5_V1.1 US30,M1: Alert: Reverse bearish divergence on: US30 , 1 minutes chart
0	02:55:01.242	Divergence_MACD_FX5_V1.1 US30,M1: Alert: Reverse bearish divergence on: US30 , 1 minutes chart
0	03:00:01.296	Divergence_MACD_FX5_V1.1 US30,M1: Alert: Classical bullish divergence on: US30 , 1 minutes chart
0	03:02:01.367	Divergence_MACD_FX5_V1.1 US30,M1: Alert: Classical bullish divergence on: US30 , 1 minutes chart
0	03:20:01.187	Divergence_MACD_FX5_V1.1 US30,M1: Alert: Reverse bearish divergence on: US30 , 1 minutes chart
0	03:24:01.537	Divergence_MACD_FX5_V1.1 US30,M1: Alert: Reverse bearish divergence on: US30 , 1 minutes chart
0	04:23:02.400	Divergence_MACD_FX5_V1.1 US30,M1: Alert: Reverse bullish divergence on: US30 , 1 minutes chart
0	04:29:01.338	Divergence_MACD_FX5_V1.1 US30,M1: Alert: Reverse bullish divergence on: US30 , 1 minutes chart
0	04:32:01.494	Divergence_MACD_FX5_V1.1 US30,M1: Alert: Classical bullish divergence on: US30 , 1 minutes chart
0	04:39:01.541	Divergence_MACD_FX5_V1.1 US30,M1: Alert: Reverse bearish divergence on: US30 , 1 minutes chart
0	05:33:01.731	Divergence_MACD_FX5_V1.1 US30,M1: Alert: Classical bullish divergence on: US30 , 1 minutes chart
0	05:38:02.991	Divergence_MACD_FX5_V1.1 US30,M1: Alert: Classical bullish divergence on: US30 , 1 minutes chart
0	06:02:01.580	Divergence_MACD_FX5_V1.1 US30,M1: Alert: Classical bullish divergence on: US30 , 1 minutes chart
0	06:09:01.743	Divergence_MACD_FX5_V1.1 US30,M1: Alert: Reverse bearish divergence on: US30 , 1 minutes chart
0	06:18:02.656	Divergence_MACD_FX5_V1.1 US30,M1: Alert: Reverse bearish divergence on: US30 , 1 minutes chart
0	06:23:03.512	Divergence_MACD_FX5_V1.1 US30,M1: Alert: Reverse bearish divergence on: US30 , 1 minutes chart
0	06:28:01.878	Divergence_MACD_FX5_V1.1 US30,M1: Alert: Reverse bullish divergence on: US30 , 1 minutes chart
0	06:53:01.939	Divergence_MACD_FX5_V1.1 US30,M1: Alert: Reverse bullish divergence on: US30 , 1 minutes chart
0	07:16:03.976	Divergence_MACD_FX5_V1.1 US30,M1: Alert: Classical bearish divergence on: US30 , 1 minutes chart
0	07:29:03.232	Divergence_MACD_FX5_V1.1 US30,M1: Alert: Reverse bullish divergence on: US30 , 1 minutes chart
0	08:22:02.295	Divergence_MACD_FX5_V1.1 US30,M1: Alert: Reverse bearish divergence on: US30 , 1 minutes chart
0	08:28:02.113	Divergence_MACD_FX5_V1.1 US30,M1: Alert: Classical bullish divergence on: US30 , 1 minutes chart
0	09:48:01.365	Divergence_MACD_FX5_V1.1 US30,M1: Alert: Reverse bullish divergence on: US30 , 1 minutes chart
0	09:51:01.354	Divergence_MACD_FX5_V1.1 US30,M1: Alert: Classical bearish divergence on: US30 , 1 minutes chart
0	09:53:01.258	Divergence_MACD_FX5_V1.1 US30,M1: Alert: Reverse bullish divergence on: US30 , 1 minutes chart
0	09:54:01.613	Divergence_MACD_FX5_V1.1 US30,M1: Alert: Classical bearish divergence on: US30 , 1 minutes chart
0	11:21:01.721	Divergence_MACD_FX5_V1.1 US30,M1: Alert: Classical bearish divergence on: US30 , 1 minutes chart
0	11:35:15.368	Divergence_MACD_FX5_V1.1 US30,M1: uninit reason 5
0	11:35:15.400	Divergence_MACD_FX5_V1.1 US30,M1: initialized
0	11:35:54.317	MarketMarkers_v1.1 US30,M1: uninit reason 7
0	11:35:54.318	_HOD_LOD_Close_1 US30,M1: uninit reason 7
0	11:35:54.318	HighLight_Pins US30,M1: uninit reason 7
0	11:35:54.328	ZigZag&HiLoValues v2.4 US30,M1: uninit reason 7
0	11:35:54.329	Magnified_Market_Price US30,M1: uninit reason 7
0	11:35:54.329	Semafor (1ball) US30,M1: uninit reason 7
0	11:35:54.330	pipsometer_5_decimal US30,M1: uninit reason 7
0	11:35:54.330	SweetSpotsGOLD_TRO_MODIFIED_VERSION(Bullforyou.com) US30,M1: uninit reason 7
0	11:35:54.331	TMA+CG mladen NRP TEAMTRADER7 US30,M1: uninit reason 7
0	11:35:54.333	LSMA_in_Color US30,M1: uninit reason 7
0	11:35:54.333	ZeroLag_MACD US30,M1: uninit reason 7
0	11:35:54.334	Divergence_MACD_FX5_V1.1 US30,M1: uninit reason 7
0	11:35:54.334	ticks-volume4 US30,M1: uninit reason 7
0	11:35:54.334	EdhoTraderToolEA US30,M1: uninit reason 7
0	11:35:54.342	Expert EdhoTraderToolEA US30,M1: removed
0	11:35:54.346	Custom indicator MarketMarkers_v1.1 US30,M1: removed
0	11:35:54.348	Custom indicator _HOD_LOD_Close_1 US30,M1: removed
0	11:35:54.350	Custom indicator HighLight_Pins US30,M1: removed
0	11:35:54.353	Custom indicator ZigZag&HiLoValues v2.4 US30,M1: removed
0	11:35:54.355	Custom indicator Magnified_Market_Price US30,M1: removed
0	11:35:54.357	Custom indicator Semafor (1ball) US30,M1: removed
0	11:35:54.359	Custom indicator pipsometer_5_decimal US30,M1: removed
0	11:35:54.360	Custom indicator SweetSpotsGOLD_TRO_MODIFIED_VERSION(Bullforyou.com) US30,M1: removed
0	11:35:54.362	Custom indicator TMA+CG mladen NRP TEAMTRADER7 US30,M1: removed
0	11:35:54.363	Custom indicator LSMA_in_Color US30,M1: removed
0	11:35:54.364	Custom indicator ZeroLag_MACD US30,M1: removed
0	11:35:54.366	Custom indicator Divergence_MACD_FX5_V1.1 US30,M1: removed
0	11:35:54.368	Custom indicator ticks-volume4 US30,M1: removed
0	11:35:54.423	Custom indicator MarketMarkers_v1.1 US30,M1: loaded successfully
0	11:35:54.441	Custom indicator _HOD_LOD_Close_1 US30,M1: loaded successfully
0	11:35:54.457	Custom indicator HighLight_Pins US30,M1: loaded successfully
0	11:35:54.475	Custom indicator ZigZag&HiLoValues v2.4 US30,M1: loaded successfully
0	11:35:54.493	Custom indicator Magnified_Market_Price US30,M1: loaded successfully
0	11:35:54.510	Custom indicator Semafor (1ball) US30,M1: loaded successfully
0	11:35:54.528	Custom indicator pipsometer_5_decimal US30,M1: loaded successfully
0	11:35:54.544	Custom indicator SweetSpotsGOLD_TRO_MODIFIED_VERSION(Bullforyou.com) US30,M1: loaded successfully
0	11:35:54.564	Custom indicator TMA+CG mladen NRP TEAMTRADER7 US30,M1: loaded successfully
0	11:35:54.580	Custom indicator LSMA_in_Color US30,M1: loaded successfully
0	11:35:54.591	Custom indicator ZeroLag_MACD US30,M1: loaded successfully
0	11:35:54.615	Custom indicator Divergence_MACD_FX5_V1.1 US30,M1: loaded successfully
0	11:35:54.639	Custom indicator ticks-volume4 US30,M1: loaded successfully
0	11:35:54.662	Expert EdhoTraderToolEA US30,M1: loaded successfully
0	11:35:54.663	EdhoTraderToolEA US30,M1 inputs: MMHELP=MoneyManagement; RiskMethod=0; LotSize=0.1; Percent=0.5; Amount=10.0; StopLoss=1500; TakeProfit=5000; Slippage=3; NotifyByAlert=true; Comm=ALT; UseMainComment=false; useSLTPLines=true; Line1=L1; Line2=L2; GUIMode=0; UseExtraButton=true; ebhlp=EXTRA CLOSE BUTTON POSITION; ExtraButtonCorner=3; ExtraButtonXOffset=10; ExtraButtonYOffset=160; ExtraButtonW=100; ExtraButtonH=70; BEPips=1000.0; BEPlusPips=3.0; AutoSL=1000.0; PartialClose=0.0; FontSize=11; ButtonWidth=80; ButtonHeight=30; ResetTPLName=; linetraderinfo=*********************; Help=Put OCO after command to name if u want OCO group; Help1=Example - BAOCO, BAOCO1, SBOCO; Help2=If any OCO line is hit, all other are canceled; LotSizeHelp=L[...] specific lotsize; CommentHelp=C[..] specific comment; TrackingHelp=T(..) tracking object; RabbitHelp=R[20 10] start step; OpenOrdersSection=******************; BuyAboveLineName=BA; BuyAboveLineColor=16711680; BuyBelowLineName=BB; BuyBelowLineColor=16711680; SellAboveLineName=SA; SellAboveLineColor=255; 
0	11:35:54.749	MarketMarkers_v1.1 US30,M1: initialized
0	11:35:54.768	_HOD_LOD_Close_1 US30,M1: initialized
0	11:35:54.782	HighLight_Pins US30,M1: initialized
0	11:35:54.830	ZigZag&HiLoValues v2.4 US30,M1: initialized
0	11:35:54.841	Magnified_Market_Price US30,M1: initialized
0	11:35:54.854	Semafor (1ball) US30,M1: initialized
0	11:35:54.877	pipsometer_5_decimal US30,M1: initialized
0	11:35:54.900	SweetSpotsGOLD_TRO_MODIFIED_VERSION(Bullforyou.com) US30,M1: initialized
0	11:35:54.918	TMA+CG mladen NRP TEAMTRADER7 US30,M1: initialized
0	11:35:54.932	LSMA_in_Color US30,M1: initialized
0	11:35:54.945	ZeroLag_MACD US30,M1: initialized
0	11:35:54.963	Divergence_MACD_FX5_V1.1 US30,M1: initialized
0	11:35:54.978	ticks-volume4 US30,M1: initialized
0	11:35:55.593	EdhoTraderToolEA US30,M1: initialized
0	11:36:11.317	Divergence_MACD_FX5_V1.1 US30,M1: uninit reason 5
0	11:36:11.382	Divergence_MACD_FX5_V1.1 US30,M1: initialized
0	15:46:38.435	TMA+CG mladen NRP TEAMTRADER7 US30,M1: uninit reason 7
0	15:46:38.439	Custom indicator TMA+CG mladen NRP TEAMTRADER7 US30,M1: removed
0	15:46:38.462	Custom indicator TMA+CG mladen NRP TEAMTRADER7 US30,M1: loaded successfully
0	15:46:38.485	TMA+CG mladen NRP TEAMTRADER7 US30,M1: initialized
0	15:46:48.880	TMA+CG mladen NRP TEAMTRADER7 US30,M1: uninit reason 7
0	15:46:48.883	Custom indicator TMA+CG mladen NRP TEAMTRADER7 US30,M1: removed
0	15:46:48.897	Custom indicator TMA+CG mladen NRP TEAMTRADER7 US30,M1: loaded successfully
0	15:46:48.918	TMA+CG mladen NRP TEAMTRADER7 US30,M1: initialized
0	16:35:36.548	TMA+CG mladen NRP TEAMTRADER7 US30,M15: uninit reason 1
0	16:35:36.557	Custom indicator TMA+CG mladen NRP TEAMTRADER7 US30,M15: removed
0	16:36:32.377	Custom indicator Heiken Ashi US30,H1: loaded successfully
0	16:36:33.783	Heiken Ashi US30,H1: initialized
0	16:36:46.709	Heiken Ashi US30,H1: uninit reason 3
0	16:36:46.709	Heiken Ashi US30,M5: initialized
0	16:37:10.264	TMA TRUE v2 US30,M15: uninit reason 4
0	16:37:10.269	Custom indicator TMA TRUE v2 US30,M15: removed
0	16:45:56.289	TMA+CG mladen NRP TEAMTRADER7 US30,M1: uninit reason 3
0	16:45:56.291	TMA+CG mladen NRP TEAMTRADER7 US30,M15: initialized
0	16:46:45.702	EdhoTraderToolEA US30,M1: uninit reason 1
0	16:46:45.718	Expert EdhoTraderToolEA US30,M1: removed
0	16:47:01.976	MarketMarkers_v1.1 US30,M1: uninit reason 7
0	16:47:01.977	_HOD_LOD_Close_1 US30,M1: uninit reason 7
0	16:47:01.977	HighLight_Pins US30,M1: uninit reason 7
0	16:47:01.979	ZigZag&HiLoValues v2.4 US30,M1: uninit reason 7
0	16:47:01.979	Magnified_Market_Price US30,M1: uninit reason 7
0	16:47:01.979	Semafor (1ball) US30,M1: uninit reason 7
0	16:47:01.980	pipsometer_5_decimal US30,M1: uninit reason 7
0	16:47:01.980	SweetSpotsGOLD_TRO_MODIFIED_VERSION(Bullforyou.com) US30,M1: uninit reason 7
0	16:47:01.980	TMA+CG mladen NRP TEAMTRADER7 US30,M1: uninit reason 7
0	16:47:01.983	LSMA_in_Color US30,M1: uninit reason 7
0	16:47:01.983	ZeroLag_MACD US30,M1: uninit reason 7
0	16:47:01.983	Divergence_MACD_FX5_V1.1 US30,M1: uninit reason 7
0	16:47:01.984	ticks-volume4 US30,M1: uninit reason 7
0	16:47:01.986	Custom indicator MarketMarkers_v1.1 US30,M1: removed
0	16:47:01.987	Custom indicator _HOD_LOD_Close_1 US30,M1: removed
0	16:47:01.988	Custom indicator HighLight_Pins US30,M1: removed
0	16:47:01.990	Custom indicator ZigZag&HiLoValues v2.4 US30,M1: removed
0	16:47:01.991	Custom indicator Magnified_Market_Price US30,M1: removed
0	16:47:01.992	Custom indicator Semafor (1ball) US30,M1: removed
0	16:47:01.994	Custom indicator pipsometer_5_decimal US30,M1: removed
0	16:47:01.995	Custom indicator SweetSpotsGOLD_TRO_MODIFIED_VERSION(Bullforyou.com) US30,M1: removed
0	16:47:01.996	Custom indicator TMA+CG mladen NRP TEAMTRADER7 US30,M1: removed
0	16:47:01.998	Custom indicator LSMA_in_Color US30,M1: removed
0	16:47:01.999	Custom indicator ZeroLag_MACD US30,M1: removed
0	16:47:02.001	Custom indicator Divergence_MACD_FX5_V1.1 US30,M1: removed
0	16:47:02.003	Custom indicator ticks-volume4 US30,M1: removed
0	16:47:02.033	Custom indicator MarketMarkers_v1.1 US30,M1: loaded successfully
0	16:47:02.050	Custom indicator _HOD_LOD_Close_1 US30,M1: loaded successfully
0	16:47:02.065	Custom indicator HighLight_Pins US30,M1: loaded successfully
0	16:47:02.085	Custom indicator ZigZag&HiLoValues v2.4 US30,M1: loaded successfully
0	16:47:02.103	Custom indicator Magnified_Market_Price US30,M1: loaded successfully
0	16:47:02.121	Custom indicator Semafor (1ball) US30,M1: loaded successfully
0	16:47:02.140	Custom indicator pipsometer_5_decimal US30,M1: loaded successfully
0	16:47:02.157	Custom indicator SweetSpotsGOLD_TRO_MODIFIED_VERSION(Bullforyou.com) US30,M1: loaded successfully
0	16:47:02.168	Custom indicator TMA+CG mladen NRP TEAMTRADER7 US30,M1: loaded successfully
0	16:47:02.184	Custom indicator LSMA_in_Color US30,M1: loaded successfully
0	16:47:02.202	Custom indicator ZeroLag_MACD US30,M1: loaded successfully
0	16:47:02.223	Custom indicator Divergence_MACD_FX5_V1.1 US30,M1: loaded successfully
0	16:47:02.241	Custom indicator ticks-volume4 US30,M1: loaded successfully
0	16:47:02.261	Expert EdhoTraderToolEA US30,M1: loaded successfully
0	16:47:02.262	EdhoTraderToolEA US30,M1 inputs: MMHELP=MoneyManagement; RiskMethod=0; LotSize=0.1; Percent=0.5; Amount=10.0; StopLoss=1500; TakeProfit=5000; Slippage=3; NotifyByAlert=true; Comm=ALT; UseMainComment=false; useSLTPLines=true; Line1=L1; Line2=L2; GUIMode=0; UseExtraButton=true; ebhlp=EXTRA CLOSE BUTTON POSITION; ExtraButtonCorner=3; ExtraButtonXOffset=10; ExtraButtonYOffset=160; ExtraButtonW=100; ExtraButtonH=70; BEPips=1000.0; BEPlusPips=3.0; AutoSL=1000.0; PartialClose=0.0; FontSize=11; ButtonWidth=80; ButtonHeight=30; ResetTPLName=; linetraderinfo=*********************; Help=Put OCO after command to name if u want OCO group; Help1=Example - BAOCO, BAOCO1, SBOCO; Help2=If any OCO line is hit, all other are canceled; LotSizeHelp=L[...] specific lotsize; CommentHelp=C[..] specific comment; TrackingHelp=T(..) tracking object; RabbitHelp=R[20 10] start step; OpenOrdersSection=******************; BuyAboveLineName=BA; BuyAboveLineColor=16711680; BuyBelowLineName=BB; BuyBelowLineColor=16711680; SellAboveLineName=SA; SellAboveLineColor=255; 
0	16:47:02.339	MarketMarkers_v1.1 US30,M1: initialized
0	16:47:02.358	_HOD_LOD_Close_1 US30,M1: initialized
0	16:47:02.371	HighLight_Pins US30,M1: initialized
0	16:47:02.419	ZigZag&HiLoValues v2.4 US30,M1: initialized
0	16:47:02.430	Magnified_Market_Price US30,M1: initialized
0	16:47:02.443	Semafor (1ball) US30,M1: initialized
0	16:47:02.466	pipsometer_5_decimal US30,M1: initialized
0	16:47:02.484	SweetSpotsGOLD_TRO_MODIFIED_VERSION(Bullforyou.com) US30,M1: initialized
0	16:47:02.503	TMA+CG mladen NRP TEAMTRADER7 US30,M1: initialized
0	16:47:02.515	LSMA_in_Color US30,M1: initialized
0	16:47:02.528	ZeroLag_MACD US30,M1: initialized
0	16:47:02.549	Divergence_MACD_FX5_V1.1 US30,M1: initialized
0	16:47:02.563	ticks-volume4 US30,M1: initialized
0	16:47:03.179	EdhoTraderToolEA US30,M1: initialized
0	16:50:24.230	TMA+CG mladen NRP TEAMTRADER7 US30,M15: uninit reason 3
0	16:50:24.232	TMA+CG mladen NRP TEAMTRADER7 US30,M5: initialized
0	17:30:38.022	EdhoTraderToolEA US30,M1: uninit reason 1
0	17:30:38.037	Expert EdhoTraderToolEA US30,M1: removed
0	17:31:39.356	MarketMarkers_v1.1 US30,M5: uninit reason 7
0	17:31:39.357	_HOD_LOD_Close_1 US30,M5: uninit reason 7
0	17:31:39.357	HighLight_Pins US30,M5: uninit reason 7
0	17:31:39.359	ZigZag&HiLoValues v2.4 US30,M5: uninit reason 7
0	17:31:39.360	Magnified_Market_Price US30,M5: uninit reason 7
0	17:31:39.360	Semafor (1ball) US30,M5: uninit reason 7
0	17:31:39.360	pipsometer_5_decimal US30,M5: uninit reason 7
0	17:31:39.360	SweetSpotsGOLD_TRO_MODIFIED_VERSION(Bullforyou.com) US30,M5: uninit reason 7
0	17:31:39.360	TMA+CG mladen NRP TEAMTRADER7 US30,M5: uninit reason 7
0	17:31:39.368	LSMA_in_Color US30,M5: uninit reason 7
0	17:31:39.368	ZeroLag_MACD US30,M5: uninit reason 7
0	17:31:39.368	Divergence_MACD_FX5_V1.1 US30,M5: uninit reason 7
0	17:31:39.369	ticks-volume4 US30,M5: uninit reason 7
0	17:31:39.370	Custom indicator MarketMarkers_v1.1 US30,M5: removed
0	17:31:39.371	Custom indicator _HOD_LOD_Close_1 US30,M5: removed
0	17:31:39.373	Custom indicator HighLight_Pins US30,M5: removed
0	17:31:39.374	Custom indicator ZigZag&HiLoValues v2.4 US30,M5: removed
0	17:31:39.376	Custom indicator Magnified_Market_Price US30,M5: removed
0	17:31:39.377	Custom indicator Semafor (1ball) US30,M5: removed
0	17:31:39.380	Custom indicator pipsometer_5_decimal US30,M5: removed
0	17:31:39.382	Custom indicator SweetSpotsGOLD_TRO_MODIFIED_VERSION(Bullforyou.com) US30,M5: removed
0	17:31:39.384	Custom indicator TMA+CG mladen NRP TEAMTRADER7 US30,M5: removed
0	17:31:39.387	Custom indicator LSMA_in_Color US30,M5: removed
0	17:31:39.388	Custom indicator ZeroLag_MACD US30,M5: removed
0	17:31:39.390	Custom indicator Divergence_MACD_FX5_V1.1 US30,M5: removed
0	17:31:39.391	Custom indicator ticks-volume4 US30,M5: removed
0	17:31:39.407	Custom indicator MarketMarkers_v1.1 US30,M5: loaded successfully
0	17:31:39.420	Custom indicator _HOD_LOD_Close_1 US30,M5: loaded successfully
0	17:31:39.431	Custom indicator HighLight_Pins US30,M5: loaded successfully
0	17:31:39.444	Custom indicator ZigZag&HiLoValues v2.4 US30,M5: loaded successfully
0	17:31:39.454	Custom indicator Magnified_Market_Price US30,M5: loaded successfully
0	17:31:39.464	Custom indicator Semafor (1ball) US30,M5: loaded successfully
0	17:31:39.475	Custom indicator pipsometer_5_decimal US30,M5: loaded successfully
0	17:31:39.487	Custom indicator SweetSpotsGOLD_TRO_MODIFIED_VERSION(Bullforyou.com) US30,M5: loaded successfully
0	17:31:39.497	Custom indicator TMA+CG mladen NRP TEAMTRADER7 US30,M5: loaded successfully
0	17:31:39.508	Custom indicator LSMA_in_Color US30,M5: loaded successfully
0	17:31:39.519	Custom indicator ZeroLag_MACD US30,M5: loaded successfully
0	17:31:39.530	Custom indicator Divergence_MACD_FX5_V1.1 US30,M5: loaded successfully
0	17:31:39.540	Custom indicator ticks-volume4 US30,M5: loaded successfully
0	17:31:39.616	MarketMarkers_v1.1 US30,M5: initialized
0	17:31:39.633	_HOD_LOD_Close_1 US30,M5: initialized
0	17:31:39.648	HighLight_Pins US30,M5: initialized
0	17:31:39.696	ZigZag&HiLoValues v2.4 US30,M5: initialized
0	17:31:39.708	Magnified_Market_Price US30,M5: initialized
0	17:31:39.721	Semafor (1ball) US30,M5: initialized
0	17:31:39.743	pipsometer_5_decimal US30,M5: initialized
0	17:31:39.761	SweetSpotsGOLD_TRO_MODIFIED_VERSION(Bullforyou.com) US30,M5: initialized
0	17:31:39.781	TMA+CG mladen NRP TEAMTRADER7 US30,M5: initialized
0	17:31:39.793	LSMA_in_Color US30,M5: initialized
0	17:31:39.804	ZeroLag_MACD US30,M5: initialized
0	17:31:39.824	Divergence_MACD_FX5_V1.1 US30,M5: initialized
0	17:31:39.838	ticks-volume4 US30,M5: initialized
