0	10:45:29.811	Compiling 'ticks-volume1'
0	11:06:41.889	Custom indicator MarketMarkers_v1.1 US30,H1: loaded successfully
0	11:06:41.900	Custom indicator _HOD_LOD_Close_1 US30,H1: loaded successfully
0	11:06:41.913	Custom indicator HighLight_Pins US30,H1: loaded successfully
0	11:06:41.927	Custom indicator ZigZag&HiLoValues v2.4 US30,H1: loaded successfully
0	11:06:41.939	Custom indicator Magnified_Market_Price US30,H1: loaded successfully
0	11:06:41.949	Custom indicator Semafor (1ball) US30,H1: loaded successfully
3	11:06:41.950	cannot open file 'C:\Users\Admin\AppData\Roaming\MetaQuotes\Terminal\305EEB173F1063651E07AC733A59CDEC\MQL4\indicators\Xandra\SupResI.ex4' [3]
0	11:06:41.963	Custom indicator pipsometer_5_decimal US30,H1: loaded successfully
0	11:06:41.974	Custom indicator SweetSpotsGOLD_TRO_MODIFIED_VERSION(Bullforyou.com) US30,H1: loaded successfully
0	11:06:41.985	Custom indicator TMA+CG mladen NRP TEAMTRADER7 US30,H1: loaded successfully
0	11:06:41.997	Custom indicator LSMA_in_Color US30,H1: loaded successfully
0	11:06:42.008	Custom indicator ZeroLag_MACD US30,H1: loaded successfully
0	11:06:42.033	Custom indicator Divergence_MACD_FX5_V1.1 US30,H1: loaded successfully
0	11:06:42.045	Custom indicator ticks-volume4 US30,H1: loaded successfully
3	11:06:42.045	cannot open file 'C:\Users\Admin\AppData\Roaming\MetaQuotes\Terminal\305EEB173F1063651E07AC733A59CDEC\MQL4\Experts\EdhoTraderToolEA.ex4' [2]
0	11:06:42.135	MarketMarkers_v1.1 US30,H1: initialized
0	11:06:42.155	_HOD_LOD_Close_1 US30,H1: initialized
0	11:06:42.171	HighLight_Pins US30,H1: initialized
0	11:06:42.223	ZigZag&HiLoValues v2.4 US30,H1: initialized
0	11:06:42.234	Magnified_Market_Price US30,H1: initialized
0	11:06:42.250	Semafor (1ball) US30,H1: initialized
0	11:06:42.273	pipsometer_5_decimal US30,H1: initialized
0	11:06:42.296	SweetSpotsGOLD_TRO_MODIFIED_VERSION(Bullforyou.com) US30,H1: initialized
0	11:06:42.313	TMA+CG mladen NRP TEAMTRADER7 US30,H1: initialized
0	11:06:42.327	LSMA_in_Color US30,H1: initialized
0	11:06:42.340	ZeroLag_MACD US30,H1: initialized
0	11:06:42.364	Divergence_MACD_FX5_V1.1 US30,H1: initialized
0	11:06:42.379	ticks-volume4 US30,H1: initialized
0	11:06:57.976	Custom indicator MarketMarkers_v1.1 SPX500,H1: loaded successfully
0	11:06:57.992	Custom indicator _HOD_LOD_Close_1 SPX500,H1: loaded successfully
0	11:06:58.006	Custom indicator HighLight_Pins SPX500,H1: loaded successfully
0	11:06:58.020	Custom indicator ZigZag&HiLoValues v2.4 SPX500,H1: loaded successfully
0	11:06:58.033	Custom indicator Magnified_Market_Price SPX500,H1: loaded successfully
0	11:06:58.059	Custom indicator Semafor (1ball) SPX500,H1: loaded successfully
3	11:06:58.060	cannot open file 'C:\Users\Admin\AppData\Roaming\MetaQuotes\Terminal\305EEB173F1063651E07AC733A59CDEC\MQL4\indicators\Xandra\SupResI.ex4' [3]
0	11:06:58.079	Custom indicator pipsometer_5_decimal SPX500,H1: loaded successfully
0	11:06:58.093	Custom indicator SweetSpotsGOLD_TRO_MODIFIED_VERSION(Bullforyou.com) SPX500,H1: loaded successfully
0	11:06:58.109	Custom indicator TMA+CG mladen NRP TEAMTRADER7 SPX500,H1: loaded successfully
0	11:06:58.124	Custom indicator LSMA_in_Color SPX500,H1: loaded successfully
0	11:06:58.138	Custom indicator ZeroLag_MACD SPX500,H1: loaded successfully
0	11:06:58.170	Custom indicator Divergence_MACD_FX5_V1.1 SPX500,H1: loaded successfully
0	11:06:58.182	Custom indicator ticks-volume4 SPX500,H1: loaded successfully
3	11:06:58.183	cannot open file 'C:\Users\Admin\AppData\Roaming\MetaQuotes\Terminal\305EEB173F1063651E07AC733A59CDEC\MQL4\Experts\EdhoTraderToolEA.ex4' [2]
0	11:06:58.289	MarketMarkers_v1.1 SPX500,H1: initialized
0	11:06:58.310	_HOD_LOD_Close_1 SPX500,H1: initialized
0	11:06:58.328	HighLight_Pins SPX500,H1: initialized
0	11:06:58.393	ZigZag&HiLoValues v2.4 SPX500,H1: initialized
0	11:06:58.408	Magnified_Market_Price SPX500,H1: initialized
0	11:06:58.424	Semafor (1ball) SPX500,H1: initialized
0	11:06:58.448	pipsometer_5_decimal SPX500,H1: initialized
0	11:06:58.473	SweetSpotsGOLD_TRO_MODIFIED_VERSION(Bullforyou.com) SPX500,H1: initialized
0	11:06:58.494	TMA+CG mladen NRP TEAMTRADER7 SPX500,H1: initialized
0	11:06:58.510	LSMA_in_Color SPX500,H1: initialized
0	11:06:58.524	ZeroLag_MACD SPX500,H1: initialized
0	11:06:58.549	Divergence_MACD_FX5_V1.1 SPX500,H1: initialized
0	11:06:58.565	ticks-volume4 SPX500,H1: initialized
0	11:07:05.528	Custom indicator MarketMarkers_v1.1 DAX,H1: loaded successfully
0	11:07:05.540	Custom indicator _HOD_LOD_Close_1 DAX,H1: loaded successfully
0	11:07:05.552	Custom indicator HighLight_Pins DAX,H1: loaded successfully
0	11:07:05.563	Custom indicator ZigZag&HiLoValues v2.4 DAX,H1: loaded successfully
0	11:07:05.574	Custom indicator Magnified_Market_Price DAX,H1: loaded successfully
0	11:07:05.585	Custom indicator Semafor (1ball) DAX,H1: loaded successfully
3	11:07:05.586	cannot open file 'C:\Users\Admin\AppData\Roaming\MetaQuotes\Terminal\305EEB173F1063651E07AC733A59CDEC\MQL4\indicators\Xandra\SupResI.ex4' [3]
0	11:07:05.595	Custom indicator pipsometer_5_decimal DAX,H1: loaded successfully
0	11:07:05.606	Custom indicator SweetSpotsGOLD_TRO_MODIFIED_VERSION(Bullforyou.com) DAX,H1: loaded successfully
0	11:07:05.618	Custom indicator TMA+CG mladen NRP TEAMTRADER7 DAX,H1: loaded successfully
0	11:07:05.629	Custom indicator LSMA_in_Color DAX,H1: loaded successfully
0	11:07:05.640	Custom indicator ZeroLag_MACD DAX,H1: loaded successfully
0	11:07:05.666	Custom indicator Divergence_MACD_FX5_V1.1 DAX,H1: loaded successfully
0	11:07:05.676	Custom indicator ticks-volume4 DAX,H1: loaded successfully
3	11:07:05.676	cannot open file 'C:\Users\Admin\AppData\Roaming\MetaQuotes\Terminal\305EEB173F1063651E07AC733A59CDEC\MQL4\Experts\EdhoTraderToolEA.ex4' [2]
0	11:07:05.763	MarketMarkers_v1.1 DAX,H1: initialized
0	11:07:05.781	_HOD_LOD_Close_1 DAX,H1: initialized
0	11:07:05.796	HighLight_Pins DAX,H1: initialized
0	11:07:05.843	ZigZag&HiLoValues v2.4 DAX,H1: initialized
0	11:07:05.856	Magnified_Market_Price DAX,H1: initialized
0	11:07:05.871	Semafor (1ball) DAX,H1: initialized
0	11:07:05.894	pipsometer_5_decimal DAX,H1: initialized
0	11:07:05.915	SweetSpotsGOLD_TRO_MODIFIED_VERSION(Bullforyou.com) DAX,H1: initialized
0	11:07:05.934	TMA+CG mladen NRP TEAMTRADER7 DAX,H1: initialized
0	11:07:05.946	LSMA_in_Color DAX,H1: initialized
0	11:07:05.959	ZeroLag_MACD DAX,H1: initialized
0	11:07:05.980	Divergence_MACD_FX5_V1.1 DAX,H1: initialized
0	11:07:05.995	ticks-volume4 DAX,H1: initialized
0	11:07:11.721	Custom indicator MarketMarkers_v1.1 NAS100,H1: loaded successfully
0	11:07:11.732	Custom indicator _HOD_LOD_Close_1 NAS100,H1: loaded successfully
0	11:07:11.744	Custom indicator HighLight_Pins NAS100,H1: loaded successfully
0	11:07:11.756	Custom indicator ZigZag&HiLoValues v2.4 NAS100,H1: loaded successfully
0	11:07:11.768	Custom indicator Magnified_Market_Price NAS100,H1: loaded successfully
0	11:07:11.779	Custom indicator Semafor (1ball) NAS100,H1: loaded successfully
3	11:07:11.779	cannot open file 'C:\Users\Admin\AppData\Roaming\MetaQuotes\Terminal\305EEB173F1063651E07AC733A59CDEC\MQL4\indicators\Xandra\SupResI.ex4' [3]
0	11:07:11.789	Custom indicator pipsometer_5_decimal NAS100,H1: loaded successfully
0	11:07:11.801	Custom indicator SweetSpotsGOLD_TRO_MODIFIED_VERSION(Bullforyou.com) NAS100,H1: loaded successfully
0	11:07:11.811	Custom indicator TMA+CG mladen NRP TEAMTRADER7 NAS100,H1: loaded successfully
0	11:07:11.822	Custom indicator LSMA_in_Color NAS100,H1: loaded successfully
0	11:07:11.833	Custom indicator ZeroLag_MACD NAS100,H1: loaded successfully
0	11:07:11.857	Custom indicator Divergence_MACD_FX5_V1.1 NAS100,H1: loaded successfully
0	11:07:11.868	Custom indicator ticks-volume4 NAS100,H1: loaded successfully
3	11:07:11.869	cannot open file 'C:\Users\Admin\AppData\Roaming\MetaQuotes\Terminal\305EEB173F1063651E07AC733A59CDEC\MQL4\Experts\EdhoTraderToolEA.ex4' [2]
0	11:07:11.953	MarketMarkers_v1.1 NAS100,H1: initialized
0	11:07:11.971	_HOD_LOD_Close_1 NAS100,H1: initialized
0	11:07:11.986	HighLight_Pins NAS100,H1: initialized
0	11:07:12.036	ZigZag&HiLoValues v2.4 NAS100,H1: initialized
0	11:07:12.048	Magnified_Market_Price NAS100,H1: initialized
0	11:07:12.062	Semafor (1ball) NAS100,H1: initialized
0	11:07:12.085	pipsometer_5_decimal NAS100,H1: initialized
0	11:07:12.105	SweetSpotsGOLD_TRO_MODIFIED_VERSION(Bullforyou.com) NAS100,H1: initialized
0	11:07:12.124	TMA+CG mladen NRP TEAMTRADER7 NAS100,H1: initialized
0	11:07:12.137	LSMA_in_Color NAS100,H1: initialized
0	11:07:12.151	ZeroLag_MACD NAS100,H1: initialized
0	11:07:12.173	Divergence_MACD_FX5_V1.1 NAS100,H1: initialized
0	11:07:12.189	ticks-volume4 NAS100,H1: initialized
0	11:08:22.192	MarketMarkers_v1.1 US30,H1: uninit reason 3
0	11:08:22.195	_HOD_LOD_Close_1 US30,H1: uninit reason 3
0	11:08:22.195	HighLight_Pins US30,H1: uninit reason 3
0	11:08:22.197	ZigZag&HiLoValues v2.4 US30,H1: uninit reason 3
0	11:08:22.200	Magnified_Market_Price US30,H1: uninit reason 3
0	11:08:22.200	Semafor (1ball) US30,H1: uninit reason 3
0	11:08:22.200	pipsometer_5_decimal US30,H1: uninit reason 3
0	11:08:22.200	SweetSpotsGOLD_TRO_MODIFIED_VERSION(Bullforyou.com) US30,H1: uninit reason 3
0	11:08:22.205	TMA+CG mladen NRP TEAMTRADER7 US30,H1: uninit reason 3
0	11:08:22.207	LSMA_in_Color US30,H1: uninit reason 3
0	11:08:22.207	ZeroLag_MACD US30,H1: uninit reason 3
0	11:08:22.207	Divergence_MACD_FX5_V1.1 US30,H1: uninit reason 3
0	11:08:22.225	ticks-volume4 US30,H1: uninit reason 3
0	11:08:22.225	MarketMarkers_v1.1 US30,M1: initialized
0	11:08:22.225	_HOD_LOD_Close_1 US30,M1: initialized
0	11:08:22.225	HighLight_Pins US30,M1: initialized
0	11:08:22.225	ZigZag&HiLoValues v2.4 US30,M1: initialized
0	11:08:22.225	Magnified_Market_Price US30,M1: initialized
0	11:08:22.225	Semafor (1ball) US30,M1: initialized
0	11:08:22.225	pipsometer_5_decimal US30,M1: initialized
0	11:08:22.226	SweetSpotsGOLD_TRO_MODIFIED_VERSION(Bullforyou.com) US30,M1: initialized
0	11:08:22.226	TMA+CG mladen NRP TEAMTRADER7 US30,M1: initialized
0	11:08:22.226	LSMA_in_Color US30,M1: initialized
0	11:08:22.226	ZeroLag_MACD US30,M1: initialized
0	11:08:22.226	Divergence_MACD_FX5_V1.1 US30,M1: initialized
0	11:08:22.226	ticks-volume4 US30,M1: initialized
0	11:08:27.831	MarketMarkers_v1.1 DAX,H1: uninit reason 3
0	11:08:27.835	_HOD_LOD_Close_1 DAX,H1: uninit reason 3
0	11:08:27.835	HighLight_Pins DAX,H1: uninit reason 3
0	11:08:27.836	ZigZag&HiLoValues v2.4 DAX,H1: uninit reason 3
0	11:08:27.839	Magnified_Market_Price DAX,H1: uninit reason 3
0	11:08:27.839	Semafor (1ball) DAX,H1: uninit reason 3
0	11:08:27.839	pipsometer_5_decimal DAX,H1: uninit reason 3
0	11:08:27.839	SweetSpotsGOLD_TRO_MODIFIED_VERSION(Bullforyou.com) DAX,H1: uninit reason 3
0	11:08:27.843	TMA+CG mladen NRP TEAMTRADER7 DAX,H1: uninit reason 3
0	11:08:27.845	LSMA_in_Color DAX,H1: uninit reason 3
0	11:08:27.845	ZeroLag_MACD DAX,H1: uninit reason 3
0	11:08:27.845	Divergence_MACD_FX5_V1.1 DAX,H1: uninit reason 3
0	11:08:27.864	ticks-volume4 DAX,H1: uninit reason 3
0	11:08:27.864	MarketMarkers_v1.1 DAX,M1: initialized
0	11:08:27.865	_HOD_LOD_Close_1 DAX,M1: initialized
0	11:08:27.865	HighLight_Pins DAX,M1: initialized
0	11:08:27.865	ZigZag&HiLoValues v2.4 DAX,M1: initialized
0	11:08:27.865	Magnified_Market_Price DAX,M1: initialized
0	11:08:27.865	Semafor (1ball) DAX,M1: initialized
0	11:08:27.865	pipsometer_5_decimal DAX,M1: initialized
0	11:08:27.865	SweetSpotsGOLD_TRO_MODIFIED_VERSION(Bullforyou.com) DAX,M1: initialized
0	11:08:27.865	TMA+CG mladen NRP TEAMTRADER7 DAX,M1: initialized
0	11:08:27.865	LSMA_in_Color DAX,M1: initialized
0	11:08:27.865	ZeroLag_MACD DAX,M1: initialized
0	11:08:27.865	Divergence_MACD_FX5_V1.1 DAX,M1: initialized
0	11:08:27.865	ticks-volume4 DAX,M1: initialized
0	11:08:33.754	MarketMarkers_v1.1 SPX500,H1: uninit reason 3
0	11:08:33.758	_HOD_LOD_Close_1 SPX500,H1: uninit reason 3
0	11:08:33.758	HighLight_Pins SPX500,H1: uninit reason 3
0	11:08:33.760	ZigZag&HiLoValues v2.4 SPX500,H1: uninit reason 3
0	11:08:33.763	Magnified_Market_Price SPX500,H1: uninit reason 3
0	11:08:33.763	Semafor (1ball) SPX500,H1: uninit reason 3
0	11:08:33.763	pipsometer_5_decimal SPX500,H1: uninit reason 3
0	11:08:33.763	SweetSpotsGOLD_TRO_MODIFIED_VERSION(Bullforyou.com) SPX500,H1: uninit reason 3
0	11:08:33.767	TMA+CG mladen NRP TEAMTRADER7 SPX500,H1: uninit reason 3
0	11:08:33.768	LSMA_in_Color SPX500,H1: uninit reason 3
0	11:08:33.768	ZeroLag_MACD SPX500,H1: uninit reason 3
0	11:08:33.769	Divergence_MACD_FX5_V1.1 SPX500,H1: uninit reason 3
0	11:08:33.787	ticks-volume4 SPX500,H1: uninit reason 3
0	11:08:33.787	MarketMarkers_v1.1 SPX500,M1: initialized
0	11:08:33.788	_HOD_LOD_Close_1 SPX500,M1: initialized
0	11:08:33.788	HighLight_Pins SPX500,M1: initialized
0	11:08:33.788	ZigZag&HiLoValues v2.4 SPX500,M1: initialized
0	11:08:33.788	Magnified_Market_Price SPX500,M1: initialized
0	11:08:33.788	Semafor (1ball) SPX500,M1: initialized
0	11:08:33.788	pipsometer_5_decimal SPX500,M1: initialized
0	11:08:33.788	SweetSpotsGOLD_TRO_MODIFIED_VERSION(Bullforyou.com) SPX500,M1: initialized
0	11:08:33.788	TMA+CG mladen NRP TEAMTRADER7 SPX500,M1: initialized
0	11:08:33.788	LSMA_in_Color SPX500,M1: initialized
0	11:08:33.788	ZeroLag_MACD SPX500,M1: initialized
0	11:08:33.788	Divergence_MACD_FX5_V1.1 SPX500,M1: initialized
0	11:08:33.788	ticks-volume4 SPX500,M1: initialized
0	11:08:40.084	MarketMarkers_v1.1 NAS100,H1: uninit reason 3
0	11:08:40.089	_HOD_LOD_Close_1 NAS100,H1: uninit reason 3
0	11:08:40.089	HighLight_Pins NAS100,H1: uninit reason 3
0	11:08:40.091	ZigZag&HiLoValues v2.4 NAS100,H1: uninit reason 3
0	11:08:40.093	Magnified_Market_Price NAS100,H1: uninit reason 3
0	11:08:40.093	Semafor (1ball) NAS100,H1: uninit reason 3
0	11:08:40.093	pipsometer_5_decimal NAS100,H1: uninit reason 3
0	11:08:40.093	SweetSpotsGOLD_TRO_MODIFIED_VERSION(Bullforyou.com) NAS100,H1: uninit reason 3
0	11:08:40.097	TMA+CG mladen NRP TEAMTRADER7 NAS100,H1: uninit reason 3
0	11:08:40.099	LSMA_in_Color NAS100,H1: uninit reason 3
0	11:08:40.099	ZeroLag_MACD NAS100,H1: uninit reason 3
0	11:08:40.099	Divergence_MACD_FX5_V1.1 NAS100,H1: uninit reason 3
0	11:08:40.117	ticks-volume4 NAS100,H1: uninit reason 3
0	11:08:40.118	MarketMarkers_v1.1 NAS100,M1: initialized
0	11:08:40.118	_HOD_LOD_Close_1 NAS100,M1: initialized
0	11:08:40.118	HighLight_Pins NAS100,M1: initialized
0	11:08:40.118	ZigZag&HiLoValues v2.4 NAS100,M1: initialized
0	11:08:40.118	Magnified_Market_Price NAS100,M1: initialized
0	11:08:40.118	Semafor (1ball) NAS100,M1: initialized
0	11:08:40.118	pipsometer_5_decimal NAS100,M1: initialized
0	11:08:40.118	SweetSpotsGOLD_TRO_MODIFIED_VERSION(Bullforyou.com) NAS100,M1: initialized
0	11:08:40.118	TMA+CG mladen NRP TEAMTRADER7 NAS100,M1: initialized
0	11:08:40.118	LSMA_in_Color NAS100,M1: initialized
0	11:08:40.118	ZeroLag_MACD NAS100,M1: initialized
0	11:08:40.118	Divergence_MACD_FX5_V1.1 NAS100,M1: initialized
0	11:08:40.118	ticks-volume4 NAS100,M1: initialized
0	17:53:05.857	Custom indicator MarketMarkers_v1.1 BTCUSD,H1: loaded successfully
0	17:53:05.868	Custom indicator _HOD_LOD_Close_1 BTCUSD,H1: loaded successfully
0	17:53:05.879	Custom indicator HighLight_Pins BTCUSD,H1: loaded successfully
0	17:53:05.891	Custom indicator ZigZag&HiLoValues v2.4 BTCUSD,H1: loaded successfully
0	17:53:05.902	Custom indicator Magnified_Market_Price BTCUSD,H1: loaded successfully
0	17:53:05.911	Custom indicator Semafor (1ball) BTCUSD,H1: loaded successfully
3	17:53:05.912	cannot open file 'C:\Users\Admin\AppData\Roaming\MetaQuotes\Terminal\305EEB173F1063651E07AC733A59CDEC\MQL4\indicators\Xandra\SupResI.ex4' [3]
0	17:53:05.922	Custom indicator pipsometer_5_decimal BTCUSD,H1: loaded successfully
0	17:53:05.933	Custom indicator SweetSpotsGOLD_TRO_MODIFIED_VERSION(Bullforyou.com) BTCUSD,H1: loaded successfully
0	17:53:05.945	Custom indicator TMA+CG mladen NRP TEAMTRADER7 BTCUSD,H1: loaded successfully
0	17:53:05.956	Custom indicator LSMA_in_Color BTCUSD,H1: loaded successfully
0	17:53:05.966	Custom indicator ZeroLag_MACD BTCUSD,H1: loaded successfully
0	17:53:05.990	Custom indicator Divergence_MACD_FX5_V1.1 BTCUSD,H1: loaded successfully
0	17:53:06.001	Custom indicator ticks-volume4 BTCUSD,H1: loaded successfully
3	17:53:06.001	cannot open file 'C:\Users\Admin\AppData\Roaming\MetaQuotes\Terminal\305EEB173F1063651E07AC733A59CDEC\MQL4\Experts\EdhoTraderToolEA.ex4' [2]
0	17:53:06.079	MarketMarkers_v1.1 BTCUSD,H1: initialized
0	17:53:06.097	_HOD_LOD_Close_1 BTCUSD,H1: initialized
0	17:53:06.112	HighLight_Pins BTCUSD,H1: initialized
0	17:53:06.160	ZigZag&HiLoValues v2.4 BTCUSD,H1: initialized
0	17:53:06.172	Magnified_Market_Price BTCUSD,H1: initialized
0	17:53:06.187	Semafor (1ball) BTCUSD,H1: initialized
0	17:53:06.212	pipsometer_5_decimal BTCUSD,H1: initialized
0	17:53:06.232	SweetSpotsGOLD_TRO_MODIFIED_VERSION(Bullforyou.com) BTCUSD,H1: initialized
0	17:53:06.250	TMA+CG mladen NRP TEAMTRADER7 BTCUSD,H1: initialized
0	17:53:06.262	LSMA_in_Color BTCUSD,H1: initialized
0	17:53:06.275	ZeroLag_MACD BTCUSD,H1: initialized
0	17:53:06.298	Divergence_MACD_FX5_V1.1 BTCUSD,H1: initialized
0	17:53:06.313	ticks-volume4 BTCUSD,H1: initialized
0	17:53:06.338	HighLight_Pins BTCUSD,H1: Alert: BTCUSD   60   Pin - Bar !!!!
0	17:53:12.724	MarketMarkers_v1.1 BTCUSD,H1: uninit reason 3
0	17:53:12.729	_HOD_LOD_Close_1 BTCUSD,H1: uninit reason 3
0	17:53:12.729	HighLight_Pins BTCUSD,H1: uninit reason 3
0	17:53:12.730	ZigZag&HiLoValues v2.4 BTCUSD,H1: uninit reason 3
0	17:53:12.733	Magnified_Market_Price BTCUSD,H1: uninit reason 3
0	17:53:12.733	Semafor (1ball) BTCUSD,H1: uninit reason 3
0	17:53:12.733	pipsometer_5_decimal BTCUSD,H1: uninit reason 3
0	17:53:12.733	SweetSpotsGOLD_TRO_MODIFIED_VERSION(Bullforyou.com) BTCUSD,H1: uninit reason 3
0	17:53:12.737	TMA+CG mladen NRP TEAMTRADER7 BTCUSD,H1: uninit reason 3
0	17:53:12.739	LSMA_in_Color BTCUSD,H1: uninit reason 3
0	17:53:12.739	ZeroLag_MACD BTCUSD,H1: uninit reason 3
0	17:53:12.739	Divergence_MACD_FX5_V1.1 BTCUSD,H1: uninit reason 3
0	17:53:12.754	ticks-volume4 BTCUSD,H1: uninit reason 3
0	17:53:12.754	MarketMarkers_v1.1 BTCUSD,M1: initialized
0	17:53:12.754	_HOD_LOD_Close_1 BTCUSD,M1: initialized
0	17:53:12.754	HighLight_Pins BTCUSD,M1: initialized
0	17:53:12.754	ZigZag&HiLoValues v2.4 BTCUSD,M1: initialized
0	17:53:12.754	Magnified_Market_Price BTCUSD,M1: initialized
0	17:53:12.754	Semafor (1ball) BTCUSD,M1: initialized
0	17:53:12.755	pipsometer_5_decimal BTCUSD,M1: initialized
0	17:53:12.755	SweetSpotsGOLD_TRO_MODIFIED_VERSION(Bullforyou.com) BTCUSD,M1: initialized
0	17:53:12.755	TMA+CG mladen NRP TEAMTRADER7 BTCUSD,M1: initialized
0	17:53:12.755	LSMA_in_Color BTCUSD,M1: initialized
0	17:53:12.755	ZeroLag_MACD BTCUSD,M1: initialized
0	17:53:12.755	Divergence_MACD_FX5_V1.1 BTCUSD,M1: initialized
0	17:53:12.755	ticks-volume4 BTCUSD,M1: initialized
0	17:53:12.894	HighLight_Pins BTCUSD,M1: Alert: BTCUSD   1   Pin - Bar !!!!
0	18:00:03.590	Divergence_MACD_FX5_V1.1 NAS100,M1: Alert: Classical bullish divergence on: NAS100 , 1 minutes chart
0	18:01:01.900	Divergence_MACD_FX5_V1.1 US30,M1: Alert: Classical bullish divergence on: US30 , 1 minutes chart
0	18:02:04.317	HighLight_Pins US30,M1: Alert: US30   1   Pin - Bar !!!!
0	18:03:02.041	HighLight_Pins US30,M1: Alert: US30   1   Pin - Bar !!!!
0	18:03:02.364	HighLight_Pins SPX500,M1: Alert: SPX500   1   Pin - Bar !!!!
0	18:09:14.351	ticks-volume4 BTCUSD,M1: uninit reason 1
0	18:09:14.353	Custom indicator ticks-volume4 BTCUSD,M1: removed
0	18:09:24.408	ZeroLag_MACD BTCUSD,M1: uninit reason 1
0	18:09:24.410	Custom indicator ZeroLag_MACD BTCUSD,M1: removed
0	18:09:31.653	Divergence_MACD_FX5_V1.1 BTCUSD,M1: uninit reason 1
0	18:09:31.655	Custom indicator Divergence_MACD_FX5_V1.1 BTCUSD,M1: removed
0	18:09:48.079	pipsometer_5_decimal BTCUSD,M1: uninit reason 1
0	18:09:48.081	Custom indicator pipsometer_5_decimal BTCUSD,M1: removed
0	18:09:58.982	Magnified_Market_Price BTCUSD,M1: uninit reason 1
0	18:09:58.984	Custom indicator Magnified_Market_Price BTCUSD,M1: removed
0	18:10:15.527	MarketMarkers_v1.1 BTCUSD,M1: uninit reason 1
0	18:10:15.529	Custom indicator MarketMarkers_v1.1 BTCUSD,M1: removed
0	18:10:39.174	LSMA_in_Color BTCUSD,M1: uninit reason 1
0	18:10:39.176	Custom indicator LSMA_in_Color BTCUSD,M1: removed
0	18:10:50.604	HighLight_Pins BTCUSD,M1: uninit reason 1
0	18:10:50.607	Custom indicator HighLight_Pins BTCUSD,M1: removed
0	18:11:02.107	Semafor (1ball) BTCUSD,M1: uninit reason 1
0	18:11:02.109	Custom indicator Semafor (1ball) BTCUSD,M1: removed
0	18:11:16.677	_HOD_LOD_Close_1 BTCUSD,M1: uninit reason 1
0	18:11:16.678	Custom indicator _HOD_LOD_Close_1 BTCUSD,M1: removed
0	18:11:26.978	ZigZag&HiLoValues v2.4 BTCUSD,M1: uninit reason 1
0	18:11:26.980	Custom indicator ZigZag&HiLoValues v2.4 BTCUSD,M1: removed
0	18:11:38.153	SweetSpotsGOLD_TRO_MODIFIED_VERSION(Bullforyou.com) BTCUSD,M1: uninit reason 1
0	18:11:38.155	Custom indicator SweetSpotsGOLD_TRO_MODIFIED_VERSION(Bullforyou.com) BTCUSD,M1: removed
0	18:12:06.270	TMA+CG mladen NRP TEAMTRADER7 BTCUSD,M1: uninit reason 1
0	18:12:06.273	Custom indicator TMA+CG mladen NRP TEAMTRADER7 BTCUSD,M1: removed
0	18:26:01.946	Divergence_MACD_FX5_V1.1 US30,M1: Alert: Reverse bullish divergence on: US30 , 1 minutes chart
0	18:28:06.967	Divergence_MACD_FX5_V1.1 US30,M1: Alert: Reverse bullish divergence on: US30 , 1 minutes chart
0	18:47:04.706	Divergence_MACD_FX5_V1.1 SPX500,M1: Alert: Reverse bullish divergence on: SPX500 , 1 minutes chart
0	18:52:03.209	Divergence_MACD_FX5_V1.1 US30,M1: Alert: Classical bearish divergence on: US30 , 1 minutes chart
0	18:52:03.224	Divergence_MACD_FX5_V1.1 NAS100,M1: Alert: Classical bearish divergence on: NAS100 , 1 minutes chart
0	19:02:02.662	HighLight_Pins US30,M1: Alert: US30   1   Pin - Bar !!!!
0	19:10:02.436	Divergence_MACD_FX5_V1.1 NAS100,M1: Alert: Reverse bullish divergence on: NAS100 , 1 minutes chart
0	19:12:18.094	Divergence_MACD_FX5_V1.1 SPX500,M1: Alert: Classical bearish divergence on: SPX500 , 1 minutes chart
0	19:27:02.044	HighLight_Pins NAS100,M1: Alert: NAS100   1   Pin - Bar !!!!
0	19:36:04.037	HighLight_Pins NAS100,M1: Alert: NAS100   1   Pin - Bar !!!!
0	19:38:02.150	Divergence_MACD_FX5_V1.1 NAS100,M1: Alert: Classical bullish divergence on: NAS100 , 1 minutes chart
0	19:46:04.318	Divergence_MACD_FX5_V1.1 US30,M1: Alert: Reverse bearish divergence on: US30 , 1 minutes chart
0	19:46:04.322	Divergence_MACD_FX5_V1.1 SPX500,M1: Alert: Reverse bearish divergence on: SPX500 , 1 minutes chart
0	19:50:03.293	Divergence_MACD_FX5_V1.1 US30,M1: Alert: Reverse bearish divergence on: US30 , 1 minutes chart
0	19:50:03.297	Divergence_MACD_FX5_V1.1 SPX500,M1: Alert: Reverse bearish divergence on: SPX500 , 1 minutes chart
0	19:54:02.481	HighLight_Pins NAS100,M1: Alert: NAS100   1   Pin - Bar !!!!
0	19:57:04.388	HighLight_Pins US30,M1: Alert: US30   1   Pin - Bar !!!!
0	19:57:06.530	HighLight_Pins SPX500,M1: Alert: SPX500   1   Pin - Bar !!!!
0	20:01:02.176	HighLight_Pins US30,M1: Alert: US30   1   Pin - Bar !!!!
0	20:01:02.261	HighLight_Pins SPX500,M1: Alert: SPX500   1   Pin - Bar !!!!
0	20:01:02.265	HighLight_Pins NAS100,M1: Alert: NAS100   1   Pin - Bar !!!!
0	20:01:02.913	HighLight_Pins DAX,M1: Alert: DAX   1   Pin - Bar !!!!
0	20:10:03.174	HighLight_Pins US30,M1: Alert: US30   1   Pin - Bar !!!!
0	20:10:03.296	HighLight_Pins DAX,M1: Alert: DAX   1   Pin - Bar !!!!
0	20:33:03.381	HighLight_Pins US30,M1: Alert: US30   1   Pin - Bar !!!!
0	20:35:02.599	Divergence_MACD_FX5_V1.1 DAX,M1: Alert: Reverse bearish divergence on: DAX , 1 minutes chart
0	20:37:04.754	Divergence_MACD_FX5_V1.1 NAS100,M1: Alert: Reverse bearish divergence on: NAS100 , 1 minutes chart
0	20:40:03.449	Divergence_MACD_FX5_V1.1 DAX,M1: Alert: Reverse bearish divergence on: DAX , 1 minutes chart
0	20:42:02.253	HighLight_Pins NAS100,M1: Alert: NAS100   1   Pin - Bar !!!!
0	20:42:03.229	HighLight_Pins SPX500,M1: Alert: SPX500   1   Pin - Bar !!!!
0	20:43:06.147	HighLight_Pins US30,M1: Alert: US30   1   Pin - Bar !!!!
0	20:43:06.157	HighLight_Pins DAX,M1: Alert: DAX   1   Pin - Bar !!!!
0	20:44:05.370	Divergence_MACD_FX5_V1.1 US30,M1: Alert: Classical bearish divergence on: US30 , 1 minutes chart
0	20:48:03.027	Divergence_MACD_FX5_V1.1 US30,M1: Alert: Reverse bullish divergence on: US30 , 1 minutes chart
0	20:49:02.462	Divergence_MACD_FX5_V1.1 SPX500,M1: Alert: Classical bearish divergence on: SPX500 , 1 minutes chart
0	20:53:03.043	Divergence_MACD_FX5_V1.1 US30,M1: Alert: Reverse bullish divergence on: US30 , 1 minutes chart
0	20:53:03.460	Divergence_MACD_FX5_V1.1 NAS100,M1: Alert: Reverse bullish divergence on: NAS100 , 1 minutes chart
0	20:53:05.028	Divergence_MACD_FX5_V1.1 SPX500,M1: Alert: Reverse bullish divergence on: SPX500 , 1 minutes chart
0	20:54:20.866	Divergence_MACD_FX5_V1.1 DAX,M1: Alert: Reverse bullish divergence on: DAX , 1 minutes chart
0	20:57:04.444	Divergence_MACD_FX5_V1.1 US30,M1: Alert: Classical bearish divergence on: US30 , 1 minutes chart
0	20:57:04.448	Divergence_MACD_FX5_V1.1 DAX,M1: Alert: Classical bearish divergence on: DAX , 1 minutes chart
0	21:00:02.417	Divergence_MACD_FX5_V1.1 NAS100,M1: Alert: Reverse bullish divergence on: NAS100 , 1 minutes chart
0	21:01:08.090	HighLight_Pins DAX,M1: Alert: DAX   1   Pin - Bar !!!!
0	21:02:02.835	Divergence_MACD_FX5_V1.1 NAS100,M1: Alert: Reverse bullish divergence on: NAS100 , 1 minutes chart
0	21:03:02.699	Divergence_MACD_FX5_V1.1 US30,M1: Alert: Classical bearish divergence on: US30 , 1 minutes chart
0	21:03:02.935	Divergence_MACD_FX5_V1.1 SPX500,M1: Alert: Classical bearish divergence on: SPX500 , 1 minutes chart
0	21:05:02.496	Divergence_MACD_FX5_V1.1 NAS100,M1: Alert: Classical bearish divergence on: NAS100 , 1 minutes chart
0	21:07:08.490	Divergence_MACD_FX5_V1.1 SPX500,M1: Alert: Classical bearish divergence on: SPX500 , 1 minutes chart
0	21:08:06.847	HighLight_Pins US30,M1: Alert: US30   1   Pin - Bar !!!!
0	21:08:06.853	Divergence_MACD_FX5_V1.1 US30,M1: Alert: Reverse bullish divergence on: US30 , 1 minutes chart
0	21:08:10.813	HighLight_Pins SPX500,M1: Alert: SPX500   1   Pin - Bar !!!!
0	21:10:02.797	Divergence_MACD_FX5_V1.1 DAX,M1: Alert: Reverse bullish divergence on: DAX , 1 minutes chart
0	21:10:02.919	Divergence_MACD_FX5_V1.1 US30,M1: Alert: Classical bearish divergence on: US30 , 1 minutes chart
0	21:10:03.415	Divergence_MACD_FX5_V1.1 SPX500,M1: Alert: Classical bearish divergence on: SPX500 , 1 minutes chart
0	21:11:12.726	Divergence_MACD_FX5_V1.1 DAX,M1: Alert: Classical bearish divergence on: DAX , 1 minutes chart
0	21:12:20.133	Divergence_MACD_FX5_V1.1 DAX,M1: Alert: Reverse bullish divergence on: DAX , 1 minutes chart
0	21:13:02.591	Divergence_MACD_FX5_V1.1 US30,M1: Alert: Reverse bullish divergence on: US30 , 1 minutes chart
0	21:13:02.673	Divergence_MACD_FX5_V1.1 SPX500,M1: Alert: Reverse bullish divergence on: SPX500 , 1 minutes chart
0	21:14:02.487	Divergence_MACD_FX5_V1.1 US30,M1: Alert: Classical bearish divergence on: US30 , 1 minutes chart
0	21:15:03.027	Divergence_MACD_FX5_V1.1 SPX500,M1: Alert: Reverse bullish divergence on: SPX500 , 1 minutes chart
0	21:16:04.318	Divergence_MACD_FX5_V1.1 US30,M1: Alert: Classical bearish divergence on: US30 , 1 minutes chart
0	21:16:12.279	Divergence_MACD_FX5_V1.1 DAX,M1: Alert: Classical bearish divergence on: DAX , 1 minutes chart
0	21:21:02.758	Divergence_MACD_FX5_V1.1 US30,M1: Alert: Reverse bullish divergence on: US30 , 1 minutes chart
0	21:22:02.402	Divergence_MACD_FX5_V1.1 NAS100,M1: Alert: Reverse bullish divergence on: NAS100 , 1 minutes chart
0	21:22:11.508	Divergence_MACD_FX5_V1.1 SPX500,M1: Alert: Reverse bullish divergence on: SPX500 , 1 minutes chart
0	21:27:02.385	Divergence_MACD_FX5_V1.1 NAS100,M1: Alert: Reverse bullish divergence on: NAS100 , 1 minutes chart
0	21:27:02.510	Divergence_MACD_FX5_V1.1 SPX500,M1: Alert: Reverse bullish divergence on: SPX500 , 1 minutes chart
0	21:27:03.318	Divergence_MACD_FX5_V1.1 US30,M1: Alert: Reverse bullish divergence on: US30 , 1 minutes chart
0	21:33:04.814	HighLight_Pins DAX,M1: Alert: DAX   1   Pin - Bar !!!!
0	21:34:03.641	HighLight_Pins NAS100,M1: Alert: NAS100   1   Pin - Bar !!!!
0	21:37:02.966	HighLight_Pins DAX,M1: Alert: DAX   1   Pin - Bar !!!!
0	21:41:02.246	HighLight_Pins NAS100,M1: Alert: NAS100   1   Pin - Bar !!!!
0	21:41:02.368	HighLight_Pins SPX500,M1: Alert: SPX500   1   Pin - Bar !!!!
0	21:43:02.259	HighLight_Pins NAS100,M1: Alert: NAS100   1   Pin - Bar !!!!
0	21:43:02.734	HighLight_Pins DAX,M1: Alert: DAX   1   Pin - Bar !!!!
0	21:43:02.739	HighLight_Pins SPX500,M1: Alert: SPX500   1   Pin - Bar !!!!
0	21:48:03.982	HighLight_Pins DAX,M1: Alert: DAX   1   Pin - Bar !!!!
0	21:51:01.798	HighLight_Pins US30,M1: Alert: US30   1   Pin - Bar !!!!
0	21:51:05.085	HighLight_Pins DAX,M1: Alert: DAX   1   Pin - Bar !!!!
0	21:57:01.407	Divergence_MACD_FX5_V1.1 NAS100,M1: Alert: Classical bullish divergence on: NAS100 , 1 minutes chart
0	21:57:04.227	HighLight_Pins DAX,M1: Alert: DAX   1   Pin - Bar !!!!
0	21:58:01.372	Divergence_MACD_FX5_V1.1 DAX,M1: Alert: Classical bullish divergence on: DAX , 1 minutes chart
0	21:58:01.622	Divergence_MACD_FX5_V1.1 SPX500,M1: Alert: Classical bullish divergence on: SPX500 , 1 minutes chart
0	21:58:02.166	Divergence_MACD_FX5_V1.1 US30,M1: Alert: Classical bullish divergence on: US30 , 1 minutes chart
0	21:59:02.759	Divergence_MACD_FX5_V1.1 NAS100,M1: Alert: Classical bullish divergence on: NAS100 , 1 minutes chart
0	22:05:01.414	Divergence_MACD_FX5_V1.1 US30,M1: Alert: Reverse bearish divergence on: US30 , 1 minutes chart
0	22:05:01.424	Divergence_MACD_FX5_V1.1 NAS100,M1: Alert: Reverse bearish divergence on: NAS100 , 1 minutes chart
0	22:05:02.039	Divergence_MACD_FX5_V1.1 SPX500,M1: Alert: Reverse bearish divergence on: SPX500 , 1 minutes chart
0	22:05:05.690	Divergence_MACD_FX5_V1.1 DAX,M1: Alert: Reverse bearish divergence on: DAX , 1 minutes chart
0	22:08:03.005	Divergence_MACD_FX5_V1.1 NAS100,M1: Alert: Classical bullish divergence on: NAS100 , 1 minutes chart
0	22:10:01.568	Divergence_MACD_FX5_V1.1 NAS100,M1: Alert: Reverse bearish divergence on: NAS100 , 1 minutes chart
0	22:11:01.429	HighLight_Pins NAS100,M1: Alert: NAS100   1   Pin - Bar !!!!
0	22:12:05.608	Divergence_MACD_FX5_V1.1 DAX,M1: Alert: Reverse bearish divergence on: DAX , 1 minutes chart
0	22:14:01.676	Divergence_MACD_FX5_V1.1 US30,M1: Alert: Reverse bearish divergence on: US30 , 1 minutes chart
0	22:14:01.681	Divergence_MACD_FX5_V1.1 NAS100,M1: Alert: Reverse bearish divergence on: NAS100 , 1 minutes chart
0	22:14:02.276	Divergence_MACD_FX5_V1.1 SPX500,M1: Alert: Reverse bearish divergence on: SPX500 , 1 minutes chart
0	22:16:04.078	Divergence_MACD_FX5_V1.1 DAX,M1: Alert: Reverse bearish divergence on: DAX , 1 minutes chart
0	22:16:05.118	Divergence_MACD_FX5_V1.1 US30,M1: Alert: Reverse bearish divergence on: US30 , 1 minutes chart
0	22:16:05.281	Divergence_MACD_FX5_V1.1 SPX500,M1: Alert: Reverse bearish divergence on: SPX500 , 1 minutes chart
0	22:17:01.664	Divergence_MACD_FX5_V1.1 NAS100,M1: Alert: Reverse bearish divergence on: NAS100 , 1 minutes chart
0	22:21:16.819	HighLight_Pins DAX,M1: Alert: DAX   1   Pin - Bar !!!!
0	22:36:33.076	Divergence_MACD_FX5_V1.1 DAX,M1: Alert: Reverse bearish divergence on: DAX , 1 minutes chart
0	22:41:04.932	Divergence_MACD_FX5_V1.1 DAX,M1: Alert: Reverse bearish divergence on: DAX , 1 minutes chart
0	22:47:00.419	Divergence_MACD_FX5_V1.1 US30,M1: Alert: Reverse bearish divergence on: US30 , 1 minutes chart
0	22:47:00.424	Divergence_MACD_FX5_V1.1 NAS100,M1: Alert: Reverse bearish divergence on: NAS100 , 1 minutes chart
0	22:47:02.494	Divergence_MACD_FX5_V1.1 SPX500,M1: Alert: Reverse bearish divergence on: SPX500 , 1 minutes chart
0	22:47:08.260	Divergence_MACD_FX5_V1.1 DAX,M1: Alert: Reverse bearish divergence on: DAX , 1 minutes chart
0	22:50:00.423	Divergence_MACD_FX5_V1.1 SPX500,M1: Alert: Reverse bearish divergence on: SPX500 , 1 minutes chart
0	22:50:00.875	Divergence_MACD_FX5_V1.1 NAS100,M1: Alert: Reverse bearish divergence on: NAS100 , 1 minutes chart
0	22:50:00.918	Divergence_MACD_FX5_V1.1 US30,M1: Alert: Reverse bearish divergence on: US30 , 1 minutes chart
0	22:53:00.480	HighLight_Pins NAS100,M1: Alert: NAS100   1   Pin - Bar !!!!
0	22:54:01.653	Divergence_MACD_FX5_V1.1 NAS100,M1: Alert: Reverse bearish divergence on: NAS100 , 1 minutes chart
0	22:54:04.017	Divergence_MACD_FX5_V1.1 SPX500,M1: Alert: Reverse bearish divergence on: SPX500 , 1 minutes chart
0	23:01:00.471	Divergence_MACD_FX5_V1.1 NAS100,M1: Alert: Reverse bullish divergence on: NAS100 , 1 minutes chart
0	23:03:01.326	Divergence_MACD_FX5_V1.1 NAS100,M1: Alert: Classical bearish divergence on: NAS100 , 1 minutes chart
0	23:03:01.467	Divergence_MACD_FX5_V1.1 US30,M1: Alert: Classical bearish divergence on: US30 , 1 minutes chart
0	23:03:02.342	Divergence_MACD_FX5_V1.1 SPX500,M1: Alert: Classical bearish divergence on: SPX500 , 1 minutes chart
0	23:05:01.426	HighLight_Pins DAX,M1: Alert: DAX   1   Pin - Bar !!!!
0	23:18:00.366	HighLight_Pins NAS100,M1: Alert: NAS100   1   Pin - Bar !!!!
0	23:18:00.533	Divergence_MACD_FX5_V1.1 SPX500,M1: Alert: Reverse bullish divergence on: SPX500 , 1 minutes chart
0	23:18:01.618	Divergence_MACD_FX5_V1.1 US30,M1: Alert: Reverse bullish divergence on: US30 , 1 minutes chart
0	23:25:02.617	Divergence_MACD_FX5_V1.1 US30,M1: Alert: Classical bullish divergence on: US30 , 1 minutes chart
0	23:25:03.213	Divergence_MACD_FX5_V1.1 SPX500,M1: Alert: Classical bullish divergence on: SPX500 , 1 minutes chart
0	23:28:00.515	HighLight_Pins US30,M1: Alert: US30   1   Pin - Bar !!!!
0	23:28:00.519	HighLight_Pins SPX500,M1: Alert: SPX500   1   Pin - Bar !!!!
0	23:28:00.523	Divergence_MACD_FX5_V1.1 SPX500,M1: Alert: Classical bullish divergence on: SPX500 , 1 minutes chart
0	23:29:01.601	HighLight_Pins US30,M1: Alert: US30   1   Pin - Bar !!!!
0	23:30:01.357	Divergence_MACD_FX5_V1.1 NAS100,M1: Alert: Reverse bearish divergence on: NAS100 , 1 minutes chart
0	23:30:03.892	HighLight_Pins DAX,M1: Alert: DAX   1   Pin - Bar !!!!
0	23:32:03.653	HighLight_Pins US30,M1: Alert: US30   1   Pin - Bar !!!!
0	23:32:05.939	HighLight_Pins DAX,M1: Alert: DAX   1   Pin - Bar !!!!
0	23:34:00.488	HighLight_Pins NAS100,M1: Alert: NAS100   1   Pin - Bar !!!!
0	23:34:00.591	HighLight_Pins US30,M1: Alert: US30   1   Pin - Bar !!!!
0	23:45:00.677	Divergence_MACD_FX5_V1.1 NAS100,M1: Alert: Reverse bearish divergence on: NAS100 , 1 minutes chart
0	23:46:01.121	Divergence_MACD_FX5_V1.1 US30,M1: Alert: Classical bullish divergence on: US30 , 1 minutes chart
0	23:46:01.935	Divergence_MACD_FX5_V1.1 SPX500,M1: Alert: Classical bullish divergence on: SPX500 , 1 minutes chart
0	23:46:22.839	HighLight_Pins DAX,M1: Alert: DAX   1   Pin - Bar !!!!
0	23:47:01.808	Divergence_MACD_FX5_V1.1 DAX,M1: Alert: Classical bullish divergence on: DAX , 1 minutes chart
0	23:52:04.286	Divergence_MACD_FX5_V1.1 SPX500,M1: Alert: Reverse bearish divergence on: SPX500 , 1 minutes chart
0	23:57:01.823	Divergence_MACD_FX5_V1.1 NAS100,M1: Alert: Classical bearish divergence on: NAS100 , 1 minutes chart
