1	03:00:19.500	'2364914': ping failed
1	03:00:19.609	'2364914': ping failed
1	03:00:19.610	'2364914': datacenter connecting failed [6]
0	03:00:26.632	'2364914': login on Osprey-Demo through DC10 (ping: 105.45 ms)
0	03:00:28.018	'2364914': login datacenter on Osprey-Demo through DC10 (ping: 105.45 ms)
0	03:00:28.425	'2364914': previous successful authorization performed from 99.229.64.240
1	06:39:59.585	'2364914': ping failed
0	06:40:02.402	'2364914': login on Osprey-Demo through DC02 (ping: 145.55 ms)
0	06:40:03.627	'2364914': login datacenter on Osprey-Demo through DC02 (ping: 145.55 ms)
0	06:40:04.151	'2364914': previous successful authorization performed from 99.229.64.240
0	06:40:07.777	'2364914': auto connecting to a better access point DC11 (ping is 111.42 ms)
0	06:40:08.597	'2364914': login on Osprey-Demo through DC11 (ping: 111.42 ms)
0	06:40:09.605	'2364914': login datacenter on Osprey-Demo through DC11 (ping: 111.42 ms)
0	06:40:10.183	'2364914': previous successful authorization performed from 99.229.64.240
0	09:17:35.434	'2364914': order sell market 0.01 US30 sl: 0.00 tp: 0.00
0	09:17:35.850	'2364914': order was opened : #87475688 sell 0.01 US30 at 34448.49 sl: 0.00 tp: 0.00
0	09:30:42.501	'2364914': close order #87475688 sell 0.01 US30 at 34448.49 sl: 0.00 tp: 0.00 at price 0.00
0	09:30:42.947	'2364914': order #87475688 sell 0.01 US30 at 34448.49 sl: 0.00 tp: 0.00 closed at price 34483.99
1	12:04:30.650	'2364914': ping failed
1	12:04:30.987	'2364914': connect failed [No connection]
0	12:04:37.032	'2364914': login on Osprey-Demo through DC11 (ping: 111.42 ms)
0	12:04:38.553	'2364914': login datacenter on Osprey-Demo through DC11 (ping: 111.42 ms)
0	12:04:39.249	'2364914': previous successful authorization performed from 99.229.64.240
0	12:05:06.516	'2364914': ping to current access point DC11 is 108.02 ms
0	12:33:44.422	'2364914': order sell market 0.01 US30 sl: 0.00 tp: 0.00
0	12:33:45.005	'2364914': order was opened : #87513460 sell 0.01 US30 at 34345.99 sl: 0.00 tp: 0.00
0	12:36:24.994	'2364914': close order #87513460 sell 0.01 US30 at 34345.99 sl: 0.00 tp: 0.00 at price 0.00
0	12:36:25.326	'2364914': order #87513460 sell 0.01 US30 at 34345.99 sl: 0.00 tp: 0.00 closed at price 34356.99
1	14:15:08.515	'2364914': ping failed
1	14:15:08.641	'2364914': ping failed
1	14:15:08.641	'2364914': datacenter connecting failed [6]
0	14:15:14.920	'2364914': login on Osprey-Demo through DC10 (ping: 123.20 ms)
0	14:15:16.120	'2364914': login datacenter on Osprey-Demo through DC10 (ping: 123.20 ms)
0	14:15:16.900	'2364914': previous successful authorization performed from 99.229.64.240
0	14:15:44.384	'2364914': auto connecting to a better access point DC11 (ping is 127.12 ms)
0	14:15:44.907	'2364914': login on Osprey-Demo through DC11 (ping: 127.12 ms)
0	14:15:46.649	'2364914': login datacenter on Osprey-Demo through DC11 (ping: 127.12 ms)
0	14:15:47.046	'2364914': previous successful authorization performed from 99.229.64.240
0	15:42:24.001	'2364914': order buy market 0.01 US30 sl: 0.00 tp: 0.00
0	15:42:24.278	'2364914': order was opened : #87538059 buy 0.01 US30 at 34326.00 sl: 0.00 tp: 0.00
1	15:48:51.095	'2364914': ping failed
1	15:48:51.111	'2364914': datacenter connecting failed [6]
0	15:49:06.811	'2364914': login on Osprey-Demo through DC10 (ping: 108.88 ms)
0	15:49:07.943	'2364914': login datacenter on Osprey-Demo through DC10 (ping: 108.88 ms)
0	15:49:08.349	'2364914': previous successful authorization performed from 99.229.64.240
0	15:49:36.405	'2364914': auto connecting to a better access point DC11 (ping is 111.99 ms)
0	15:49:44.051	'2364914': login on Osprey-Demo through DC11 (ping: 111.99 ms)
0	15:49:45.084	'2364914': login datacenter on Osprey-Demo through DC11 (ping: 111.99 ms)
0	15:49:45.445	'2364914': previous successful authorization performed from 99.229.64.240
0	15:53:17.906	'2364914': close order #87538059 buy 0.01 US30 at 34326.00 sl: 0.00 tp: 0.00 at price 0.00
0	15:53:18.198	'2364914': order #87538059 buy 0.01 US30 at 34326.00 sl: 0.00 tp: 0.00 closed at price 34343.99
2	15:57:59.583	Custom indicator HeikenAshiCandles(MTFD)I Altered  colors 2 Medium US30,M1: loaded successfully
2	16:04:36.446	Custom indicator MarketMarkers_v1.1 US30,M1: removed
2	16:04:36.449	Custom indicator _HOD_LOD_Close_1 US30,M1: removed
2	16:04:36.451	Custom indicator HighLight_Pins US30,M1: removed
2	16:04:36.452	Custom indicator ZigZag&HiLoValues v2.4 US30,M1: removed
2	16:04:36.454	Custom indicator Magnified_Market_Price US30,M1: removed
2	16:04:36.456	Custom indicator Semafor (1ball) US30,M1: removed
2	16:04:36.458	Custom indicator pipsometer_5_decimal US30,M1: removed
2	16:04:36.459	Custom indicator SweetSpotsGOLD_TRO_MODIFIED_VERSION(Bullforyou.com) US30,M1: removed
2	16:04:36.460	Custom indicator TMA+CG mladen NRP TEAMTRADER7 US30,M1: removed
2	16:04:36.461	Custom indicator LSMA_in_Color US30,M1: removed
2	16:04:36.463	Custom indicator nn_Crosshair_Sync_2_1_3 US30,M1: removed
2	16:04:36.464	Custom indicator HeikenAshiCandles(MTFD)I Altered  colors 2 Medium US30,M1: removed
2	16:04:36.466	Custom indicator ZeroLag_MACD US30,M1: removed
2	16:04:36.467	Custom indicator Divergence_MACD_FX5_V1.1 US30,M1: removed
2	16:04:36.468	Custom indicator ticks-volume4 US30,M1: removed
2	16:04:36.504	Custom indicator pipsometer_5_decimal US30,M1: loaded successfully
2	16:04:36.521	Custom indicator Magnified_Market_Price US30,M1: loaded successfully
2	16:04:36.561	Custom indicator ZigZag&HiLoValues v2.5 US30,M1: loaded successfully
2	16:04:36.577	Custom indicator _HOD_LOD_Close_1 US30,M1: loaded successfully
2	16:04:36.591	Custom indicator Semafor (1ball) US30,M1: loaded successfully
2	16:04:36.611	Custom indicator TMA+CG mladen NRP TEAMTRADER7 US30,M1: loaded successfully
2	16:04:36.629	Custom indicator SweetSpotsGOLD_TRO_MODIFIED_VERSION(Bullforyou.com) US30,M1: loaded successfully
2	16:04:36.645	Custom indicator ticks-volume4 US30,M1: loaded successfully
2	16:04:36.665	Custom indicator Divergence_MACD_FX5_V1.1 US30,M1: loaded successfully
2	16:04:36.688	Custom indicator ZeroLag_MACD US30,M1: loaded successfully
2	16:06:42.099	Custom indicator pipsometer_5_decimal US30,M1: removed
2	16:06:42.100	Custom indicator Magnified_Market_Price US30,M1: removed
2	16:06:42.101	Custom indicator ZigZag&HiLoValues v2.5 US30,M1: removed
2	16:06:42.103	Custom indicator _HOD_LOD_Close_1 US30,M1: removed
2	16:06:42.105	Custom indicator Semafor (1ball) US30,M1: removed
2	16:06:42.106	Custom indicator TMA+CG mladen NRP TEAMTRADER7 US30,M1: removed
2	16:06:42.108	Custom indicator SweetSpotsGOLD_TRO_MODIFIED_VERSION(Bullforyou.com) US30,M1: removed
2	16:06:42.109	Custom indicator ticks-volume4 US30,M1: removed
2	16:06:42.111	Custom indicator Divergence_MACD_FX5_V1.1 US30,M1: removed
2	16:06:42.112	Custom indicator ZeroLag_MACD US30,M1: removed
2	16:06:42.133	Custom indicator pipsometer_5_decimal US30,M1: loaded successfully
2	16:06:42.143	Custom indicator Magnified_Market_Price US30,M1: loaded successfully
2	16:06:42.157	Custom indicator ZigZag&HiLoValues v2.5 US30,M1: loaded successfully
2	16:06:42.168	Custom indicator _HOD_LOD_Close_1 US30,M1: loaded successfully
2	16:06:42.178	Custom indicator Semafor (1ball) US30,M1: loaded successfully
2	16:06:42.192	Custom indicator TMA+CG mladen NRP TEAMTRADER7 US30,M1: loaded successfully
2	16:06:42.204	Custom indicator SweetSpotsGOLD_TRO_MODIFIED_VERSION(Bullforyou.com) US30,M1: loaded successfully
2	16:06:42.214	Custom indicator ticks-volume4 US30,M1: loaded successfully
2	16:06:42.224	Custom indicator Divergence_MACD_FX5_V1.1 US30,M1: loaded successfully
2	16:06:42.244	Custom indicator ZeroLag_MACD US30,M1: loaded successfully
2	16:10:56.050	Custom indicator pipsometer_5_decimal US30,M1: removed
2	16:10:56.051	Custom indicator Magnified_Market_Price US30,M1: removed
2	16:10:56.054	Custom indicator ZigZag&HiLoValues v2.5 US30,M1: removed
2	16:10:56.056	Custom indicator _HOD_LOD_Close_1 US30,M1: removed
2	16:10:56.057	Custom indicator Semafor (1ball) US30,M1: removed
2	16:10:56.059	Custom indicator TMA+CG mladen NRP TEAMTRADER7 US30,M1: removed
2	16:10:56.060	Custom indicator SweetSpotsGOLD_TRO_MODIFIED_VERSION(Bullforyou.com) US30,M1: removed
2	16:10:56.061	Custom indicator ticks-volume4 US30,M1: removed
2	16:10:56.062	Custom indicator Divergence_MACD_FX5_V1.1 US30,M1: removed
2	16:10:56.064	Custom indicator ZeroLag_MACD US30,M1: removed
2	16:10:56.084	Custom indicator pipsometer_5_decimal US30,M1: loaded successfully
2	16:10:56.095	Custom indicator Magnified_Market_Price US30,M1: loaded successfully
2	16:10:56.114	Custom indicator Xandra\HeikenAshiCandles(MTFD)I Altered  colors 4 Medium US30,M1: loaded successfully
2	16:10:56.126	Custom indicator Xandra\HeikenAshiCandles(MTFD)I Altered  colors 3 medium US30,M1: loaded successfully
2	16:10:56.142	Custom indicator Xandra\HeikenAshiCandles(MTFD)I Altered  colors 2 medium US30,M1: loaded successfully
2	16:10:56.152	Custom indicator ZigZag&HiLoValues v2.5 US30,M1: loaded successfully
2	16:10:56.166	Custom indicator Xandra\Xandra\SupResI US30,M1: loaded successfully
2	16:10:56.177	Custom indicator _HOD_LOD_Close_1 US30,M1: loaded successfully
2	16:10:56.187	Custom indicator Semafor (1ball) US30,M1: loaded successfully
2	16:10:56.197	Custom indicator TMA+CG mladen NRP TEAMTRADER7 US30,M1: loaded successfully
2	16:10:56.208	Custom indicator SweetSpotsGOLD_TRO_MODIFIED_VERSION(Bullforyou.com) US30,M1: loaded successfully
2	16:10:56.217	Custom indicator ticks-volume4 US30,M1: loaded successfully
2	16:10:56.228	Custom indicator Divergence_MACD_FX5_V1.1 US30,M1: loaded successfully
2	16:10:56.248	Custom indicator ZeroLag_MACD US30,M1: loaded successfully
0	17:14:14.248	Sources recompilation started
2	17:14:19.947	Custom indicator HeikenAshiCandles(MTFD)I Altered  colors 2 Medium US30,M15: removed
2	17:14:19.957	Custom indicator HeikenAshiCandles(MTFD)I Altered  colors 2 Medium US30,M15: loaded successfully
2	17:14:39.448	Custom indicator pipsometer_5_decimal US30,M1: removed
2	17:14:39.449	Custom indicator Magnified_Market_Price US30,M1: removed
2	17:14:39.450	Custom indicator HeikenAshiCandles(MTFD)I Altered  colors 4 Medium US30,M1: removed
2	17:14:39.453	Custom indicator HeikenAshiCandles(MTFD)I Altered  colors 3 medium US30,M1: removed
2	17:14:39.454	Custom indicator HeikenAshiCandles(MTFD)I Altered  colors 2 medium US30,M1: removed
2	17:14:39.455	Custom indicator ZigZag&HiLoValues v2.5 US30,M1: removed
2	17:14:39.457	Custom indicator SupResI US30,M1: removed
2	17:14:39.458	Custom indicator _HOD_LOD_Close_1 US30,M1: removed
2	17:14:39.460	Custom indicator Semafor (1ball) US30,M1: removed
2	17:14:39.461	Custom indicator TMA+CG mladen NRP TEAMTRADER7 US30,M1: removed
2	17:14:39.462	Custom indicator SweetSpotsGOLD_TRO_MODIFIED_VERSION(Bullforyou.com) US30,M1: removed
2	17:14:39.464	Custom indicator ticks-volume4 US30,M1: removed
2	17:14:39.465	Custom indicator Divergence_MACD_FX5_V1.1 US30,M1: removed
2	17:14:39.467	Custom indicator ZeroLag_MACD US30,M1: removed
2	17:14:39.494	Custom indicator pipsometer_5_decimal US30,M1: loaded successfully
2	17:14:39.504	Custom indicator Magnified_Market_Price US30,M1: loaded successfully
2	17:14:39.514	Custom indicator Xandra\HeikenAshiCandles(MTFD)I Altered  colors 4 Medium US30,M1: loaded successfully
2	17:14:39.525	Custom indicator Xandra\HeikenAshiCandles(MTFD)I Altered  colors 3 medium US30,M1: loaded successfully
2	17:14:39.536	Custom indicator Xandra\HeikenAshiCandles(MTFD)I Altered  colors 2 medium US30,M1: loaded successfully
2	17:14:39.546	Custom indicator ZigZag&HiLoValues v2.5 US30,M1: loaded successfully
2	17:14:39.556	Custom indicator Xandra\Xandra\SupResI US30,M1: loaded successfully
2	17:14:39.566	Custom indicator _HOD_LOD_Close_1 US30,M1: loaded successfully
2	17:14:39.575	Custom indicator Semafor (1ball) US30,M1: loaded successfully
2	17:14:39.586	Custom indicator TMA+CG mladen NRP TEAMTRADER7 US30,M1: loaded successfully
2	17:14:39.597	Custom indicator MR tma 7 US30,M1: loaded successfully
2	17:14:39.605	Custom indicator SweetSpotsGOLD_TRO_MODIFIED_VERSION(Bullforyou.com) US30,M1: loaded successfully
2	17:14:39.614	Custom indicator ticks-volume4 US30,M1: loaded successfully
2	17:14:39.624	Custom indicator Divergence_MACD_FX5_V1.1 US30,M1: loaded successfully
2	17:14:39.643	Custom indicator ZeroLag_MACD US30,M1: loaded successfully
1	18:53:11.290	'2364914': datacenter connecting failed [6]
0	18:53:11.911	'2364914': login on Osprey-Demo through DC10 (ping: 113.11 ms)
0	18:53:12.915	'2364914': login datacenter on Osprey-Demo through DC10 (ping: 113.11 ms)
0	18:53:13.318	'2364914': previous successful authorization performed from 99.229.64.240
0	18:53:40.733	'2364914': auto connecting to a better access point DC11 (ping is 100.39 ms)
0	18:53:44.363	'2364914': login on Osprey-Demo through DC11 (ping: 100.39 ms)
0	18:53:45.250	'2364914': login datacenter on Osprey-Demo through DC11 (ping: 100.39 ms)
0	18:53:45.657	'2364914': previous successful authorization performed from 99.229.64.240
2	19:33:52.630	Custom indicator HeikenAshiCandles(MTFD)I Altered  colors 2 Medium US30,M15: removed
2	19:33:52.631	Custom indicator nn_Crosshair_Sync_2_1_3 US30,M15: removed
