1	01:35:26.307	'2364914': datacenter connecting failed [6]
0	01:35:47.954	'2364914': login on Osprey-Demo through DC05 (ping: 118.16 ms)
0	01:35:50.044	'2364914': login datacenter on Osprey-Demo through DC05 (ping: 118.16 ms)
0	01:35:50.502	'2364914': previous successful authorization performed from 99.229.64.240
0	01:36:29.453	'2364914': auto connecting to a better access point DC10 (ping is 117.15 ms)
0	01:36:30.009	'2364914': login on Osprey-Demo through DC10 (ping: 117.15 ms)
0	01:36:30.896	'2364914': login datacenter on Osprey-Demo through DC10 (ping: 117.15 ms)
0	01:36:31.303	'2364914': previous successful authorization performed from 99.229.64.240
2	06:26:07.156	Custom indicator MarketMarkers_v1.1 NAS100,M1: removed
2	06:26:07.157	Custom indicator _HOD_LOD_Close_1 NAS100,M1: removed
2	06:26:07.160	Custom indicator HighLight_Pins NAS100,M1: removed
2	06:26:07.162	Custom indicator ZigZag&HiLoValues v2.4 NAS100,M1: removed
2	06:26:07.164	Custom indicator Magnified_Market_Price NAS100,M1: removed
2	06:26:07.166	Custom indicator Semafor (1ball) NAS100,M1: removed
2	06:26:07.168	Custom indicator pipsometer_5_decimal NAS100,M1: removed
2	06:26:07.169	Custom indicator SweetSpotsGOLD_TRO_MODIFIED_VERSION(Bullforyou.com) NAS100,M1: removed
2	06:26:07.171	Custom indicator TMA+CG mladen NRP TEAMTRADER7 NAS100,M1: removed
2	06:26:07.173	Custom indicator LSMA_in_Color NAS100,M1: removed
2	06:26:07.175	Custom indicator ZeroLag_MACD NAS100,M1: removed
2	06:26:07.177	Custom indicator Divergence_MACD_FX5_V1.1 NAS100,M1: removed
2	06:26:07.179	Custom indicator ticks-volume4 NAS100,M1: removed
2	06:26:11.924	Custom indicator MarketMarkers_v1.1 SPX500,M1: removed
2	06:26:11.925	Custom indicator _HOD_LOD_Close_1 SPX500,M1: removed
2	06:26:11.927	Custom indicator HighLight_Pins SPX500,M1: removed
2	06:26:11.928	Custom indicator ZigZag&HiLoValues v2.4 SPX500,M1: removed
2	06:26:11.930	Custom indicator Magnified_Market_Price SPX500,M1: removed
2	06:26:11.932	Custom indicator Semafor (1ball) SPX500,M1: removed
2	06:26:11.933	Custom indicator pipsometer_5_decimal SPX500,M1: removed
2	06:26:11.934	Custom indicator SweetSpotsGOLD_TRO_MODIFIED_VERSION(Bullforyou.com) SPX500,M1: removed
2	06:26:11.936	Custom indicator TMA+CG mladen NRP TEAMTRADER7 SPX500,M1: removed
2	06:26:11.937	Custom indicator LSMA_in_Color SPX500,M1: removed
2	06:26:11.938	Custom indicator ZeroLag_MACD SPX500,M1: removed
2	06:26:11.940	Custom indicator Divergence_MACD_FX5_V1.1 SPX500,M1: removed
2	06:26:11.941	Custom indicator ticks-volume4 SPX500,M1: removed
2	06:26:19.094	Custom indicator MarketMarkers_v1.1 DAX,M1: removed
2	06:26:19.095	Custom indicator _HOD_LOD_Close_1 DAX,M1: removed
2	06:26:19.097	Custom indicator HighLight_Pins DAX,M1: removed
2	06:26:19.099	Custom indicator ZigZag&HiLoValues v2.4 DAX,M1: removed
2	06:26:19.100	Custom indicator Magnified_Market_Price DAX,M1: removed
2	06:26:19.101	Custom indicator Semafor (1ball) DAX,M1: removed
2	06:26:19.102	Custom indicator pipsometer_5_decimal DAX,M1: removed
2	06:26:19.104	Custom indicator SweetSpotsGOLD_TRO_MODIFIED_VERSION(Bullforyou.com) DAX,M1: removed
2	06:26:19.106	Custom indicator TMA+CG mladen NRP TEAMTRADER7 DAX,M1: removed
2	06:26:19.107	Custom indicator LSMA_in_Color DAX,M1: removed
2	06:26:19.108	Custom indicator ZeroLag_MACD DAX,M1: removed
2	06:26:19.110	Custom indicator Divergence_MACD_FX5_V1.1 DAX,M1: removed
2	06:26:19.112	Custom indicator ticks-volume4 DAX,M1: removed
1	13:48:33.826	'2364914': ping failed
1	13:48:33.842	'2364914': datacenter connecting failed [6]
1	13:48:33.961	MQL5.community: authorization failed
1	13:48:33.997	'2364914': connect failed [No connection]
1	13:50:08.708	MQL5.community: authorization failed
1	13:57:33.004	MQL5.community: authorization failed
1	14:02:33.085	MQL5.community: authorization failed
1	14:05:19.771	MQL5.community: authorization failed
0	14:06:28.185	'2364914': login on Osprey-Demo through DC10 (ping: n/a)
0	14:06:29.332	'2364914': login datacenter on Osprey-Demo through DC10 (ping: n/a)
0	14:06:29.730	'2364914': previous successful authorization performed from 99.229.64.240
0	14:06:58.016	'2364914': auto connecting to a better access point DC11 (ping is 106.47 ms)
0	14:06:58.659	'2364914': login on Osprey-Demo through DC11 (ping: 106.47 ms)
0	14:06:59.982	'2364914': login datacenter on Osprey-Demo through DC11 (ping: 106.47 ms)
0	14:07:00.408	'2364914': previous successful authorization performed from 99.229.64.240
1	14:21:20.701	'2364914': ping failed
1	14:21:20.716	'2364914': datacenter connecting failed [6]
0	14:21:49.574	'2364914': login on Osprey-Demo through DC02 (ping: 151.18 ms)
0	14:21:51.133	'2364914': login datacenter on Osprey-Demo through DC02 (ping: 151.18 ms)
0	14:21:51.655	'2364914': previous successful authorization performed from 99.229.64.240
0	14:25:31.779	'2364914': one click trading has been enabled
0	14:25:33.192	'2364914': order buy market 0.01 US30 sl: 0.00 tp: 0.00
0	14:25:33.581	'2364914': order was opened : #86845518 buy 0.01 US30 at 34469.49 sl: 0.00 tp: 0.00
0	14:40:03.939	'2364914': close order #86845518 buy 0.01 US30 at 34469.49 sl: 0.00 tp: 0.00 at price 0.00
0	14:40:04.236	'2364914': order #86845518 buy 0.01 US30 at 34469.49 sl: 0.00 tp: 0.00 closed at price 34490.49
0	14:54:10.473	'2364914': order sell market 0.01 US30 sl: 0.00 tp: 0.00
0	14:54:10.852	'2364914': order was opened : #86848201 sell 0.01 US30 at 34515.49 sl: 0.00 tp: 0.00
0	15:06:33.034	'2364914': close order #86848201 sell 0.01 US30 at 34515.49 sl: 0.00 tp: 0.00 at price 0.00
0	15:06:33.355	'2364914': order #86848201 sell 0.01 US30 at 34515.49 sl: 0.00 tp: 0.00 closed at price 34488.49
1	15:35:44.796	'2364914': connect failed [No connection]
0	15:39:59.558	'2364914': login on Osprey-Demo through DC01 (ping: n/a)
0	15:40:01.280	'2364914': login datacenter on Osprey-Demo through DC01 (ping: n/a)
0	15:40:01.828	'2364914': previous successful authorization performed from 99.229.64.240
0	15:40:30.110	'2364914': auto connecting to a better access point DC11 (ping is 132.55 ms)
0	15:40:30.760	'2364914': login on Osprey-Demo through DC11 (ping: 132.55 ms)
0	15:40:32.496	'2364914': login datacenter on Osprey-Demo through DC11 (ping: 132.55 ms)
0	15:40:33.083	'2364914': previous successful authorization performed from 99.229.64.240
2	16:54:51.040	Custom indicator TMA+CG mladen NRP TEAMTRADER7 US30,H1: loaded successfully
2	16:56:08.649	Custom indicator TMA+CG mladen NRP TEAMTRADER7 US30,M1: removed
2	16:56:08.666	Custom indicator MarketMarkers_v1.1 US30,M1: loaded successfully
2	16:56:08.678	Custom indicator _HOD_LOD_Close_1 US30,M1: loaded successfully
2	16:56:08.691	Custom indicator HighLight_Pins US30,M1: loaded successfully
2	16:56:08.702	Custom indicator ZigZag&HiLoValues v2.4 US30,M1: loaded successfully
2	16:56:08.714	Custom indicator Magnified_Market_Price US30,M1: loaded successfully
2	16:56:08.725	Custom indicator Semafor (1ball) US30,M1: loaded successfully
2	16:56:08.737	Custom indicator pipsometer_5_decimal US30,M1: loaded successfully
2	16:56:08.747	Custom indicator SweetSpotsGOLD_TRO_MODIFIED_VERSION(Bullforyou.com) US30,M1: loaded successfully
2	16:56:08.759	Custom indicator TMA+CG mladen NRP TEAMTRADER7 US30,M1: loaded successfully
2	16:56:08.771	Custom indicator LSMA_in_Color US30,M1: loaded successfully
2	16:56:08.781	Custom indicator ZeroLag_MACD US30,M1: loaded successfully
2	16:56:08.792	Custom indicator Divergence_MACD_FX5_V1.1 US30,M1: loaded successfully
2	16:56:08.803	Custom indicator ticks-volume4 US30,M1: loaded successfully
2	16:56:16.928	Custom indicator TMA+CG mladen NRP TEAMTRADER7 US30,M1: removed
2	16:56:54.298	Custom indicator MarketMarkers_v1.1 US30,M1: removed
2	16:56:54.301	Custom indicator _HOD_LOD_Close_1 US30,M1: removed
2	16:56:54.303	Custom indicator HighLight_Pins US30,M1: removed
2	16:56:54.305	Custom indicator ZigZag&HiLoValues v2.4 US30,M1: removed
2	16:56:54.307	Custom indicator Magnified_Market_Price US30,M1: removed
2	16:56:54.310	Custom indicator Semafor (1ball) US30,M1: removed
2	16:56:54.312	Custom indicator pipsometer_5_decimal US30,M1: removed
2	16:56:54.314	Custom indicator SweetSpotsGOLD_TRO_MODIFIED_VERSION(Bullforyou.com) US30,M1: removed
2	16:56:54.316	Custom indicator LSMA_in_Color US30,M1: removed
2	16:56:54.318	Custom indicator ZeroLag_MACD US30,M1: removed
2	16:56:54.319	Custom indicator Divergence_MACD_FX5_V1.1 US30,M1: removed
2	16:56:54.321	Custom indicator ticks-volume4 US30,M1: removed
2	16:56:54.342	Custom indicator MarketMarkers_v1.1 US30,M1: loaded successfully
2	16:56:54.356	Custom indicator _HOD_LOD_Close_1 US30,M1: loaded successfully
2	16:56:54.370	Custom indicator HighLight_Pins US30,M1: loaded successfully
2	16:56:54.384	Custom indicator ZigZag&HiLoValues v2.4 US30,M1: loaded successfully
2	16:56:54.398	Custom indicator Magnified_Market_Price US30,M1: loaded successfully
2	16:56:54.411	Custom indicator Semafor (1ball) US30,M1: loaded successfully
2	16:56:54.423	Custom indicator pipsometer_5_decimal US30,M1: loaded successfully
2	16:56:54.436	Custom indicator SweetSpotsGOLD_TRO_MODIFIED_VERSION(Bullforyou.com) US30,M1: loaded successfully
2	16:56:54.446	Custom indicator TMA+CG mladen NRP TEAMTRADER7 US30,M1: loaded successfully
2	16:56:54.458	Custom indicator LSMA_in_Color US30,M1: loaded successfully
2	16:56:54.469	Custom indicator ZeroLag_MACD US30,M1: loaded successfully
2	16:56:54.482	Custom indicator Divergence_MACD_FX5_V1.1 US30,M1: loaded successfully
2	16:56:54.492	Custom indicator ticks-volume4 US30,M1: loaded successfully
2	16:57:05.176	Custom indicator MarketMarkers_v1.1 US30,M1: removed
2	16:57:09.165	Custom indicator _HOD_LOD_Close_1 US30,M1: removed
2	16:57:11.330	Custom indicator HighLight_Pins US30,M1: removed
2	16:57:13.170	Custom indicator ZigZag&HiLoValues v2.4 US30,M1: removed
2	16:57:15.094	Custom indicator Magnified_Market_Price US30,M1: removed
2	16:57:17.816	Custom indicator Semafor (1ball) US30,M1: removed
2	16:57:20.704	Custom indicator pipsometer_5_decimal US30,M1: removed
2	16:57:25.218	Custom indicator ZeroLag_MACD US30,M1: removed
2	16:57:27.190	Custom indicator Divergence_MACD_FX5_V1.1 US30,M1: removed
2	16:57:29.960	Custom indicator ticks-volume4 US30,M1: removed
2	16:59:27.401	Custom indicator LSMA_in_Color US30,M1: removed
2	17:00:18.656	Custom indicator TMA+CG mladen NRP TEAMTRADER7 US30,H1: loaded successfully
2	19:43:09.291	Custom indicator TMA+CG mladen NRP TEAMTRADER7 US30,H1: loaded successfully
2	19:43:20.158	Custom indicator TMA TRUE v2 US30,H1: loaded successfully
2	19:43:47.701	Custom indicator TMA+CG mladen NRP TEAMTRADER7 US30,H1: loaded successfully
2	19:44:08.469	Custom indicator HeikenAshiCandles(MTFD)I Altered  colors 2 Medium US30,H1: loaded successfully
2	19:51:57.712	Custom indicator TMA+CG mladen NRP TEAMTRADER7 US30,M1: removed
2	19:51:57.712	Custom indicator HeikenAshiCandles(MTFD)I Altered  colors 2 Medium US30,M1: removed
2	21:58:13.457	Custom indicator HighLight_Pins US30,M1: removed
2	21:58:13.474	Custom indicator HighLight_Pins US30,M1: loaded successfully
2	21:58:30.282	Custom indicator HighLight_Pins US30,M1: removed
2	21:58:30.293	Custom indicator HighLight_Pins US30,M1: loaded successfully
