0	03:16:22.413	'2364914': login on Osprey-Demo through DC10 (ping: 126.40 ms)
0	03:16:25.436	'2364914': login datacenter on Osprey-Demo through DC10 (ping: 126.40 ms)
0	03:16:25.968	'2364914': previous successful authorization performed from 99.229.64.240
0	03:17:05.493	'2364914': ping to current access point DC10 is 124.58 ms
1	13:01:43.982	'2364914': ping failed
1	13:01:43.986	'2364914': datacenter connecting failed [6]
1	13:01:44.594	MQL5.community: authorization failed
1	13:01:44.624	'2364914': connect failed [No connection]
0	13:07:48.040	'2364914': login on Osprey-Demo through DC10 (ping: n/a)
0	13:07:49.767	'2364914': login datacenter on Osprey-Demo through DC10 (ping: n/a)
0	13:07:50.380	'2364914': previous successful authorization performed from 99.229.64.240
0	13:08:18.778	'2364914': ping to current access point DC10 is 111.28 ms
1	13:49:52.492	'2364914': ping failed
0	13:49:53.242	'2364914': login on Osprey-Demo through DC10 (ping: 111.28 ms)
0	13:49:54.540	'2364914': login datacenter on Osprey-Demo through DC10 (ping: 111.28 ms)
0	13:49:54.934	'2364914': previous successful authorization performed from 99.229.64.240
2	14:39:28.732	Custom indicator TMA+CG mladen NRP TEAMTRADER7 US30,M1: removed
2	14:39:28.748	Custom indicator TMA+CG mladen NRP TEAMTRADER7 US30,M1: loaded successfully
2	14:40:03.006	Custom indicator TMA+CG mladen NRP TEAMTRADER7 US30,M15: removed
2	14:40:03.007	Custom indicator TMA TRUE v2 US30,M15: removed
2	14:40:03.017	Custom indicator TMA+CG mladen NRP TEAMTRADER7 US30,M15: loaded successfully
2	14:40:03.034	Custom indicator TMA TRUE v2 US30,M15: loaded successfully
2	14:40:30.035	Custom indicator SweetSpotsGOLD_TRO_MODIFIED_VERSION(Bullforyou.com) US30,M1: removed
2	14:40:30.037	Custom indicator TMA+CG mladen NRP TEAMTRADER7 US30,M1: removed
2	14:40:30.078	Custom indicator MarketMarkers_v1.1 US30,M1: loaded successfully
2	14:40:30.097	Custom indicator _HOD_LOD_Close_1 US30,M1: loaded successfully
2	14:40:30.112	Custom indicator HighLight_Pins US30,M1: loaded successfully
2	14:40:30.129	Custom indicator ZigZag&HiLoValues v2.4 US30,M1: loaded successfully
2	14:40:30.148	Custom indicator Magnified_Market_Price US30,M1: loaded successfully
2	14:40:30.163	Custom indicator Semafor (1ball) US30,M1: loaded successfully
2	14:40:30.183	Custom indicator pipsometer_5_decimal US30,M1: loaded successfully
2	14:40:30.201	Custom indicator SweetSpotsGOLD_TRO_MODIFIED_VERSION(Bullforyou.com) US30,M1: loaded successfully
2	14:40:30.212	Custom indicator TMA+CG mladen NRP TEAMTRADER7 US30,M1: loaded successfully
2	14:40:30.234	Custom indicator LSMA_in_Color US30,M1: loaded successfully
2	14:40:30.258	Custom indicator ZeroLag_MACD US30,M1: loaded successfully
2	14:40:30.292	Custom indicator Divergence_MACD_FX5_V1.1 US30,M1: loaded successfully
2	14:40:30.317	Custom indicator ticks-volume4 US30,M1: loaded successfully
2	15:32:17.110	Custom indicator MarketMarkers_v1.1 US30,M1: removed
2	15:32:17.111	Custom indicator _HOD_LOD_Close_1 US30,M1: removed
2	15:32:17.113	Custom indicator HighLight_Pins US30,M1: removed
2	15:32:17.115	Custom indicator ZigZag&HiLoValues v2.4 US30,M1: removed
2	15:32:17.116	Custom indicator Magnified_Market_Price US30,M1: removed
2	15:32:17.117	Custom indicator Semafor (1ball) US30,M1: removed
2	15:32:17.119	Custom indicator pipsometer_5_decimal US30,M1: removed
2	15:32:17.122	Custom indicator SweetSpotsGOLD_TRO_MODIFIED_VERSION(Bullforyou.com) US30,M1: removed
2	15:32:17.124	Custom indicator TMA+CG mladen NRP TEAMTRADER7 US30,M1: removed
2	15:32:17.126	Custom indicator LSMA_in_Color US30,M1: removed
2	15:32:17.127	Custom indicator ZeroLag_MACD US30,M1: removed
2	15:32:17.129	Custom indicator Divergence_MACD_FX5_V1.1 US30,M1: removed
2	15:32:17.130	Custom indicator ticks-volume4 US30,M1: removed
2	15:32:17.146	Custom indicator MarketMarkers_v1.1 US30,M1: loaded successfully
2	15:32:17.157	Custom indicator _HOD_LOD_Close_1 US30,M1: loaded successfully
2	15:32:17.167	Custom indicator HighLight_Pins US30,M1: loaded successfully
2	15:32:17.180	Custom indicator ZigZag&HiLoValues v2.4 US30,M1: loaded successfully
2	15:32:17.190	Custom indicator Magnified_Market_Price US30,M1: loaded successfully
2	15:32:17.201	Custom indicator Semafor (1ball) US30,M1: loaded successfully
2	15:32:17.211	Custom indicator pipsometer_5_decimal US30,M1: loaded successfully
2	15:32:17.222	Custom indicator SweetSpotsGOLD_TRO_MODIFIED_VERSION(Bullforyou.com) US30,M1: loaded successfully
2	15:32:17.233	Custom indicator TMA+CG mladen NRP TEAMTRADER7 US30,M1: loaded successfully
2	15:32:17.244	Custom indicator LSMA_in_Color US30,M1: loaded successfully
2	15:32:17.254	Custom indicator ZeroLag_MACD US30,M1: loaded successfully
2	15:32:17.265	Custom indicator Divergence_MACD_FX5_V1.1 US30,M1: loaded successfully
2	15:32:17.276	Custom indicator ticks-volume4 US30,M1: loaded successfully
2	15:32:32.574	Custom indicator TMA+CG mladen NRP TEAMTRADER7 US30,M15: removed
2	15:32:32.576	Custom indicator TMA TRUE v2 US30,M15: removed
2	15:32:32.627	Custom indicator MarketMarkers_v1.1 US30,M15: loaded successfully
2	15:32:32.641	Custom indicator _HOD_LOD_Close_1 US30,M15: loaded successfully
2	15:32:32.652	Custom indicator HighLight_Pins US30,M15: loaded successfully
2	15:32:32.663	Custom indicator ZigZag&HiLoValues v2.4 US30,M15: loaded successfully
2	15:32:32.676	Custom indicator Magnified_Market_Price US30,M15: loaded successfully
2	15:32:32.687	Custom indicator Semafor (1ball) US30,M15: loaded successfully
2	15:32:32.699	Custom indicator pipsometer_5_decimal US30,M15: loaded successfully
2	15:32:32.712	Custom indicator SweetSpotsGOLD_TRO_MODIFIED_VERSION(Bullforyou.com) US30,M15: loaded successfully
2	15:32:32.724	Custom indicator TMA+CG mladen NRP TEAMTRADER7 US30,M15: loaded successfully
2	15:32:32.735	Custom indicator LSMA_in_Color US30,M15: loaded successfully
2	15:32:32.745	Custom indicator ZeroLag_MACD US30,M15: loaded successfully
2	15:32:32.776	Custom indicator Divergence_MACD_FX5_V1.1 US30,M15: loaded successfully
2	15:32:32.786	Custom indicator ticks-volume4 US30,M15: loaded successfully
2	15:32:32.807	Expert EdhoTraderToolEA US30,M15: loaded successfully
2	15:34:54.051	Custom indicator MarketMarkers_v1.1 US30,M1: removed
2	15:34:54.060	Custom indicator _HOD_LOD_Close_1 US30,M1: removed
2	15:34:54.061	Custom indicator HighLight_Pins US30,M1: removed
2	15:34:54.063	Custom indicator ZigZag&HiLoValues v2.4 US30,M1: removed
2	15:34:54.065	Custom indicator Magnified_Market_Price US30,M1: removed
2	15:34:54.067	Custom indicator Semafor (1ball) US30,M1: removed
2	15:34:54.069	Custom indicator pipsometer_5_decimal US30,M1: removed
2	15:34:54.071	Custom indicator SweetSpotsGOLD_TRO_MODIFIED_VERSION(Bullforyou.com) US30,M1: removed
2	15:34:54.073	Custom indicator TMA+CG mladen NRP TEAMTRADER7 US30,M1: removed
2	15:34:54.076	Custom indicator LSMA_in_Color US30,M1: removed
2	15:34:54.079	Custom indicator ZeroLag_MACD US30,M1: removed
2	15:34:54.080	Custom indicator Divergence_MACD_FX5_V1.1 US30,M1: removed
2	15:34:54.082	Custom indicator ticks-volume4 US30,M1: removed
2	15:34:54.115	Custom indicator MarketMarkers_v1.1 US30,M1: loaded successfully
2	15:34:54.129	Custom indicator _HOD_LOD_Close_1 US30,M1: loaded successfully
2	15:34:54.141	Custom indicator HighLight_Pins US30,M1: loaded successfully
2	15:34:54.153	Custom indicator ZigZag&HiLoValues v2.4 US30,M1: loaded successfully
2	15:34:54.167	Custom indicator Magnified_Market_Price US30,M1: loaded successfully
2	15:34:54.179	Custom indicator Semafor (1ball) US30,M1: loaded successfully
2	15:34:54.191	Custom indicator pipsometer_5_decimal US30,M1: loaded successfully
2	15:34:54.204	Custom indicator SweetSpotsGOLD_TRO_MODIFIED_VERSION(Bullforyou.com) US30,M1: loaded successfully
2	15:34:54.216	Custom indicator TMA+CG mladen NRP TEAMTRADER7 US30,M1: loaded successfully
2	15:34:54.227	Custom indicator LSMA_in_Color US30,M1: loaded successfully
2	15:34:54.237	Custom indicator ZeroLag_MACD US30,M1: loaded successfully
2	15:34:54.262	Custom indicator Divergence_MACD_FX5_V1.1 US30,M1: loaded successfully
2	15:34:54.275	Custom indicator ticks-volume4 US30,M1: loaded successfully
2	15:34:54.288	Expert EdhoTraderToolEA US30,M1: loaded successfully
2	15:35:07.117	Expert EdhoTraderToolEA US30,M15: removed
2	15:35:07.119	Custom indicator MarketMarkers_v1.1 US30,M15: removed
2	15:35:07.120	Custom indicator _HOD_LOD_Close_1 US30,M15: removed
2	15:35:07.122	Custom indicator HighLight_Pins US30,M15: removed
2	15:35:07.123	Custom indicator ZigZag&HiLoValues v2.4 US30,M15: removed
2	15:35:07.124	Custom indicator Magnified_Market_Price US30,M15: removed
2	15:35:07.126	Custom indicator Semafor (1ball) US30,M15: removed
2	15:35:07.128	Custom indicator pipsometer_5_decimal US30,M15: removed
2	15:35:07.129	Custom indicator SweetSpotsGOLD_TRO_MODIFIED_VERSION(Bullforyou.com) US30,M15: removed
2	15:35:07.131	Custom indicator TMA+CG mladen NRP TEAMTRADER7 US30,M15: removed
2	15:35:07.133	Custom indicator LSMA_in_Color US30,M15: removed
2	15:35:07.135	Custom indicator ZeroLag_MACD US30,M15: removed
2	15:35:07.136	Custom indicator Divergence_MACD_FX5_V1.1 US30,M15: removed
2	15:35:07.137	Custom indicator ticks-volume4 US30,M15: removed
2	15:35:07.148	Custom indicator TMA+CG mladen NRP TEAMTRADER7 US30,M15: loaded successfully
2	15:35:07.158	Custom indicator TMA TRUE v2 US30,M15: loaded successfully
0	15:36:24.982	'2364914': order buy market 0.01 US30 sl: 0.00 tp: 0.00
0	15:36:25.430	'2364914': order was opened : #87021199 buy 0.01 US30 at 34151.00 sl: 0.00 tp: 0.00
0	15:36:25.640	'2364914': modify order #87021199 buy 0.01 US30 at 34151.00 sl: 0.00 tp: 0.00 -> sl: 34141.00 tp: 0.00
0	15:36:25.846	'2364914': order #87021199 buy 0.01 US30 at 34151.00 was modified -> sl: 34141.00 tp: 0.00
0	15:37:12.404	'2364914': close order #87021199 buy 0.01 US30 at 34151.00 sl: 34141.00 tp: 0.00 at price 0.00
0	15:37:12.858	'2364914': order #87021199 buy 0.01 US30 at 34151.00 sl: 34141.00 tp: 0.00 closed at price 34168.00
2	15:44:10.412	Expert EdhoTraderToolEA US30,M1: removed
2	15:44:10.414	Custom indicator MarketMarkers_v1.1 US30,M1: removed
2	15:44:10.416	Custom indicator _HOD_LOD_Close_1 US30,M1: removed
2	15:44:10.418	Custom indicator HighLight_Pins US30,M1: removed
2	15:44:10.419	Custom indicator ZigZag&HiLoValues v2.4 US30,M1: removed
2	15:44:10.421	Custom indicator Magnified_Market_Price US30,M1: removed
2	15:44:10.422	Custom indicator Semafor (1ball) US30,M1: removed
2	15:44:10.423	Custom indicator pipsometer_5_decimal US30,M1: removed
2	15:44:10.425	Custom indicator SweetSpotsGOLD_TRO_MODIFIED_VERSION(Bullforyou.com) US30,M1: removed
2	15:44:10.426	Custom indicator TMA+CG mladen NRP TEAMTRADER7 US30,M1: removed
2	15:44:10.427	Custom indicator LSMA_in_Color US30,M1: removed
2	15:44:10.428	Custom indicator ZeroLag_MACD US30,M1: removed
2	15:44:10.430	Custom indicator Divergence_MACD_FX5_V1.1 US30,M1: removed
2	15:44:10.431	Custom indicator ticks-volume4 US30,M1: removed
2	15:44:10.461	Custom indicator MarketMarkers_v1.1 US30,M1: loaded successfully
2	15:44:10.472	Custom indicator _HOD_LOD_Close_1 US30,M1: loaded successfully
2	15:44:10.485	Custom indicator HighLight_Pins US30,M1: loaded successfully
2	15:44:10.496	Custom indicator ZigZag&HiLoValues v2.4 US30,M1: loaded successfully
2	15:44:10.506	Custom indicator Magnified_Market_Price US30,M1: loaded successfully
2	15:44:10.515	Custom indicator Semafor (1ball) US30,M1: loaded successfully
2	15:44:10.526	Custom indicator pipsometer_5_decimal US30,M1: loaded successfully
2	15:44:10.538	Custom indicator SweetSpotsGOLD_TRO_MODIFIED_VERSION(Bullforyou.com) US30,M1: loaded successfully
2	15:44:10.550	Custom indicator TMA+CG mladen NRP TEAMTRADER7 US30,M1: loaded successfully
2	15:44:10.560	Custom indicator LSMA_in_Color US30,M1: loaded successfully
2	15:44:10.571	Custom indicator ZeroLag_MACD US30,M1: loaded successfully
2	15:44:10.597	Custom indicator Divergence_MACD_FX5_V1.1 US30,M1: loaded successfully
2	15:44:10.608	Custom indicator ticks-volume4 US30,M1: loaded successfully
2	15:44:10.622	Expert EdhoTraderToolEA US30,M1: loaded successfully
0	15:46:53.223	'2364914': order sell market 0.01 US30 sl: 0.00 tp: 0.00
0	15:46:53.477	'2364914': order was opened : #87022866 sell 0.01 US30 at 34199.00 sl: 0.00 tp: 0.00
0	15:46:53.787	'2364914': modify order #87022866 sell 0.01 US30 at 34199.00 sl: 0.00 tp: 0.00 -> sl: 34209.00 tp: 0.00
0	15:46:54.171	'2364914': order #87022866 sell 0.01 US30 at 34199.00 was modified -> sl: 34209.00 tp: 0.00
0	15:47:00.039	'2364914': order #87022866 sell 0.01 US30 at 34199.00 closed due stop-loss at price 34209.00
0	15:47:52.683	'2364914': order buy market 0.01 US30 sl: 0.00 tp: 0.00
0	15:47:53.056	'2364914': order was opened : #87022975 buy 0.01 US30 at 34245.00 sl: 0.00 tp: 0.00
0	15:47:53.138	'2364914': modify order #87022975 buy 0.01 US30 at 34245.00 sl: 0.00 tp: 0.00 -> sl: 34235.00 tp: 0.00
0	15:47:53.569	'2364914': order #87022975 buy 0.01 US30 at 34245.00 was modified -> sl: 34235.00 tp: 0.00
0	15:48:01.275	'2364914': order #87022975 buy 0.01 US30 at 34245.00 closed due stop-loss at price 34235.00
0	15:48:33.970	'2364914': order buy market 0.01 US30 sl: 0.00 tp: 0.00
0	15:48:34.442	'2364914': order was opened : #87023093 buy 0.01 US30 at 34244.00 sl: 0.00 tp: 0.00
0	15:48:34.910	'2364914': modify order #87023093 buy 0.01 US30 at 34244.00 sl: 0.00 tp: 0.00 -> sl: 34234.00 tp: 0.00
0	15:48:35.372	'2364914': order #87023093 buy 0.01 US30 at 34244.00 was modified -> sl: 34234.00 tp: 0.00
0	15:48:50.116	'2364914': order #87023093 buy 0.01 US30 at 34244.00 closed due stop-loss at price 34234.00
2	15:49:26.808	Expert EdhoTraderToolEA US30,M1: removed
2	15:49:26.810	Custom indicator MarketMarkers_v1.1 US30,M1: removed
2	15:49:26.811	Custom indicator _HOD_LOD_Close_1 US30,M1: removed
2	15:49:26.812	Custom indicator HighLight_Pins US30,M1: removed
2	15:49:26.814	Custom indicator ZigZag&HiLoValues v2.4 US30,M1: removed
2	15:49:26.816	Custom indicator Magnified_Market_Price US30,M1: removed
2	15:49:26.818	Custom indicator Semafor (1ball) US30,M1: removed
2	15:49:26.819	Custom indicator pipsometer_5_decimal US30,M1: removed
2	15:49:26.820	Custom indicator SweetSpotsGOLD_TRO_MODIFIED_VERSION(Bullforyou.com) US30,M1: removed
2	15:49:26.822	Custom indicator TMA+CG mladen NRP TEAMTRADER7 US30,M1: removed
2	15:49:26.824	Custom indicator LSMA_in_Color US30,M1: removed
2	15:49:26.825	Custom indicator ZeroLag_MACD US30,M1: removed
2	15:49:26.827	Custom indicator Divergence_MACD_FX5_V1.1 US30,M1: removed
2	15:49:26.828	Custom indicator ticks-volume4 US30,M1: removed
2	15:49:26.857	Custom indicator MarketMarkers_v1.1 US30,M1: loaded successfully
2	15:49:26.868	Custom indicator _HOD_LOD_Close_1 US30,M1: loaded successfully
2	15:49:26.879	Custom indicator HighLight_Pins US30,M1: loaded successfully
2	15:49:26.892	Custom indicator ZigZag&HiLoValues v2.4 US30,M1: loaded successfully
2	15:49:26.901	Custom indicator Magnified_Market_Price US30,M1: loaded successfully
2	15:49:26.912	Custom indicator Semafor (1ball) US30,M1: loaded successfully
2	15:49:26.923	Custom indicator pipsometer_5_decimal US30,M1: loaded successfully
2	15:49:26.935	Custom indicator SweetSpotsGOLD_TRO_MODIFIED_VERSION(Bullforyou.com) US30,M1: loaded successfully
2	15:49:26.946	Custom indicator TMA+CG mladen NRP TEAMTRADER7 US30,M1: loaded successfully
2	15:49:26.957	Custom indicator LSMA_in_Color US30,M1: loaded successfully
2	15:49:26.968	Custom indicator ZeroLag_MACD US30,M1: loaded successfully
2	15:49:26.993	Custom indicator Divergence_MACD_FX5_V1.1 US30,M1: loaded successfully
2	15:49:27.003	Custom indicator ticks-volume4 US30,M1: loaded successfully
2	15:49:27.016	Expert EdhoTraderToolEA US30,M1: loaded successfully
0	15:49:56.463	'2364914': order sell market 0.01 US30 sl: 0.00 tp: 0.00
0	15:49:56.806	'2364914': order was opened : #87023270 sell 0.01 US30 at 34239.50 sl: 0.00 tp: 0.00
0	15:49:56.855	'2364914': modify order #87023270 sell 0.01 US30 at 34239.50 sl: 0.00 tp: 0.00 -> sl: 34249.50 tp: 0.00
0	15:49:57.099	'2364914': order #87023270 sell 0.01 US30 at 34239.50 was modified -> sl: 34249.50 tp: 0.00
0	15:49:59.218	'2364914': modify order #87023270 sell 0.01 US30 at 34239.50 sl: 34249.50 tp: 0.00 -> sl: 34239.47 tp: 0.00
0	15:49:59.548	'2364914': order #87023270 sell 0.01 US30 at 34239.50 was modified -> sl: 34239.47 tp: 0.00
0	15:50:24.843	'2364914': order #87023270 sell 0.01 US30 at 34239.50 closed due stop-loss at price 34239.47
0	15:52:41.618	'2364914': order sell market 0.01 US30 sl: 0.00 tp: 0.00
0	15:52:42.146	'2364914': order was opened : #87023544 sell 0.01 US30 at 34206.50 sl: 0.00 tp: 0.00
0	15:52:42.254	'2364914': modify order #87023544 sell 0.01 US30 at 34206.50 sl: 0.00 tp: 0.00 -> sl: 34216.50 tp: 0.00
0	15:52:42.563	'2364914': order #87023544 sell 0.01 US30 at 34206.50 was modified -> sl: 34216.50 tp: 0.00
0	15:52:48.611	'2364914': modify order #87023544 sell 0.01 US30 at 34206.50 sl: 34216.50 tp: 0.00 -> sl: 34260.01 tp: 0.00
0	15:52:48.898	'2364914': order #87023544 sell 0.01 US30 at 34206.50 was modified -> sl: 34260.01 tp: 0.00
0	15:58:35.170	'2364914': order #87023544 sell 0.01 US30 at 34206.50 closed due stop-loss at price 34260.01
0	16:16:36.849	'2364914': order sell market 0.01 US30 sl: 0.00 tp: 0.00
0	16:16:37.172	'2364914': order was opened : #87025535 sell 0.01 US30 at 34263.00 sl: 0.00 tp: 0.00
0	16:16:37.492	'2364914': modify order #87025535 sell 0.01 US30 at 34263.00 sl: 0.00 tp: 0.00 -> sl: 34273.00 tp: 0.00
0	16:16:37.696	'2364914': order #87025535 sell 0.01 US30 at 34263.00 was modified -> sl: 34273.00 tp: 0.00
0	16:16:45.868	'2364914': modify order #87025535 sell 0.01 US30 at 34263.00 sl: 34273.00 tp: 0.00 -> sl: 34294.09 tp: 0.00
0	16:16:46.228	'2364914': order #87025535 sell 0.01 US30 at 34263.00 was modified -> sl: 34294.09 tp: 0.00
0	16:16:58.254	'2364914': modify order #87025535 sell 0.01 US30 at 34263.00 sl: 34294.09 tp: 0.00 -> sl: 34294.09 tp: 34240.63
0	16:16:58.573	'2364914': order #87025535 sell 0.01 US30 at 34263.00 was modified -> sl: 34294.09 tp: 34240.63
0	18:08:37.316	'2364914': order #87025535 sell 0.01 US30 at 34263.00 closed due stop-loss at price 34294.09
0	22:15:41.904	'2364914': login on Osprey-Demo through DC04 (ping: 108.60 ms)
0	22:15:42.852	'2364914': login datacenter on Osprey-Demo through DC04 (ping: 108.60 ms)
0	22:15:43.237	'2364914': previous successful authorization performed from 99.229.64.240
0	22:16:21.523	'2364914': auto connecting to a better access point DC11 (ping is 117.71 ms)
0	22:16:22.619	'2364914': login on Osprey-Demo through DC11 (ping: 117.71 ms)
0	22:16:24.972	'2364914': login datacenter on Osprey-Demo through DC11 (ping: 117.71 ms)
0	22:16:26.023	'2364914': previous successful authorization performed from 99.229.64.240
