1	02:43:21.188	'2364914': connect failed [No connection]
0	02:43:31.219	'2364914': login on Osprey-Demo through DC01 (ping: n/a)
0	02:43:32.904	'2364914': login datacenter on Osprey-Demo through DC01 (ping: n/a)
0	02:43:33.412	'2364914': previous successful authorization performed from 99.229.64.240
1	07:43:01.385	'2364914': ping failed
1	07:43:01.402	'2364914': ping failed
0	07:43:02.970	'2364914': login on Osprey-Demo through DC11 (ping: n/a)
0	07:43:05.215	'2364914': login datacenter on Osprey-Demo through DC11 (ping: n/a)
0	07:43:05.944	'2364914': previous successful authorization performed from 99.229.64.240
0	07:43:13.211	'2364914': ping to current access point DC11 is 101.76 ms
1	07:44:26.228	'2364914': ping failed
0	07:44:26.861	'2364914': login on Osprey-Demo through DC11 (ping: 101.76 ms)
0	07:44:27.770	'2364914': login datacenter on Osprey-Demo through DC11 (ping: 101.76 ms)
0	07:44:28.152	'2364914': previous successful authorization performed from 99.229.64.240
0	11:25:41.442	'2364914': login on Osprey-Demo through DC10 (ping: 111.05 ms)
0	11:25:44.184	'2364914': login datacenter on Osprey-Demo through DC10 (ping: 111.05 ms)
0	11:25:44.698	'2364914': previous successful authorization performed from 99.229.64.240
0	11:26:12.898	'2364914': auto connecting to a better access point DC11 (ping is 107.61 ms)
0	11:26:13.383	'2364914': login on Osprey-Demo through DC11 (ping: 107.61 ms)
0	11:26:14.227	'2364914': login datacenter on Osprey-Demo through DC11 (ping: 107.61 ms)
0	11:26:14.525	'2364914': previous successful authorization performed from 99.229.64.240
1	13:51:41.465	'2364914': ping failed
1	16:51:41.317	'2364914': connect failed [No connection]
0	16:51:47.211	'2364914': login on Osprey-Demo through DC01 (ping: n/a)
0	16:51:48.815	'2364914': login datacenter on Osprey-Demo through DC01 (ping: n/a)
0	16:51:49.325	'2364914': previous successful authorization performed from 99.229.64.240
1	18:46:12.505	'2364914': ping failed
1	18:46:14.984	'2364914': ping failed
0	18:46:16.975	'2364914': login on Osprey-Demo through DC11 (ping: n/a)
0	18:46:18.713	'2364914': login datacenter on Osprey-Demo through DC11 (ping: n/a)
0	18:46:19.354	'2364914': previous successful authorization performed from 99.229.64.240
0	18:46:28.526	'2364914': ping to current access point DC11 is 102.41 ms
0	18:47:09.251	'2364914': login on Osprey-Demo through DC11 (ping: 102.41 ms)
0	18:47:10.212	'2364914': login datacenter on Osprey-Demo through DC11 (ping: 102.41 ms)
0	18:47:10.688	'2364914': previous successful authorization performed from 99.229.64.240
0	18:51:18.972	'2364914': order buy market 0.01 US30 sl: 0.00 tp: 0.00
0	18:51:19.209	'2364914': order was opened : #87413325 buy 0.01 US30 at 34387.67 sl: 0.00 tp: 0.00
0	18:54:38.911	'2364914': close order #87413325 buy 0.01 US30 at 34387.67 sl: 0.00 tp: 0.00 at price 0.00
0	18:54:39.170	'2364914': order #87413325 buy 0.01 US30 at 34387.67 sl: 0.00 tp: 0.00 closed at price 34389.49
0	18:54:41.201	'2364914': order sell market 0.01 US30 sl: 0.00 tp: 0.00
0	18:54:41.454	'2364914': order was opened : #87413531 sell 0.01 US30 at 34390.31 sl: 0.00 tp: 0.00
0	18:56:17.240	'2364914': close order #87413531 sell 0.01 US30 at 34390.31 sl: 0.00 tp: 0.00 at price 0.00
0	18:56:17.431	'2364914': order #87413531 sell 0.01 US30 at 34390.31 sl: 0.00 tp: 0.00 closed at price 34387.67
0	21:32:57.055	'2364914': order buy market 0.01 US30 sl: 0.00 tp: 0.00
0	21:32:57.331	'2364914': order was opened : #87427999 buy 0.01 US30 at 34355.67 sl: 0.00 tp: 0.00
0	21:37:35.570	'2364914': close order #87427999 buy 0.01 US30 at 34355.67 sl: 0.00 tp: 0.00 at price 0.00
0	21:37:35.821	'2364914': order #87427999 buy 0.01 US30 at 34355.67 sl: 0.00 tp: 0.00 closed at price 34385.31
2	22:27:48.837	Expert EdhoTraderToolEA US30,M1: removed
2	22:27:48.839	Custom indicator MarketMarkers_v1.1 US30,M1: removed
2	22:27:48.840	Custom indicator _HOD_LOD_Close_1 US30,M1: removed
2	22:27:48.842	Custom indicator HighLight_Pins US30,M1: removed
2	22:27:48.843	Custom indicator ZigZag&HiLoValues v2.4 US30,M1: removed
2	22:27:48.845	Custom indicator Magnified_Market_Price US30,M1: removed
2	22:27:48.846	Custom indicator Semafor (1ball) US30,M1: removed
2	22:27:48.848	Custom indicator pipsometer_5_decimal US30,M1: removed
2	22:27:48.849	Custom indicator SweetSpotsGOLD_TRO_MODIFIED_VERSION(Bullforyou.com) US30,M1: removed
2	22:27:48.850	Custom indicator TMA+CG mladen NRP TEAMTRADER7 US30,M1: removed
2	22:27:48.852	Custom indicator LSMA_in_Color US30,M1: removed
2	22:27:48.853	Custom indicator nn_Crosshair_Sync_2_1_3 US30,M1: removed
2	22:27:48.854	Custom indicator ZeroLag_MACD US30,M1: removed
2	22:27:48.856	Custom indicator Divergence_MACD_FX5_V1.1 US30,M1: removed
2	22:27:48.857	Custom indicator ticks-volume4 US30,M1: removed
2	22:27:48.893	Custom indicator MarketMarkers_v1.1 US30,M1: loaded successfully
2	22:27:48.909	Custom indicator _HOD_LOD_Close_1 US30,M1: loaded successfully
2	22:27:48.924	Custom indicator HighLight_Pins US30,M1: loaded successfully
2	22:27:48.941	Custom indicator ZigZag&HiLoValues v2.4 US30,M1: loaded successfully
2	22:27:48.959	Custom indicator Magnified_Market_Price US30,M1: loaded successfully
2	22:27:48.969	Custom indicator Semafor (1ball) US30,M1: loaded successfully
2	22:27:48.987	Custom indicator pipsometer_5_decimal US30,M1: loaded successfully
2	22:27:49.002	Custom indicator SweetSpotsGOLD_TRO_MODIFIED_VERSION(Bullforyou.com) US30,M1: loaded successfully
2	22:27:49.021	Custom indicator TMA+CG mladen NRP TEAMTRADER7 US30,M1: loaded successfully
2	22:27:49.038	Custom indicator LSMA_in_Color US30,M1: loaded successfully
2	22:27:49.053	Custom indicator ZeroLag_MACD US30,M1: loaded successfully
2	22:27:49.073	Custom indicator Divergence_MACD_FX5_V1.1 US30,M1: loaded successfully
2	22:27:49.092	Custom indicator ticks-volume4 US30,M1: loaded successfully
0	22:54:25.336	'2364914': order buy market 0.01 US30 sl: 0.00 tp: 0.00
0	22:54:25.541	'2364914': order was opened : #87433478 buy 0.01 US30 at 34369.67 sl: 0.00 tp: 0.00
0	22:59:11.863	'2364914': close order #87433478 buy 0.01 US30 at 34369.67 sl: 0.00 tp: 0.00 at price 0.00
0	22:59:12.261	'2364914': order #87433478 buy 0.01 US30 at 34369.67 sl: 0.00 tp: 0.00 closed at price 34380.31
2	23:02:25.928	Custom indicator nn_Crosshair_Sync_2_1_3 US30,M1: loaded successfully
