1	03:15:25.724	'2364914': datacenter connecting failed [6]
0	03:15:49.038	'2364914': login on Osprey-Demo through DC10 (ping: 105.70 ms)
0	03:15:53.194	'2364914': login datacenter on Osprey-Demo through DC10 (ping: 105.70 ms)
0	03:15:56.267	'2364914': previous successful authorization performed from 99.229.64.240
0	03:16:27.070	'2364914': auto connecting to a better access point DC02 (ping is 130.51 ms)
0	03:16:27.827	'2364914': login on Osprey-Demo through DC02 (ping: 130.51 ms)
0	03:16:29.748	'2364914': login datacenter on Osprey-Demo through DC02 (ping: 130.51 ms)
0	03:16:30.660	'2364914': previous successful authorization performed from 99.229.64.240
2	11:06:41.889	Custom indicator MarketMarkers_v1.1 US30,H1: loaded successfully
2	11:06:41.900	Custom indicator _HOD_LOD_Close_1 US30,H1: loaded successfully
2	11:06:41.913	Custom indicator HighLight_Pins US30,H1: loaded successfully
2	11:06:41.927	Custom indicator ZigZag&HiLoValues v2.4 US30,H1: loaded successfully
2	11:06:41.939	Custom indicator Magnified_Market_Price US30,H1: loaded successfully
2	11:06:41.949	Custom indicator Semafor (1ball) US30,H1: loaded successfully
2	11:06:41.963	Custom indicator pipsometer_5_decimal US30,H1: loaded successfully
2	11:06:41.974	Custom indicator SweetSpotsGOLD_TRO_MODIFIED_VERSION(Bullforyou.com) US30,H1: loaded successfully
2	11:06:41.985	Custom indicator TMA+CG mladen NRP TEAMTRADER7 US30,H1: loaded successfully
2	11:06:41.997	Custom indicator LSMA_in_Color US30,H1: loaded successfully
2	11:06:42.008	Custom indicator ZeroLag_MACD US30,H1: loaded successfully
2	11:06:42.033	Custom indicator Divergence_MACD_FX5_V1.1 US30,H1: loaded successfully
2	11:06:42.045	Custom indicator ticks-volume4 US30,H1: loaded successfully
2	11:06:57.976	Custom indicator MarketMarkers_v1.1 SPX500,H1: loaded successfully
2	11:06:57.992	Custom indicator _HOD_LOD_Close_1 SPX500,H1: loaded successfully
2	11:06:58.006	Custom indicator HighLight_Pins SPX500,H1: loaded successfully
2	11:06:58.020	Custom indicator ZigZag&HiLoValues v2.4 SPX500,H1: loaded successfully
2	11:06:58.033	Custom indicator Magnified_Market_Price SPX500,H1: loaded successfully
2	11:06:58.059	Custom indicator Semafor (1ball) SPX500,H1: loaded successfully
2	11:06:58.079	Custom indicator pipsometer_5_decimal SPX500,H1: loaded successfully
2	11:06:58.093	Custom indicator SweetSpotsGOLD_TRO_MODIFIED_VERSION(Bullforyou.com) SPX500,H1: loaded successfully
2	11:06:58.109	Custom indicator TMA+CG mladen NRP TEAMTRADER7 SPX500,H1: loaded successfully
2	11:06:58.124	Custom indicator LSMA_in_Color SPX500,H1: loaded successfully
2	11:06:58.138	Custom indicator ZeroLag_MACD SPX500,H1: loaded successfully
2	11:06:58.169	Custom indicator Divergence_MACD_FX5_V1.1 SPX500,H1: loaded successfully
2	11:06:58.182	Custom indicator ticks-volume4 SPX500,H1: loaded successfully
2	11:07:05.528	Custom indicator MarketMarkers_v1.1 DAX,H1: loaded successfully
2	11:07:05.540	Custom indicator _HOD_LOD_Close_1 DAX,H1: loaded successfully
2	11:07:05.552	Custom indicator HighLight_Pins DAX,H1: loaded successfully
2	11:07:05.562	Custom indicator ZigZag&HiLoValues v2.4 DAX,H1: loaded successfully
2	11:07:05.574	Custom indicator Magnified_Market_Price DAX,H1: loaded successfully
2	11:07:05.585	Custom indicator Semafor (1ball) DAX,H1: loaded successfully
2	11:07:05.595	Custom indicator pipsometer_5_decimal DAX,H1: loaded successfully
2	11:07:05.606	Custom indicator SweetSpotsGOLD_TRO_MODIFIED_VERSION(Bullforyou.com) DAX,H1: loaded successfully
2	11:07:05.618	Custom indicator TMA+CG mladen NRP TEAMTRADER7 DAX,H1: loaded successfully
2	11:07:05.629	Custom indicator LSMA_in_Color DAX,H1: loaded successfully
2	11:07:05.640	Custom indicator ZeroLag_MACD DAX,H1: loaded successfully
2	11:07:05.666	Custom indicator Divergence_MACD_FX5_V1.1 DAX,H1: loaded successfully
2	11:07:05.676	Custom indicator ticks-volume4 DAX,H1: loaded successfully
2	11:07:11.721	Custom indicator MarketMarkers_v1.1 NAS100,H1: loaded successfully
2	11:07:11.732	Custom indicator _HOD_LOD_Close_1 NAS100,H1: loaded successfully
2	11:07:11.744	Custom indicator HighLight_Pins NAS100,H1: loaded successfully
2	11:07:11.756	Custom indicator ZigZag&HiLoValues v2.4 NAS100,H1: loaded successfully
2	11:07:11.768	Custom indicator Magnified_Market_Price NAS100,H1: loaded successfully
2	11:07:11.779	Custom indicator Semafor (1ball) NAS100,H1: loaded successfully
2	11:07:11.789	Custom indicator pipsometer_5_decimal NAS100,H1: loaded successfully
2	11:07:11.801	Custom indicator SweetSpotsGOLD_TRO_MODIFIED_VERSION(Bullforyou.com) NAS100,H1: loaded successfully
2	11:07:11.811	Custom indicator TMA+CG mladen NRP TEAMTRADER7 NAS100,H1: loaded successfully
2	11:07:11.822	Custom indicator LSMA_in_Color NAS100,H1: loaded successfully
2	11:07:11.833	Custom indicator ZeroLag_MACD NAS100,H1: loaded successfully
2	11:07:11.857	Custom indicator Divergence_MACD_FX5_V1.1 NAS100,H1: loaded successfully
2	11:07:11.868	Custom indicator ticks-volume4 NAS100,H1: loaded successfully
2	17:53:05.857	Custom indicator MarketMarkers_v1.1 BTCUSD,H1: loaded successfully
2	17:53:05.868	Custom indicator _HOD_LOD_Close_1 BTCUSD,H1: loaded successfully
2	17:53:05.879	Custom indicator HighLight_Pins BTCUSD,H1: loaded successfully
2	17:53:05.891	Custom indicator ZigZag&HiLoValues v2.4 BTCUSD,H1: loaded successfully
2	17:53:05.902	Custom indicator Magnified_Market_Price BTCUSD,H1: loaded successfully
2	17:53:05.911	Custom indicator Semafor (1ball) BTCUSD,H1: loaded successfully
2	17:53:05.922	Custom indicator pipsometer_5_decimal BTCUSD,H1: loaded successfully
2	17:53:05.933	Custom indicator SweetSpotsGOLD_TRO_MODIFIED_VERSION(Bullforyou.com) BTCUSD,H1: loaded successfully
2	17:53:05.945	Custom indicator TMA+CG mladen NRP TEAMTRADER7 BTCUSD,H1: loaded successfully
2	17:53:05.956	Custom indicator LSMA_in_Color BTCUSD,H1: loaded successfully
2	17:53:05.966	Custom indicator ZeroLag_MACD BTCUSD,H1: loaded successfully
2	17:53:05.990	Custom indicator Divergence_MACD_FX5_V1.1 BTCUSD,H1: loaded successfully
2	17:53:06.001	Custom indicator ticks-volume4 BTCUSD,H1: loaded successfully
2	18:09:14.353	Custom indicator ticks-volume4 BTCUSD,M1: removed
2	18:09:24.410	Custom indicator ZeroLag_MACD BTCUSD,M1: removed
2	18:09:31.655	Custom indicator Divergence_MACD_FX5_V1.1 BTCUSD,M1: removed
2	18:09:48.081	Custom indicator pipsometer_5_decimal BTCUSD,M1: removed
2	18:09:58.984	Custom indicator Magnified_Market_Price BTCUSD,M1: removed
2	18:10:15.529	Custom indicator MarketMarkers_v1.1 BTCUSD,M1: removed
2	18:10:39.176	Custom indicator LSMA_in_Color BTCUSD,M1: removed
2	18:10:50.607	Custom indicator HighLight_Pins BTCUSD,M1: removed
2	18:11:02.109	Custom indicator Semafor (1ball) BTCUSD,M1: removed
2	18:11:16.678	Custom indicator _HOD_LOD_Close_1 BTCUSD,M1: removed
2	18:11:26.980	Custom indicator ZigZag&HiLoValues v2.4 BTCUSD,M1: removed
2	18:11:38.155	Custom indicator SweetSpotsGOLD_TRO_MODIFIED_VERSION(Bullforyou.com) BTCUSD,M1: removed
2	18:12:06.273	Custom indicator TMA+CG mladen NRP TEAMTRADER7 BTCUSD,M1: removed
