0	17:59:42.655	Migration: copied from 'C:\Program Files (x86)\Osprey MetaTrader 4 Terminal\config\terminal.ini' to 'C:\Users\Admin\AppData\Roaming\MetaQuotes\Terminal\305EEB173F1063651E07AC733A59CDEC\config\terminal.ini'
0	17:59:42.661	Migration: copied from 'C:\Program Files (x86)\Osprey MetaTrader 4 Terminal\config\Osprey-Demo.srv' to 'C:\Users\Admin\AppData\Roaming\MetaQuotes\Terminal\305EEB173F1063651E07AC733A59CDEC\config\Osprey-Demo.srv'
0	17:59:42.668	Migration: copied from 'C:\Program Files (x86)\Osprey MetaTrader 4 Terminal\config\Osprey-Live.srv' to 'C:\Users\Admin\AppData\Roaming\MetaQuotes\Terminal\305EEB173F1063651E07AC733A59CDEC\config\Osprey-Live.srv'
0	17:59:42.681	Migration: copied from 'C:\Program Files (x86)\Osprey MetaTrader 4 Terminal\config\Osprey-Live4.srv' to 'C:\Users\Admin\AppData\Roaming\MetaQuotes\Terminal\305EEB173F1063651E07AC733A59CDEC\config\Osprey-Live4.srv'
0	17:59:42.681	Migration: config folder copied from 'C:\Program Files (x86)\Osprey MetaTrader 4 Terminal' to 'C:\Users\Admin\AppData\Roaming\MetaQuotes\Terminal\305EEB173F1063651E07AC733A59CDEC'
0	17:59:42.688	Migration: copied from 'C:\Program Files (x86)\Osprey MetaTrader 4 Terminal\history\default\EURUSD240.hst' to 'C:\Users\Admin\AppData\Roaming\MetaQuotes\Terminal\305EEB173F1063651E07AC733A59CDEC\history\default\EURUSD240.hst'
0	17:59:42.694	Migration: copied from 'C:\Program Files (x86)\Osprey MetaTrader 4 Terminal\history\default\GBPUSD240.hst' to 'C:\Users\Admin\AppData\Roaming\MetaQuotes\Terminal\305EEB173F1063651E07AC733A59CDEC\history\default\GBPUSD240.hst'
0	17:59:42.700	Migration: copied from 'C:\Program Files (x86)\Osprey MetaTrader 4 Terminal\history\default\USDCHF240.hst' to 'C:\Users\Admin\AppData\Roaming\MetaQuotes\Terminal\305EEB173F1063651E07AC733A59CDEC\history\default\USDCHF240.hst'
0	17:59:42.711	Migration: copied from 'C:\Program Files (x86)\Osprey MetaTrader 4 Terminal\history\default\USDJPY240.hst' to 'C:\Users\Admin\AppData\Roaming\MetaQuotes\Terminal\305EEB173F1063651E07AC733A59CDEC\history\default\USDJPY240.hst'
0	17:59:42.720	Migration: copied from 'C:\Program Files (x86)\Osprey MetaTrader 4 Terminal\history\default\symbols.sel' to 'C:\Users\Admin\AppData\Roaming\MetaQuotes\Terminal\305EEB173F1063651E07AC733A59CDEC\history\default\symbols.sel'
0	17:59:42.728	Migration: copied from 'C:\Program Files (x86)\Osprey MetaTrader 4 Terminal\history\default\symbols.raw' to 'C:\Users\Admin\AppData\Roaming\MetaQuotes\Terminal\305EEB173F1063651E07AC733A59CDEC\history\default\symbols.raw'
0	17:59:42.734	Migration: copied from 'C:\Program Files (x86)\Osprey MetaTrader 4 Terminal\history\default\symgroups.raw' to 'C:\Users\Admin\AppData\Roaming\MetaQuotes\Terminal\305EEB173F1063651E07AC733A59CDEC\history\default\symgroups.raw'
0	17:59:42.737	Migration: history folder copied from 'C:\Program Files (x86)\Osprey MetaTrader 4 Terminal' to 'C:\Users\Admin\AppData\Roaming\MetaQuotes\Terminal\305EEB173F1063651E07AC733A59CDEC'
0	17:59:42.738	Migration: copied from 'C:\Program Files (x86)\Osprey MetaTrader 4 Terminal\history\default\EURUSD240.hst' to 'C:\Users\Admin\AppData\Roaming\MetaQuotes\Terminal\305EEB173F1063651E07AC733A59CDEC\history\default\EURUSD240.hst'
0	17:59:42.741	Migration: copied from 'C:\Program Files (x86)\Osprey MetaTrader 4 Terminal\history\default\GBPUSD240.hst' to 'C:\Users\Admin\AppData\Roaming\MetaQuotes\Terminal\305EEB173F1063651E07AC733A59CDEC\history\default\GBPUSD240.hst'
0	17:59:42.741	Migration: copied from 'C:\Program Files (x86)\Osprey MetaTrader 4 Terminal\history\default\symbols.raw' to 'C:\Users\Admin\AppData\Roaming\MetaQuotes\Terminal\305EEB173F1063651E07AC733A59CDEC\history\default\symbols.raw'
0	17:59:42.742	Migration: copied from 'C:\Program Files (x86)\Osprey MetaTrader 4 Terminal\history\default\symbols.sel' to 'C:\Users\Admin\AppData\Roaming\MetaQuotes\Terminal\305EEB173F1063651E07AC733A59CDEC\history\default\symbols.sel'
0	17:59:42.743	Migration: copied from 'C:\Program Files (x86)\Osprey MetaTrader 4 Terminal\history\default\symgroups.raw' to 'C:\Users\Admin\AppData\Roaming\MetaQuotes\Terminal\305EEB173F1063651E07AC733A59CDEC\history\default\symgroups.raw'
0	17:59:42.744	Migration: copied from 'C:\Program Files (x86)\Osprey MetaTrader 4 Terminal\history\default\USDCHF240.hst' to 'C:\Users\Admin\AppData\Roaming\MetaQuotes\Terminal\305EEB173F1063651E07AC733A59CDEC\history\default\USDCHF240.hst'
0	17:59:42.745	Migration: copied from 'C:\Program Files (x86)\Osprey MetaTrader 4 Terminal\history\default\USDJPY240.hst' to 'C:\Users\Admin\AppData\Roaming\MetaQuotes\Terminal\305EEB173F1063651E07AC733A59CDEC\history\default\USDJPY240.hst'
0	17:59:42.751	Migration: copied from 'C:\Program Files (x86)\Osprey MetaTrader 4 Terminal\history\symbolsets\forex.set' to 'C:\Users\Admin\AppData\Roaming\MetaQuotes\Terminal\305EEB173F1063651E07AC733A59CDEC\history\symbolsets\forex.set'
0	17:59:42.759	Migration: copied from 'C:\Program Files (x86)\Osprey MetaTrader 4 Terminal\history\symbolsets\forexall.set' to 'C:\Users\Admin\AppData\Roaming\MetaQuotes\Terminal\305EEB173F1063651E07AC733A59CDEC\history\symbolsets\forexall.set'
0	17:59:42.774	Migration: copied from 'C:\Program Files (x86)\Osprey MetaTrader 4 Terminal\history\mailbox\1356998400.arabic' to 'C:\Users\Admin\AppData\Roaming\MetaQuotes\Terminal\305EEB173F1063651E07AC733A59CDEC\history\mailbox\1356998400.arabic'
0	17:59:43.006	Migration: copied from 'C:\Program Files (x86)\Osprey MetaTrader 4 Terminal\history\mailbox\1356998401.bulgarian' to 'C:\Users\Admin\AppData\Roaming\MetaQuotes\Terminal\305EEB173F1063651E07AC733A59CDEC\history\mailbox\1356998401.bulgarian'
0	17:59:43.021	Migration: copied from 'C:\Program Files (x86)\Osprey MetaTrader 4 Terminal\history\mailbox\1356998402.chinese (simplified)' to 'C:\Users\Admin\AppData\Roaming\MetaQuotes\Terminal\305EEB173F1063651E07AC733A59CDEC\history\mailbox\1356998402.chinese (simplified)'
0	17:59:43.024	Migration: copied from 'C:\Program Files (x86)\Osprey MetaTrader 4 Terminal\history\mailbox\1356998403.chinese (traditional)' to 'C:\Users\Admin\AppData\Roaming\MetaQuotes\Terminal\305EEB173F1063651E07AC733A59CDEC\history\mailbox\1356998403.chinese (traditional)'
0	17:59:43.027	Migration: copied from 'C:\Program Files (x86)\Osprey MetaTrader 4 Terminal\history\mailbox\1356998404.czech' to 'C:\Users\Admin\AppData\Roaming\MetaQuotes\Terminal\305EEB173F1063651E07AC733A59CDEC\history\mailbox\1356998404.czech'
0	17:59:43.031	Migration: copied from 'C:\Program Files (x86)\Osprey MetaTrader 4 Terminal\history\mailbox\1356998405.english' to 'C:\Users\Admin\AppData\Roaming\MetaQuotes\Terminal\305EEB173F1063651E07AC733A59CDEC\history\mailbox\1356998405.english'
0	17:59:43.034	Migration: copied from 'C:\Program Files (x86)\Osprey MetaTrader 4 Terminal\history\mailbox\1356998406.french' to 'C:\Users\Admin\AppData\Roaming\MetaQuotes\Terminal\305EEB173F1063651E07AC733A59CDEC\history\mailbox\1356998406.french'
0	17:59:43.037	Migration: copied from 'C:\Program Files (x86)\Osprey MetaTrader 4 Terminal\history\mailbox\1356998407.german' to 'C:\Users\Admin\AppData\Roaming\MetaQuotes\Terminal\305EEB173F1063651E07AC733A59CDEC\history\mailbox\1356998407.german'
0	17:59:43.041	Migration: copied from 'C:\Program Files (x86)\Osprey MetaTrader 4 Terminal\history\mailbox\1356998408.greek' to 'C:\Users\Admin\AppData\Roaming\MetaQuotes\Terminal\305EEB173F1063651E07AC733A59CDEC\history\mailbox\1356998408.greek'
0	17:59:43.046	Migration: copied from 'C:\Program Files (x86)\Osprey MetaTrader 4 Terminal\history\mailbox\1356998409.hebrew' to 'C:\Users\Admin\AppData\Roaming\MetaQuotes\Terminal\305EEB173F1063651E07AC733A59CDEC\history\mailbox\1356998409.hebrew'
0	17:59:43.050	Migration: copied from 'C:\Program Files (x86)\Osprey MetaTrader 4 Terminal\history\mailbox\1356998410.hungarian' to 'C:\Users\Admin\AppData\Roaming\MetaQuotes\Terminal\305EEB173F1063651E07AC733A59CDEC\history\mailbox\1356998410.hungarian'
0	17:59:43.054	Migration: copied from 'C:\Program Files (x86)\Osprey MetaTrader 4 Terminal\history\mailbox\1356998411.indonesian' to 'C:\Users\Admin\AppData\Roaming\MetaQuotes\Terminal\305EEB173F1063651E07AC733A59CDEC\history\mailbox\1356998411.indonesian'
0	17:59:43.057	Migration: copied from 'C:\Program Files (x86)\Osprey MetaTrader 4 Terminal\history\mailbox\1356998412.italian' to 'C:\Users\Admin\AppData\Roaming\MetaQuotes\Terminal\305EEB173F1063651E07AC733A59CDEC\history\mailbox\1356998412.italian'
0	17:59:43.060	Migration: copied from 'C:\Program Files (x86)\Osprey MetaTrader 4 Terminal\history\mailbox\1356998413.japanese' to 'C:\Users\Admin\AppData\Roaming\MetaQuotes\Terminal\305EEB173F1063651E07AC733A59CDEC\history\mailbox\1356998413.japanese'
0	17:59:43.065	Migration: copied from 'C:\Program Files (x86)\Osprey MetaTrader 4 Terminal\history\mailbox\1356998414.malay' to 'C:\Users\Admin\AppData\Roaming\MetaQuotes\Terminal\305EEB173F1063651E07AC733A59CDEC\history\mailbox\1356998414.malay'
0	17:59:43.068	Migration: copied from 'C:\Program Files (x86)\Osprey MetaTrader 4 Terminal\history\mailbox\1356998415.polish' to 'C:\Users\Admin\AppData\Roaming\MetaQuotes\Terminal\305EEB173F1063651E07AC733A59CDEC\history\mailbox\1356998415.polish'
0	17:59:43.072	Migration: copied from 'C:\Program Files (x86)\Osprey MetaTrader 4 Terminal\history\mailbox\1356998416.portuguese' to 'C:\Users\Admin\AppData\Roaming\MetaQuotes\Terminal\305EEB173F1063651E07AC733A59CDEC\history\mailbox\1356998416.portuguese'
0	17:59:43.075	Migration: copied from 'C:\Program Files (x86)\Osprey MetaTrader 4 Terminal\history\mailbox\1356998417.russian' to 'C:\Users\Admin\AppData\Roaming\MetaQuotes\Terminal\305EEB173F1063651E07AC733A59CDEC\history\mailbox\1356998417.russian'
0	17:59:43.078	Migration: copied from 'C:\Program Files (x86)\Osprey MetaTrader 4 Terminal\history\mailbox\1356998418.slovenian' to 'C:\Users\Admin\AppData\Roaming\MetaQuotes\Terminal\305EEB173F1063651E07AC733A59CDEC\history\mailbox\1356998418.slovenian'
0	17:59:43.082	Migration: copied from 'C:\Program Files (x86)\Osprey MetaTrader 4 Terminal\history\mailbox\1356998419.spanish' to 'C:\Users\Admin\AppData\Roaming\MetaQuotes\Terminal\305EEB173F1063651E07AC733A59CDEC\history\mailbox\1356998419.spanish'
0	17:59:43.086	Migration: copied from 'C:\Program Files (x86)\Osprey MetaTrader 4 Terminal\history\mailbox\1356998420.tajik' to 'C:\Users\Admin\AppData\Roaming\MetaQuotes\Terminal\305EEB173F1063651E07AC733A59CDEC\history\mailbox\1356998420.tajik'
0	17:59:43.089	Migration: copied from 'C:\Program Files (x86)\Osprey MetaTrader 4 Terminal\history\mailbox\1356998421.thai' to 'C:\Users\Admin\AppData\Roaming\MetaQuotes\Terminal\305EEB173F1063651E07AC733A59CDEC\history\mailbox\1356998421.thai'
0	17:59:43.093	Migration: copied from 'C:\Program Files (x86)\Osprey MetaTrader 4 Terminal\history\mailbox\1356998422.turkish' to 'C:\Users\Admin\AppData\Roaming\MetaQuotes\Terminal\305EEB173F1063651E07AC733A59CDEC\history\mailbox\1356998422.turkish'
0	17:59:43.098	Migration: copied from 'C:\Program Files (x86)\Osprey MetaTrader 4 Terminal\history\mailbox\1356998423.uzbek' to 'C:\Users\Admin\AppData\Roaming\MetaQuotes\Terminal\305EEB173F1063651E07AC733A59CDEC\history\mailbox\1356998423.uzbek'
0	17:59:43.102	Migration: copied from 'C:\Program Files (x86)\Osprey MetaTrader 4 Terminal\history\mailbox\1356998424.vietnamese' to 'C:\Users\Admin\AppData\Roaming\MetaQuotes\Terminal\305EEB173F1063651E07AC733A59CDEC\history\mailbox\1356998424.vietnamese'
0	17:59:43.106	Migration: copied from 'C:\Program Files (x86)\Osprey MetaTrader 4 Terminal\history\mailbox\1356998425.arabic' to 'C:\Users\Admin\AppData\Roaming\MetaQuotes\Terminal\305EEB173F1063651E07AC733A59CDEC\history\mailbox\1356998425.arabic'
0	17:59:43.110	Migration: copied from 'C:\Program Files (x86)\Osprey MetaTrader 4 Terminal\history\mailbox\1356998426.bulgarian' to 'C:\Users\Admin\AppData\Roaming\MetaQuotes\Terminal\305EEB173F1063651E07AC733A59CDEC\history\mailbox\1356998426.bulgarian'
0	17:59:43.115	Migration: copied from 'C:\Program Files (x86)\Osprey MetaTrader 4 Terminal\history\mailbox\1356998427.chinese (simplified)' to 'C:\Users\Admin\AppData\Roaming\MetaQuotes\Terminal\305EEB173F1063651E07AC733A59CDEC\history\mailbox\1356998427.chinese (simplified)'
0	17:59:43.119	Migration: copied from 'C:\Program Files (x86)\Osprey MetaTrader 4 Terminal\history\mailbox\1356998428.chinese (traditional)' to 'C:\Users\Admin\AppData\Roaming\MetaQuotes\Terminal\305EEB173F1063651E07AC733A59CDEC\history\mailbox\1356998428.chinese (traditional)'
0	17:59:43.123	Migration: copied from 'C:\Program Files (x86)\Osprey MetaTrader 4 Terminal\history\mailbox\1356998429.czech' to 'C:\Users\Admin\AppData\Roaming\MetaQuotes\Terminal\305EEB173F1063651E07AC733A59CDEC\history\mailbox\1356998429.czech'
0	17:59:43.127	Migration: copied from 'C:\Program Files (x86)\Osprey MetaTrader 4 Terminal\history\mailbox\1356998430.english' to 'C:\Users\Admin\AppData\Roaming\MetaQuotes\Terminal\305EEB173F1063651E07AC733A59CDEC\history\mailbox\1356998430.english'
0	17:59:43.131	Migration: copied from 'C:\Program Files (x86)\Osprey MetaTrader 4 Terminal\history\mailbox\1356998431.french' to 'C:\Users\Admin\AppData\Roaming\MetaQuotes\Terminal\305EEB173F1063651E07AC733A59CDEC\history\mailbox\1356998431.french'
0	17:59:43.135	Migration: copied from 'C:\Program Files (x86)\Osprey MetaTrader 4 Terminal\history\mailbox\1356998432.german' to 'C:\Users\Admin\AppData\Roaming\MetaQuotes\Terminal\305EEB173F1063651E07AC733A59CDEC\history\mailbox\1356998432.german'
0	17:59:43.139	Migration: copied from 'C:\Program Files (x86)\Osprey MetaTrader 4 Terminal\history\mailbox\1356998433.greek' to 'C:\Users\Admin\AppData\Roaming\MetaQuotes\Terminal\305EEB173F1063651E07AC733A59CDEC\history\mailbox\1356998433.greek'
0	17:59:43.143	Migration: copied from 'C:\Program Files (x86)\Osprey MetaTrader 4 Terminal\history\mailbox\1356998434.hebrew' to 'C:\Users\Admin\AppData\Roaming\MetaQuotes\Terminal\305EEB173F1063651E07AC733A59CDEC\history\mailbox\1356998434.hebrew'
0	17:59:43.147	Migration: copied from 'C:\Program Files (x86)\Osprey MetaTrader 4 Terminal\history\mailbox\1356998435.hungarian' to 'C:\Users\Admin\AppData\Roaming\MetaQuotes\Terminal\305EEB173F1063651E07AC733A59CDEC\history\mailbox\1356998435.hungarian'
0	17:59:43.152	Migration: copied from 'C:\Program Files (x86)\Osprey MetaTrader 4 Terminal\history\mailbox\1356998436.indonesian' to 'C:\Users\Admin\AppData\Roaming\MetaQuotes\Terminal\305EEB173F1063651E07AC733A59CDEC\history\mailbox\1356998436.indonesian'
0	17:59:43.156	Migration: copied from 'C:\Program Files (x86)\Osprey MetaTrader 4 Terminal\history\mailbox\1356998437.italian' to 'C:\Users\Admin\AppData\Roaming\MetaQuotes\Terminal\305EEB173F1063651E07AC733A59CDEC\history\mailbox\1356998437.italian'
0	17:59:43.160	Migration: copied from 'C:\Program Files (x86)\Osprey MetaTrader 4 Terminal\history\mailbox\1356998438.japanese' to 'C:\Users\Admin\AppData\Roaming\MetaQuotes\Terminal\305EEB173F1063651E07AC733A59CDEC\history\mailbox\1356998438.japanese'
0	17:59:43.164	Migration: copied from 'C:\Program Files (x86)\Osprey MetaTrader 4 Terminal\history\mailbox\1356998439.malay' to 'C:\Users\Admin\AppData\Roaming\MetaQuotes\Terminal\305EEB173F1063651E07AC733A59CDEC\history\mailbox\1356998439.malay'
0	17:59:43.169	Migration: copied from 'C:\Program Files (x86)\Osprey MetaTrader 4 Terminal\history\mailbox\1356998440.polish' to 'C:\Users\Admin\AppData\Roaming\MetaQuotes\Terminal\305EEB173F1063651E07AC733A59CDEC\history\mailbox\1356998440.polish'
0	17:59:43.173	Migration: copied from 'C:\Program Files (x86)\Osprey MetaTrader 4 Terminal\history\mailbox\1356998441.portuguese' to 'C:\Users\Admin\AppData\Roaming\MetaQuotes\Terminal\305EEB173F1063651E07AC733A59CDEC\history\mailbox\1356998441.portuguese'
0	17:59:43.183	Migration: copied from 'C:\Program Files (x86)\Osprey MetaTrader 4 Terminal\history\mailbox\1356998442.russian' to 'C:\Users\Admin\AppData\Roaming\MetaQuotes\Terminal\305EEB173F1063651E07AC733A59CDEC\history\mailbox\1356998442.russian'
0	17:59:43.187	Migration: copied from 'C:\Program Files (x86)\Osprey MetaTrader 4 Terminal\history\mailbox\1356998443.slovenian' to 'C:\Users\Admin\AppData\Roaming\MetaQuotes\Terminal\305EEB173F1063651E07AC733A59CDEC\history\mailbox\1356998443.slovenian'
0	17:59:43.191	Migration: copied from 'C:\Program Files (x86)\Osprey MetaTrader 4 Terminal\history\mailbox\1356998444.spanish' to 'C:\Users\Admin\AppData\Roaming\MetaQuotes\Terminal\305EEB173F1063651E07AC733A59CDEC\history\mailbox\1356998444.spanish'
0	17:59:43.196	Migration: copied from 'C:\Program Files (x86)\Osprey MetaTrader 4 Terminal\history\mailbox\1356998445.tajik' to 'C:\Users\Admin\AppData\Roaming\MetaQuotes\Terminal\305EEB173F1063651E07AC733A59CDEC\history\mailbox\1356998445.tajik'
0	17:59:43.201	Migration: copied from 'C:\Program Files (x86)\Osprey MetaTrader 4 Terminal\history\mailbox\1356998446.thai' to 'C:\Users\Admin\AppData\Roaming\MetaQuotes\Terminal\305EEB173F1063651E07AC733A59CDEC\history\mailbox\1356998446.thai'
0	17:59:43.205	Migration: copied from 'C:\Program Files (x86)\Osprey MetaTrader 4 Terminal\history\mailbox\1356998447.turkish' to 'C:\Users\Admin\AppData\Roaming\MetaQuotes\Terminal\305EEB173F1063651E07AC733A59CDEC\history\mailbox\1356998447.turkish'
0	17:59:43.209	Migration: copied from 'C:\Program Files (x86)\Osprey MetaTrader 4 Terminal\history\mailbox\1356998448.uzbek' to 'C:\Users\Admin\AppData\Roaming\MetaQuotes\Terminal\305EEB173F1063651E07AC733A59CDEC\history\mailbox\1356998448.uzbek'
0	17:59:43.213	Migration: copied from 'C:\Program Files (x86)\Osprey MetaTrader 4 Terminal\history\mailbox\1356998449.vietnamese' to 'C:\Users\Admin\AppData\Roaming\MetaQuotes\Terminal\305EEB173F1063651E07AC733A59CDEC\history\mailbox\1356998449.vietnamese'
0	17:59:43.217	Migration: copied from 'C:\Program Files (x86)\Osprey MetaTrader 4 Terminal\history\mailbox\1356998450.arabic' to 'C:\Users\Admin\AppData\Roaming\MetaQuotes\Terminal\305EEB173F1063651E07AC733A59CDEC\history\mailbox\1356998450.arabic'
0	17:59:43.221	Migration: copied from 'C:\Program Files (x86)\Osprey MetaTrader 4 Terminal\history\mailbox\1356998451.bulgarian' to 'C:\Users\Admin\AppData\Roaming\MetaQuotes\Terminal\305EEB173F1063651E07AC733A59CDEC\history\mailbox\1356998451.bulgarian'
0	17:59:43.224	Migration: copied from 'C:\Program Files (x86)\Osprey MetaTrader 4 Terminal\history\mailbox\1356998452.chinese (simplified)' to 'C:\Users\Admin\AppData\Roaming\MetaQuotes\Terminal\305EEB173F1063651E07AC733A59CDEC\history\mailbox\1356998452.chinese (simplified)'
0	17:59:43.227	Migration: copied from 'C:\Program Files (x86)\Osprey MetaTrader 4 Terminal\history\mailbox\1356998453.chinese (traditional)' to 'C:\Users\Admin\AppData\Roaming\MetaQuotes\Terminal\305EEB173F1063651E07AC733A59CDEC\history\mailbox\1356998453.chinese (traditional)'
0	17:59:43.230	Migration: copied from 'C:\Program Files (x86)\Osprey MetaTrader 4 Terminal\history\mailbox\1356998454.czech' to 'C:\Users\Admin\AppData\Roaming\MetaQuotes\Terminal\305EEB173F1063651E07AC733A59CDEC\history\mailbox\1356998454.czech'
0	17:59:43.234	Migration: copied from 'C:\Program Files (x86)\Osprey MetaTrader 4 Terminal\history\mailbox\1356998455.english' to 'C:\Users\Admin\AppData\Roaming\MetaQuotes\Terminal\305EEB173F1063651E07AC733A59CDEC\history\mailbox\1356998455.english'
0	17:59:43.237	Migration: copied from 'C:\Program Files (x86)\Osprey MetaTrader 4 Terminal\history\mailbox\1356998456.french' to 'C:\Users\Admin\AppData\Roaming\MetaQuotes\Terminal\305EEB173F1063651E07AC733A59CDEC\history\mailbox\1356998456.french'
0	17:59:43.241	Migration: copied from 'C:\Program Files (x86)\Osprey MetaTrader 4 Terminal\history\mailbox\1356998457.german' to 'C:\Users\Admin\AppData\Roaming\MetaQuotes\Terminal\305EEB173F1063651E07AC733A59CDEC\history\mailbox\1356998457.german'
0	17:59:43.244	Migration: copied from 'C:\Program Files (x86)\Osprey MetaTrader 4 Terminal\history\mailbox\1356998458.greek' to 'C:\Users\Admin\AppData\Roaming\MetaQuotes\Terminal\305EEB173F1063651E07AC733A59CDEC\history\mailbox\1356998458.greek'
0	17:59:43.248	Migration: copied from 'C:\Program Files (x86)\Osprey MetaTrader 4 Terminal\history\mailbox\1356998459.hebrew' to 'C:\Users\Admin\AppData\Roaming\MetaQuotes\Terminal\305EEB173F1063651E07AC733A59CDEC\history\mailbox\1356998459.hebrew'
0	17:59:43.252	Migration: copied from 'C:\Program Files (x86)\Osprey MetaTrader 4 Terminal\history\mailbox\1356998460.hungarian' to 'C:\Users\Admin\AppData\Roaming\MetaQuotes\Terminal\305EEB173F1063651E07AC733A59CDEC\history\mailbox\1356998460.hungarian'
0	17:59:43.256	Migration: copied from 'C:\Program Files (x86)\Osprey MetaTrader 4 Terminal\history\mailbox\1356998461.indonesian' to 'C:\Users\Admin\AppData\Roaming\MetaQuotes\Terminal\305EEB173F1063651E07AC733A59CDEC\history\mailbox\1356998461.indonesian'
0	17:59:43.259	Migration: copied from 'C:\Program Files (x86)\Osprey MetaTrader 4 Terminal\history\mailbox\1356998462.italian' to 'C:\Users\Admin\AppData\Roaming\MetaQuotes\Terminal\305EEB173F1063651E07AC733A59CDEC\history\mailbox\1356998462.italian'
0	17:59:43.263	Migration: copied from 'C:\Program Files (x86)\Osprey MetaTrader 4 Terminal\history\mailbox\1356998463.japanese' to 'C:\Users\Admin\AppData\Roaming\MetaQuotes\Terminal\305EEB173F1063651E07AC733A59CDEC\history\mailbox\1356998463.japanese'
0	17:59:43.267	Migration: copied from 'C:\Program Files (x86)\Osprey MetaTrader 4 Terminal\history\mailbox\1356998464.malay' to 'C:\Users\Admin\AppData\Roaming\MetaQuotes\Terminal\305EEB173F1063651E07AC733A59CDEC\history\mailbox\1356998464.malay'
0	17:59:43.271	Migration: copied from 'C:\Program Files (x86)\Osprey MetaTrader 4 Terminal\history\mailbox\1356998465.polish' to 'C:\Users\Admin\AppData\Roaming\MetaQuotes\Terminal\305EEB173F1063651E07AC733A59CDEC\history\mailbox\1356998465.polish'
0	17:59:43.275	Migration: copied from 'C:\Program Files (x86)\Osprey MetaTrader 4 Terminal\history\mailbox\1356998466.portuguese' to 'C:\Users\Admin\AppData\Roaming\MetaQuotes\Terminal\305EEB173F1063651E07AC733A59CDEC\history\mailbox\1356998466.portuguese'
0	17:59:43.278	Migration: copied from 'C:\Program Files (x86)\Osprey MetaTrader 4 Terminal\history\mailbox\1356998467.russian' to 'C:\Users\Admin\AppData\Roaming\MetaQuotes\Terminal\305EEB173F1063651E07AC733A59CDEC\history\mailbox\1356998467.russian'
0	17:59:43.282	Migration: copied from 'C:\Program Files (x86)\Osprey MetaTrader 4 Terminal\history\mailbox\1356998468.slovenian' to 'C:\Users\Admin\AppData\Roaming\MetaQuotes\Terminal\305EEB173F1063651E07AC733A59CDEC\history\mailbox\1356998468.slovenian'
0	17:59:43.285	Migration: copied from 'C:\Program Files (x86)\Osprey MetaTrader 4 Terminal\history\mailbox\1356998469.spanish' to 'C:\Users\Admin\AppData\Roaming\MetaQuotes\Terminal\305EEB173F1063651E07AC733A59CDEC\history\mailbox\1356998469.spanish'
0	17:59:43.289	Migration: copied from 'C:\Program Files (x86)\Osprey MetaTrader 4 Terminal\history\mailbox\1356998470.tajik' to 'C:\Users\Admin\AppData\Roaming\MetaQuotes\Terminal\305EEB173F1063651E07AC733A59CDEC\history\mailbox\1356998470.tajik'
0	17:59:43.293	Migration: copied from 'C:\Program Files (x86)\Osprey MetaTrader 4 Terminal\history\mailbox\1356998471.thai' to 'C:\Users\Admin\AppData\Roaming\MetaQuotes\Terminal\305EEB173F1063651E07AC733A59CDEC\history\mailbox\1356998471.thai'
0	17:59:43.298	Migration: copied from 'C:\Program Files (x86)\Osprey MetaTrader 4 Terminal\history\mailbox\1356998472.turkish' to 'C:\Users\Admin\AppData\Roaming\MetaQuotes\Terminal\305EEB173F1063651E07AC733A59CDEC\history\mailbox\1356998472.turkish'
0	17:59:43.304	Migration: copied from 'C:\Program Files (x86)\Osprey MetaTrader 4 Terminal\history\mailbox\1356998473.uzbek' to 'C:\Users\Admin\AppData\Roaming\MetaQuotes\Terminal\305EEB173F1063651E07AC733A59CDEC\history\mailbox\1356998473.uzbek'
0	17:59:43.307	Migration: copied from 'C:\Program Files (x86)\Osprey MetaTrader 4 Terminal\history\mailbox\1356998474.vietnamese' to 'C:\Users\Admin\AppData\Roaming\MetaQuotes\Terminal\305EEB173F1063651E07AC733A59CDEC\history\mailbox\1356998474.vietnamese'
0	17:59:43.310	Migration: copied from 'C:\Program Files (x86)\Osprey MetaTrader 4 Terminal\history\mailbox\1356998475.arabic' to 'C:\Users\Admin\AppData\Roaming\MetaQuotes\Terminal\305EEB173F1063651E07AC733A59CDEC\history\mailbox\1356998475.arabic'
0	17:59:43.314	Migration: copied from 'C:\Program Files (x86)\Osprey MetaTrader 4 Terminal\history\mailbox\1356998476.bulgarian' to 'C:\Users\Admin\AppData\Roaming\MetaQuotes\Terminal\305EEB173F1063651E07AC733A59CDEC\history\mailbox\1356998476.bulgarian'
0	17:59:43.317	Migration: copied from 'C:\Program Files (x86)\Osprey MetaTrader 4 Terminal\history\mailbox\1356998477.chinese (simplified)' to 'C:\Users\Admin\AppData\Roaming\MetaQuotes\Terminal\305EEB173F1063651E07AC733A59CDEC\history\mailbox\1356998477.chinese (simplified)'
0	17:59:43.321	Migration: copied from 'C:\Program Files (x86)\Osprey MetaTrader 4 Terminal\history\mailbox\1356998478.chinese (traditional)' to 'C:\Users\Admin\AppData\Roaming\MetaQuotes\Terminal\305EEB173F1063651E07AC733A59CDEC\history\mailbox\1356998478.chinese (traditional)'
0	17:59:43.324	Migration: copied from 'C:\Program Files (x86)\Osprey MetaTrader 4 Terminal\history\mailbox\1356998479.czech' to 'C:\Users\Admin\AppData\Roaming\MetaQuotes\Terminal\305EEB173F1063651E07AC733A59CDEC\history\mailbox\1356998479.czech'
0	17:59:43.328	Migration: copied from 'C:\Program Files (x86)\Osprey MetaTrader 4 Terminal\history\mailbox\1356998480.english' to 'C:\Users\Admin\AppData\Roaming\MetaQuotes\Terminal\305EEB173F1063651E07AC733A59CDEC\history\mailbox\1356998480.english'
0	17:59:43.332	Migration: copied from 'C:\Program Files (x86)\Osprey MetaTrader 4 Terminal\history\mailbox\1356998481.french' to 'C:\Users\Admin\AppData\Roaming\MetaQuotes\Terminal\305EEB173F1063651E07AC733A59CDEC\history\mailbox\1356998481.french'
0	17:59:43.335	Migration: copied from 'C:\Program Files (x86)\Osprey MetaTrader 4 Terminal\history\mailbox\1356998482.german' to 'C:\Users\Admin\AppData\Roaming\MetaQuotes\Terminal\305EEB173F1063651E07AC733A59CDEC\history\mailbox\1356998482.german'
0	17:59:43.339	Migration: copied from 'C:\Program Files (x86)\Osprey MetaTrader 4 Terminal\history\mailbox\1356998483.greek' to 'C:\Users\Admin\AppData\Roaming\MetaQuotes\Terminal\305EEB173F1063651E07AC733A59CDEC\history\mailbox\1356998483.greek'
0	17:59:43.342	Migration: copied from 'C:\Program Files (x86)\Osprey MetaTrader 4 Terminal\history\mailbox\1356998484.hebrew' to 'C:\Users\Admin\AppData\Roaming\MetaQuotes\Terminal\305EEB173F1063651E07AC733A59CDEC\history\mailbox\1356998484.hebrew'
0	17:59:43.344	Migration: copied from 'C:\Program Files (x86)\Osprey MetaTrader 4 Terminal\history\mailbox\1356998485.hungarian' to 'C:\Users\Admin\AppData\Roaming\MetaQuotes\Terminal\305EEB173F1063651E07AC733A59CDEC\history\mailbox\1356998485.hungarian'
0	17:59:43.348	Migration: copied from 'C:\Program Files (x86)\Osprey MetaTrader 4 Terminal\history\mailbox\1356998486.indonesian' to 'C:\Users\Admin\AppData\Roaming\MetaQuotes\Terminal\305EEB173F1063651E07AC733A59CDEC\history\mailbox\1356998486.indonesian'
0	17:59:43.352	Migration: copied from 'C:\Program Files (x86)\Osprey MetaTrader 4 Terminal\history\mailbox\1356998487.italian' to 'C:\Users\Admin\AppData\Roaming\MetaQuotes\Terminal\305EEB173F1063651E07AC733A59CDEC\history\mailbox\1356998487.italian'
0	17:59:43.356	Migration: copied from 'C:\Program Files (x86)\Osprey MetaTrader 4 Terminal\history\mailbox\1356998488.japanese' to 'C:\Users\Admin\AppData\Roaming\MetaQuotes\Terminal\305EEB173F1063651E07AC733A59CDEC\history\mailbox\1356998488.japanese'
0	17:59:43.359	Migration: copied from 'C:\Program Files (x86)\Osprey MetaTrader 4 Terminal\history\mailbox\1356998489.malay' to 'C:\Users\Admin\AppData\Roaming\MetaQuotes\Terminal\305EEB173F1063651E07AC733A59CDEC\history\mailbox\1356998489.malay'
0	17:59:43.362	Migration: copied from 'C:\Program Files (x86)\Osprey MetaTrader 4 Terminal\history\mailbox\1356998490.polish' to 'C:\Users\Admin\AppData\Roaming\MetaQuotes\Terminal\305EEB173F1063651E07AC733A59CDEC\history\mailbox\1356998490.polish'
0	17:59:43.366	Migration: copied from 'C:\Program Files (x86)\Osprey MetaTrader 4 Terminal\history\mailbox\1356998491.portuguese' to 'C:\Users\Admin\AppData\Roaming\MetaQuotes\Terminal\305EEB173F1063651E07AC733A59CDEC\history\mailbox\1356998491.portuguese'
0	17:59:43.368	Migration: copied from 'C:\Program Files (x86)\Osprey MetaTrader 4 Terminal\history\mailbox\1356998492.russian' to 'C:\Users\Admin\AppData\Roaming\MetaQuotes\Terminal\305EEB173F1063651E07AC733A59CDEC\history\mailbox\1356998492.russian'
0	17:59:43.370	Migration: copied from 'C:\Program Files (x86)\Osprey MetaTrader 4 Terminal\history\mailbox\1356998493.slovenian' to 'C:\Users\Admin\AppData\Roaming\MetaQuotes\Terminal\305EEB173F1063651E07AC733A59CDEC\history\mailbox\1356998493.slovenian'
0	17:59:43.373	Migration: copied from 'C:\Program Files (x86)\Osprey MetaTrader 4 Terminal\history\mailbox\1356998494.spanish' to 'C:\Users\Admin\AppData\Roaming\MetaQuotes\Terminal\305EEB173F1063651E07AC733A59CDEC\history\mailbox\1356998494.spanish'
0	17:59:43.376	Migration: copied from 'C:\Program Files (x86)\Osprey MetaTrader 4 Terminal\history\mailbox\1356998495.tajik' to 'C:\Users\Admin\AppData\Roaming\MetaQuotes\Terminal\305EEB173F1063651E07AC733A59CDEC\history\mailbox\1356998495.tajik'
0	17:59:43.380	Migration: copied from 'C:\Program Files (x86)\Osprey MetaTrader 4 Terminal\history\mailbox\1356998496.thai' to 'C:\Users\Admin\AppData\Roaming\MetaQuotes\Terminal\305EEB173F1063651E07AC733A59CDEC\history\mailbox\1356998496.thai'
0	17:59:43.384	Migration: copied from 'C:\Program Files (x86)\Osprey MetaTrader 4 Terminal\history\mailbox\1356998497.turkish' to 'C:\Users\Admin\AppData\Roaming\MetaQuotes\Terminal\305EEB173F1063651E07AC733A59CDEC\history\mailbox\1356998497.turkish'
0	17:59:43.387	Migration: copied from 'C:\Program Files (x86)\Osprey MetaTrader 4 Terminal\history\mailbox\1356998498.uzbek' to 'C:\Users\Admin\AppData\Roaming\MetaQuotes\Terminal\305EEB173F1063651E07AC733A59CDEC\history\mailbox\1356998498.uzbek'
0	17:59:43.391	Migration: copied from 'C:\Program Files (x86)\Osprey MetaTrader 4 Terminal\history\mailbox\1356998499.vietnamese' to 'C:\Users\Admin\AppData\Roaming\MetaQuotes\Terminal\305EEB173F1063651E07AC733A59CDEC\history\mailbox\1356998499.vietnamese'
0	17:59:43.394	Migration: copied from 'C:\Program Files (x86)\Osprey MetaTrader 4 Terminal\history\mailbox\1356998500.arabic' to 'C:\Users\Admin\AppData\Roaming\MetaQuotes\Terminal\305EEB173F1063651E07AC733A59CDEC\history\mailbox\1356998500.arabic'
0	17:59:43.397	Migration: copied from 'C:\Program Files (x86)\Osprey MetaTrader 4 Terminal\history\mailbox\1356998501.bulgarian' to 'C:\Users\Admin\AppData\Roaming\MetaQuotes\Terminal\305EEB173F1063651E07AC733A59CDEC\history\mailbox\1356998501.bulgarian'
0	17:59:43.400	Migration: copied from 'C:\Program Files (x86)\Osprey MetaTrader 4 Terminal\history\mailbox\1356998502.chinese (simplified)' to 'C:\Users\Admin\AppData\Roaming\MetaQuotes\Terminal\305EEB173F1063651E07AC733A59CDEC\history\mailbox\1356998502.chinese (simplified)'
0	17:59:43.402	Migration: copied from 'C:\Program Files (x86)\Osprey MetaTrader 4 Terminal\history\mailbox\1356998503.chinese (traditional)' to 'C:\Users\Admin\AppData\Roaming\MetaQuotes\Terminal\305EEB173F1063651E07AC733A59CDEC\history\mailbox\1356998503.chinese (traditional)'
0	17:59:43.405	Migration: copied from 'C:\Program Files (x86)\Osprey MetaTrader 4 Terminal\history\mailbox\1356998504.czech' to 'C:\Users\Admin\AppData\Roaming\MetaQuotes\Terminal\305EEB173F1063651E07AC733A59CDEC\history\mailbox\1356998504.czech'
0	17:59:43.408	Migration: copied from 'C:\Program Files (x86)\Osprey MetaTrader 4 Terminal\history\mailbox\1356998505.english' to 'C:\Users\Admin\AppData\Roaming\MetaQuotes\Terminal\305EEB173F1063651E07AC733A59CDEC\history\mailbox\1356998505.english'
0	17:59:43.411	Migration: copied from 'C:\Program Files (x86)\Osprey MetaTrader 4 Terminal\history\mailbox\1356998506.french' to 'C:\Users\Admin\AppData\Roaming\MetaQuotes\Terminal\305EEB173F1063651E07AC733A59CDEC\history\mailbox\1356998506.french'
0	17:59:43.414	Migration: copied from 'C:\Program Files (x86)\Osprey MetaTrader 4 Terminal\history\mailbox\1356998507.german' to 'C:\Users\Admin\AppData\Roaming\MetaQuotes\Terminal\305EEB173F1063651E07AC733A59CDEC\history\mailbox\1356998507.german'
0	17:59:43.418	Migration: copied from 'C:\Program Files (x86)\Osprey MetaTrader 4 Terminal\history\mailbox\1356998508.greek' to 'C:\Users\Admin\AppData\Roaming\MetaQuotes\Terminal\305EEB173F1063651E07AC733A59CDEC\history\mailbox\1356998508.greek'
0	17:59:43.421	Migration: copied from 'C:\Program Files (x86)\Osprey MetaTrader 4 Terminal\history\mailbox\1356998509.hebrew' to 'C:\Users\Admin\AppData\Roaming\MetaQuotes\Terminal\305EEB173F1063651E07AC733A59CDEC\history\mailbox\1356998509.hebrew'
0	17:59:43.423	Migration: copied from 'C:\Program Files (x86)\Osprey MetaTrader 4 Terminal\history\mailbox\1356998510.hungarian' to 'C:\Users\Admin\AppData\Roaming\MetaQuotes\Terminal\305EEB173F1063651E07AC733A59CDEC\history\mailbox\1356998510.hungarian'
0	17:59:43.426	Migration: copied from 'C:\Program Files (x86)\Osprey MetaTrader 4 Terminal\history\mailbox\1356998511.indonesian' to 'C:\Users\Admin\AppData\Roaming\MetaQuotes\Terminal\305EEB173F1063651E07AC733A59CDEC\history\mailbox\1356998511.indonesian'
0	17:59:43.429	Migration: copied from 'C:\Program Files (x86)\Osprey MetaTrader 4 Terminal\history\mailbox\1356998512.italian' to 'C:\Users\Admin\AppData\Roaming\MetaQuotes\Terminal\305EEB173F1063651E07AC733A59CDEC\history\mailbox\1356998512.italian'
0	17:59:43.433	Migration: copied from 'C:\Program Files (x86)\Osprey MetaTrader 4 Terminal\history\mailbox\1356998513.japanese' to 'C:\Users\Admin\AppData\Roaming\MetaQuotes\Terminal\305EEB173F1063651E07AC733A59CDEC\history\mailbox\1356998513.japanese'
0	17:59:43.437	Migration: copied from 'C:\Program Files (x86)\Osprey MetaTrader 4 Terminal\history\mailbox\1356998514.malay' to 'C:\Users\Admin\AppData\Roaming\MetaQuotes\Terminal\305EEB173F1063651E07AC733A59CDEC\history\mailbox\1356998514.malay'
0	17:59:43.441	Migration: copied from 'C:\Program Files (x86)\Osprey MetaTrader 4 Terminal\history\mailbox\1356998515.polish' to 'C:\Users\Admin\AppData\Roaming\MetaQuotes\Terminal\305EEB173F1063651E07AC733A59CDEC\history\mailbox\1356998515.polish'
0	17:59:43.444	Migration: copied from 'C:\Program Files (x86)\Osprey MetaTrader 4 Terminal\history\mailbox\1356998516.portuguese' to 'C:\Users\Admin\AppData\Roaming\MetaQuotes\Terminal\305EEB173F1063651E07AC733A59CDEC\history\mailbox\1356998516.portuguese'
0	17:59:43.448	Migration: copied from 'C:\Program Files (x86)\Osprey MetaTrader 4 Terminal\history\mailbox\1356998517.russian' to 'C:\Users\Admin\AppData\Roaming\MetaQuotes\Terminal\305EEB173F1063651E07AC733A59CDEC\history\mailbox\1356998517.russian'
0	17:59:43.452	Migration: copied from 'C:\Program Files (x86)\Osprey MetaTrader 4 Terminal\history\mailbox\1356998518.slovenian' to 'C:\Users\Admin\AppData\Roaming\MetaQuotes\Terminal\305EEB173F1063651E07AC733A59CDEC\history\mailbox\1356998518.slovenian'
0	17:59:43.455	Migration: copied from 'C:\Program Files (x86)\Osprey MetaTrader 4 Terminal\history\mailbox\1356998519.spanish' to 'C:\Users\Admin\AppData\Roaming\MetaQuotes\Terminal\305EEB173F1063651E07AC733A59CDEC\history\mailbox\1356998519.spanish'
0	17:59:43.458	Migration: copied from 'C:\Program Files (x86)\Osprey MetaTrader 4 Terminal\history\mailbox\1356998520.tajik' to 'C:\Users\Admin\AppData\Roaming\MetaQuotes\Terminal\305EEB173F1063651E07AC733A59CDEC\history\mailbox\1356998520.tajik'
0	17:59:43.463	Migration: copied from 'C:\Program Files (x86)\Osprey MetaTrader 4 Terminal\history\mailbox\1356998521.thai' to 'C:\Users\Admin\AppData\Roaming\MetaQuotes\Terminal\305EEB173F1063651E07AC733A59CDEC\history\mailbox\1356998521.thai'
0	17:59:43.466	Migration: copied from 'C:\Program Files (x86)\Osprey MetaTrader 4 Terminal\history\mailbox\1356998522.turkish' to 'C:\Users\Admin\AppData\Roaming\MetaQuotes\Terminal\305EEB173F1063651E07AC733A59CDEC\history\mailbox\1356998522.turkish'
0	17:59:43.468	Migration: copied from 'C:\Program Files (x86)\Osprey MetaTrader 4 Terminal\history\mailbox\1356998523.uzbek' to 'C:\Users\Admin\AppData\Roaming\MetaQuotes\Terminal\305EEB173F1063651E07AC733A59CDEC\history\mailbox\1356998523.uzbek'
0	17:59:43.471	Migration: copied from 'C:\Program Files (x86)\Osprey MetaTrader 4 Terminal\history\mailbox\1356998524.vietnamese' to 'C:\Users\Admin\AppData\Roaming\MetaQuotes\Terminal\305EEB173F1063651E07AC733A59CDEC\history\mailbox\1356998524.vietnamese'
0	17:59:43.473	Migration: copied from 'C:\Program Files (x86)\Osprey MetaTrader 4 Terminal\history\mailbox\1356998525.arabic' to 'C:\Users\Admin\AppData\Roaming\MetaQuotes\Terminal\305EEB173F1063651E07AC733A59CDEC\history\mailbox\1356998525.arabic'
0	17:59:43.475	Migration: copied from 'C:\Program Files (x86)\Osprey MetaTrader 4 Terminal\history\mailbox\1356998526.bulgarian' to 'C:\Users\Admin\AppData\Roaming\MetaQuotes\Terminal\305EEB173F1063651E07AC733A59CDEC\history\mailbox\1356998526.bulgarian'
0	17:59:43.478	Migration: copied from 'C:\Program Files (x86)\Osprey MetaTrader 4 Terminal\history\mailbox\1356998527.chinese (simplified)' to 'C:\Users\Admin\AppData\Roaming\MetaQuotes\Terminal\305EEB173F1063651E07AC733A59CDEC\history\mailbox\1356998527.chinese (simplified)'
0	17:59:43.481	Migration: copied from 'C:\Program Files (x86)\Osprey MetaTrader 4 Terminal\history\mailbox\1356998528.chinese (traditional)' to 'C:\Users\Admin\AppData\Roaming\MetaQuotes\Terminal\305EEB173F1063651E07AC733A59CDEC\history\mailbox\1356998528.chinese (traditional)'
0	17:59:43.484	Migration: copied from 'C:\Program Files (x86)\Osprey MetaTrader 4 Terminal\history\mailbox\1356998529.czech' to 'C:\Users\Admin\AppData\Roaming\MetaQuotes\Terminal\305EEB173F1063651E07AC733A59CDEC\history\mailbox\1356998529.czech'
0	17:59:43.486	Migration: copied from 'C:\Program Files (x86)\Osprey MetaTrader 4 Terminal\history\mailbox\1356998530.english' to 'C:\Users\Admin\AppData\Roaming\MetaQuotes\Terminal\305EEB173F1063651E07AC733A59CDEC\history\mailbox\1356998530.english'
0	17:59:43.489	Migration: copied from 'C:\Program Files (x86)\Osprey MetaTrader 4 Terminal\history\mailbox\1356998531.french' to 'C:\Users\Admin\AppData\Roaming\MetaQuotes\Terminal\305EEB173F1063651E07AC733A59CDEC\history\mailbox\1356998531.french'
0	17:59:43.491	Migration: copied from 'C:\Program Files (x86)\Osprey MetaTrader 4 Terminal\history\mailbox\1356998532.german' to 'C:\Users\Admin\AppData\Roaming\MetaQuotes\Terminal\305EEB173F1063651E07AC733A59CDEC\history\mailbox\1356998532.german'
0	17:59:43.493	Migration: copied from 'C:\Program Files (x86)\Osprey MetaTrader 4 Terminal\history\mailbox\1356998533.greek' to 'C:\Users\Admin\AppData\Roaming\MetaQuotes\Terminal\305EEB173F1063651E07AC733A59CDEC\history\mailbox\1356998533.greek'
0	17:59:43.497	Migration: copied from 'C:\Program Files (x86)\Osprey MetaTrader 4 Terminal\history\mailbox\1356998534.hebrew' to 'C:\Users\Admin\AppData\Roaming\MetaQuotes\Terminal\305EEB173F1063651E07AC733A59CDEC\history\mailbox\1356998534.hebrew'
0	17:59:43.499	Migration: copied from 'C:\Program Files (x86)\Osprey MetaTrader 4 Terminal\history\mailbox\1356998534.hungarian' to 'C:\Users\Admin\AppData\Roaming\MetaQuotes\Terminal\305EEB173F1063651E07AC733A59CDEC\history\mailbox\1356998534.hungarian'
0	17:59:43.502	Migration: copied from 'C:\Program Files (x86)\Osprey MetaTrader 4 Terminal\history\mailbox\1356998535.italian' to 'C:\Users\Admin\AppData\Roaming\MetaQuotes\Terminal\305EEB173F1063651E07AC733A59CDEC\history\mailbox\1356998535.italian'
0	17:59:43.504	Migration: copied from 'C:\Program Files (x86)\Osprey MetaTrader 4 Terminal\history\mailbox\1356998536.indonesian' to 'C:\Users\Admin\AppData\Roaming\MetaQuotes\Terminal\305EEB173F1063651E07AC733A59CDEC\history\mailbox\1356998536.indonesian'
0	17:59:43.507	Migration: copied from 'C:\Program Files (x86)\Osprey MetaTrader 4 Terminal\history\mailbox\1356998536.japanese' to 'C:\Users\Admin\AppData\Roaming\MetaQuotes\Terminal\305EEB173F1063651E07AC733A59CDEC\history\mailbox\1356998536.japanese'
0	17:59:43.510	Migration: copied from 'C:\Program Files (x86)\Osprey MetaTrader 4 Terminal\history\mailbox\1356998537.malay' to 'C:\Users\Admin\AppData\Roaming\MetaQuotes\Terminal\305EEB173F1063651E07AC733A59CDEC\history\mailbox\1356998537.malay'
0	17:59:43.513	Migration: copied from 'C:\Program Files (x86)\Osprey MetaTrader 4 Terminal\history\mailbox\1356998538.polish' to 'C:\Users\Admin\AppData\Roaming\MetaQuotes\Terminal\305EEB173F1063651E07AC733A59CDEC\history\mailbox\1356998538.polish'
0	17:59:43.517	Migration: copied from 'C:\Program Files (x86)\Osprey MetaTrader 4 Terminal\history\mailbox\1356998539.portuguese' to 'C:\Users\Admin\AppData\Roaming\MetaQuotes\Terminal\305EEB173F1063651E07AC733A59CDEC\history\mailbox\1356998539.portuguese'
0	17:59:43.520	Migration: copied from 'C:\Program Files (x86)\Osprey MetaTrader 4 Terminal\history\mailbox\1356998540.russian' to 'C:\Users\Admin\AppData\Roaming\MetaQuotes\Terminal\305EEB173F1063651E07AC733A59CDEC\history\mailbox\1356998540.russian'
0	17:59:43.523	Migration: copied from 'C:\Program Files (x86)\Osprey MetaTrader 4 Terminal\history\mailbox\1356998541.slovenian' to 'C:\Users\Admin\AppData\Roaming\MetaQuotes\Terminal\305EEB173F1063651E07AC733A59CDEC\history\mailbox\1356998541.slovenian'
0	17:59:43.525	Migration: copied from 'C:\Program Files (x86)\Osprey MetaTrader 4 Terminal\history\mailbox\1356998542.spanish' to 'C:\Users\Admin\AppData\Roaming\MetaQuotes\Terminal\305EEB173F1063651E07AC733A59CDEC\history\mailbox\1356998542.spanish'
0	17:59:43.529	Migration: copied from 'C:\Program Files (x86)\Osprey MetaTrader 4 Terminal\history\mailbox\1356998543.tajik' to 'C:\Users\Admin\AppData\Roaming\MetaQuotes\Terminal\305EEB173F1063651E07AC733A59CDEC\history\mailbox\1356998543.tajik'
0	17:59:43.533	Migration: copied from 'C:\Program Files (x86)\Osprey MetaTrader 4 Terminal\history\mailbox\1356998544.thai' to 'C:\Users\Admin\AppData\Roaming\MetaQuotes\Terminal\305EEB173F1063651E07AC733A59CDEC\history\mailbox\1356998544.thai'
0	17:59:43.538	Migration: copied from 'C:\Program Files (x86)\Osprey MetaTrader 4 Terminal\history\mailbox\1356998545.turkish' to 'C:\Users\Admin\AppData\Roaming\MetaQuotes\Terminal\305EEB173F1063651E07AC733A59CDEC\history\mailbox\1356998545.turkish'
0	17:59:43.542	Migration: copied from 'C:\Program Files (x86)\Osprey MetaTrader 4 Terminal\history\mailbox\1356998546.uzbek' to 'C:\Users\Admin\AppData\Roaming\MetaQuotes\Terminal\305EEB173F1063651E07AC733A59CDEC\history\mailbox\1356998546.uzbek'
0	17:59:43.545	Migration: copied from 'C:\Program Files (x86)\Osprey MetaTrader 4 Terminal\history\mailbox\1356998547.vietnamese' to 'C:\Users\Admin\AppData\Roaming\MetaQuotes\Terminal\305EEB173F1063651E07AC733A59CDEC\history\mailbox\1356998547.vietnamese'
0	17:59:43.545	Migration: mailbox folder copied from 'C:\Program Files (x86)\Osprey MetaTrader 4 Terminal' to 'C:\Users\Admin\AppData\Roaming\MetaQuotes\Terminal\305EEB173F1063651E07AC733A59CDEC'
0	17:59:43.550	Migration: copied from 'C:\Program Files (x86)\Osprey MetaTrader 4 Terminal\profiles\British Pound\chart01.CHR' to 'C:\Users\Admin\AppData\Roaming\MetaQuotes\Terminal\305EEB173F1063651E07AC733A59CDEC\profiles\British Pound\chart01.CHR'
0	17:59:43.552	Migration: copied from 'C:\Program Files (x86)\Osprey MetaTrader 4 Terminal\profiles\British Pound\chart02.CHR' to 'C:\Users\Admin\AppData\Roaming\MetaQuotes\Terminal\305EEB173F1063651E07AC733A59CDEC\profiles\British Pound\chart02.CHR'
0	17:59:43.555	Migration: copied from 'C:\Program Files (x86)\Osprey MetaTrader 4 Terminal\profiles\British Pound\chart03.CHR' to 'C:\Users\Admin\AppData\Roaming\MetaQuotes\Terminal\305EEB173F1063651E07AC733A59CDEC\profiles\British Pound\chart03.CHR'
0	17:59:43.557	Migration: copied from 'C:\Program Files (x86)\Osprey MetaTrader 4 Terminal\profiles\British Pound\order.wnd' to 'C:\Users\Admin\AppData\Roaming\MetaQuotes\Terminal\305EEB173F1063651E07AC733A59CDEC\profiles\British Pound\order.wnd'
0	17:59:43.560	Migration: copied from 'C:\Program Files (x86)\Osprey MetaTrader 4 Terminal\profiles\default\chart01.CHR' to 'C:\Users\Admin\AppData\Roaming\MetaQuotes\Terminal\305EEB173F1063651E07AC733A59CDEC\profiles\default\chart01.CHR'
0	17:59:43.566	Migration: copied from 'C:\Program Files (x86)\Osprey MetaTrader 4 Terminal\profiles\default\chart02.CHR' to 'C:\Users\Admin\AppData\Roaming\MetaQuotes\Terminal\305EEB173F1063651E07AC733A59CDEC\profiles\default\chart02.CHR'
0	17:59:43.569	Migration: copied from 'C:\Program Files (x86)\Osprey MetaTrader 4 Terminal\profiles\default\chart03.CHR' to 'C:\Users\Admin\AppData\Roaming\MetaQuotes\Terminal\305EEB173F1063651E07AC733A59CDEC\profiles\default\chart03.CHR'
0	17:59:43.572	Migration: copied from 'C:\Program Files (x86)\Osprey MetaTrader 4 Terminal\profiles\default\chart04.CHR' to 'C:\Users\Admin\AppData\Roaming\MetaQuotes\Terminal\305EEB173F1063651E07AC733A59CDEC\profiles\default\chart04.CHR'
0	17:59:43.574	Migration: copied from 'C:\Program Files (x86)\Osprey MetaTrader 4 Terminal\profiles\default\order.wnd' to 'C:\Users\Admin\AppData\Roaming\MetaQuotes\Terminal\305EEB173F1063651E07AC733A59CDEC\profiles\default\order.wnd'
0	17:59:43.578	Migration: copied from 'C:\Program Files (x86)\Osprey MetaTrader 4 Terminal\profiles\Euro\chart01.CHR' to 'C:\Users\Admin\AppData\Roaming\MetaQuotes\Terminal\305EEB173F1063651E07AC733A59CDEC\profiles\Euro\chart01.CHR'
0	17:59:43.581	Migration: copied from 'C:\Program Files (x86)\Osprey MetaTrader 4 Terminal\profiles\Euro\chart02.CHR' to 'C:\Users\Admin\AppData\Roaming\MetaQuotes\Terminal\305EEB173F1063651E07AC733A59CDEC\profiles\Euro\chart02.CHR'
0	17:59:43.583	Migration: copied from 'C:\Program Files (x86)\Osprey MetaTrader 4 Terminal\profiles\Euro\chart03.CHR' to 'C:\Users\Admin\AppData\Roaming\MetaQuotes\Terminal\305EEB173F1063651E07AC733A59CDEC\profiles\Euro\chart03.CHR'
0	17:59:43.586	Migration: copied from 'C:\Program Files (x86)\Osprey MetaTrader 4 Terminal\profiles\Euro\order.wnd' to 'C:\Users\Admin\AppData\Roaming\MetaQuotes\Terminal\305EEB173F1063651E07AC733A59CDEC\profiles\Euro\order.wnd'
0	17:59:43.589	Migration: copied from 'C:\Program Files (x86)\Osprey MetaTrader 4 Terminal\profiles\lastprofile.ini' to 'C:\Users\Admin\AppData\Roaming\MetaQuotes\Terminal\305EEB173F1063651E07AC733A59CDEC\profiles\lastprofile.ini'
0	17:59:43.592	Migration: copied from 'C:\Program Files (x86)\Osprey MetaTrader 4 Terminal\profiles\Market Overview\chart01.CHR' to 'C:\Users\Admin\AppData\Roaming\MetaQuotes\Terminal\305EEB173F1063651E07AC733A59CDEC\profiles\Market Overview\chart01.CHR'
0	17:59:43.595	Migration: copied from 'C:\Program Files (x86)\Osprey MetaTrader 4 Terminal\profiles\Market Overview\chart02.CHR' to 'C:\Users\Admin\AppData\Roaming\MetaQuotes\Terminal\305EEB173F1063651E07AC733A59CDEC\profiles\Market Overview\chart02.CHR'
0	17:59:43.598	Migration: copied from 'C:\Program Files (x86)\Osprey MetaTrader 4 Terminal\profiles\Market Overview\chart03.CHR' to 'C:\Users\Admin\AppData\Roaming\MetaQuotes\Terminal\305EEB173F1063651E07AC733A59CDEC\profiles\Market Overview\chart03.CHR'
0	17:59:43.601	Migration: copied from 'C:\Program Files (x86)\Osprey MetaTrader 4 Terminal\profiles\Market Overview\chart04.CHR' to 'C:\Users\Admin\AppData\Roaming\MetaQuotes\Terminal\305EEB173F1063651E07AC733A59CDEC\profiles\Market Overview\chart04.CHR'
0	17:59:43.603	Migration: copied from 'C:\Program Files (x86)\Osprey MetaTrader 4 Terminal\profiles\Market Overview\order.wnd' to 'C:\Users\Admin\AppData\Roaming\MetaQuotes\Terminal\305EEB173F1063651E07AC733A59CDEC\profiles\Market Overview\order.wnd'
0	17:59:43.608	Migration: copied from 'C:\Program Files (x86)\Osprey MetaTrader 4 Terminal\profiles\Swiss Franc\chart01.CHR' to 'C:\Users\Admin\AppData\Roaming\MetaQuotes\Terminal\305EEB173F1063651E07AC733A59CDEC\profiles\Swiss Franc\chart01.CHR'
0	17:59:43.611	Migration: copied from 'C:\Program Files (x86)\Osprey MetaTrader 4 Terminal\profiles\Swiss Franc\chart02.CHR' to 'C:\Users\Admin\AppData\Roaming\MetaQuotes\Terminal\305EEB173F1063651E07AC733A59CDEC\profiles\Swiss Franc\chart02.CHR'
0	17:59:43.615	Migration: copied from 'C:\Program Files (x86)\Osprey MetaTrader 4 Terminal\profiles\Swiss Franc\chart03.CHR' to 'C:\Users\Admin\AppData\Roaming\MetaQuotes\Terminal\305EEB173F1063651E07AC733A59CDEC\profiles\Swiss Franc\chart03.CHR'
0	17:59:43.618	Migration: copied from 'C:\Program Files (x86)\Osprey MetaTrader 4 Terminal\profiles\Swiss Franc\order.wnd' to 'C:\Users\Admin\AppData\Roaming\MetaQuotes\Terminal\305EEB173F1063651E07AC733A59CDEC\profiles\Swiss Franc\order.wnd'
0	17:59:43.618	Migration: profiles folder copied from 'C:\Program Files (x86)\Osprey MetaTrader 4 Terminal' to 'C:\Users\Admin\AppData\Roaming\MetaQuotes\Terminal\305EEB173F1063651E07AC733A59CDEC'
0	17:59:43.622	Migration: copied from 'C:\Program Files (x86)\Osprey MetaTrader 4 Terminal\templates\ADX.tpl' to 'C:\Users\Admin\AppData\Roaming\MetaQuotes\Terminal\305EEB173F1063651E07AC733A59CDEC\templates\ADX.tpl'
0	17:59:43.625	Migration: copied from 'C:\Program Files (x86)\Osprey MetaTrader 4 Terminal\templates\BollingerBands.tpl' to 'C:\Users\Admin\AppData\Roaming\MetaQuotes\Terminal\305EEB173F1063651E07AC733A59CDEC\templates\BollingerBands.tpl'
0	17:59:43.627	Migration: copied from 'C:\Program Files (x86)\Osprey MetaTrader 4 Terminal\templates\Layers.tpl' to 'C:\Users\Admin\AppData\Roaming\MetaQuotes\Terminal\305EEB173F1063651E07AC733A59CDEC\templates\Layers.tpl'
0	17:59:43.630	Migration: copied from 'C:\Program Files (x86)\Osprey MetaTrader 4 Terminal\templates\Momentum.tpl' to 'C:\Users\Admin\AppData\Roaming\MetaQuotes\Terminal\305EEB173F1063651E07AC733A59CDEC\templates\Momentum.tpl'
0	17:59:43.633	Migration: copied from 'C:\Program Files (x86)\Osprey MetaTrader 4 Terminal\templates\OptimizationReport.htm' to 'C:\Users\Admin\AppData\Roaming\MetaQuotes\Terminal\305EEB173F1063651E07AC733A59CDEC\templates\OptimizationReport.htm'
0	17:59:43.636	Migration: copied from 'C:\Program Files (x86)\Osprey MetaTrader 4 Terminal\templates\Popular.tpl' to 'C:\Users\Admin\AppData\Roaming\MetaQuotes\Terminal\305EEB173F1063651E07AC733A59CDEC\templates\Popular.tpl'
0	17:59:43.639	Migration: copied from 'C:\Program Files (x86)\Osprey MetaTrader 4 Terminal\templates\statement.htm' to 'C:\Users\Admin\AppData\Roaming\MetaQuotes\Terminal\305EEB173F1063651E07AC733A59CDEC\templates\statement.htm'
0	17:59:43.641	Migration: copied from 'C:\Program Files (x86)\Osprey MetaTrader 4 Terminal\templates\StatementDetailed.htm' to 'C:\Users\Admin\AppData\Roaming\MetaQuotes\Terminal\305EEB173F1063651E07AC733A59CDEC\templates\StatementDetailed.htm'
0	17:59:43.643	Migration: copied from 'C:\Program Files (x86)\Osprey MetaTrader 4 Terminal\templates\strategytester.htm' to 'C:\Users\Admin\AppData\Roaming\MetaQuotes\Terminal\305EEB173F1063651E07AC733A59CDEC\templates\strategytester.htm'
0	17:59:43.646	Migration: copied from 'C:\Program Files (x86)\Osprey MetaTrader 4 Terminal\templates\Volume.tpl' to 'C:\Users\Admin\AppData\Roaming\MetaQuotes\Terminal\305EEB173F1063651E07AC733A59CDEC\templates\Volume.tpl'
0	17:59:43.650	Migration: copied from 'C:\Program Files (x86)\Osprey MetaTrader 4 Terminal\templates\Williams.tpl' to 'C:\Users\Admin\AppData\Roaming\MetaQuotes\Terminal\305EEB173F1063651E07AC733A59CDEC\templates\Williams.tpl'
0	17:59:43.650	Migration: templates folder copied from 'C:\Program Files (x86)\Osprey MetaTrader 4 Terminal' to 'C:\Users\Admin\AppData\Roaming\MetaQuotes\Terminal\305EEB173F1063651E07AC733A59CDEC'
0	17:59:43.663	Migration: data to 'C:\Users\Admin\AppData\Roaming\MetaQuotes\Terminal\305EEB173F1063651E07AC733A59CDEC' migration started
0	17:59:43.664	Migration: data migration finished, no virtual folder
0	17:59:43.666	LiveUpdate: update C:\Users\Admin\AppData\Roaming\MetaQuotes\Terminal\305EEB173F1063651E07AC733A59CDEC\MQL4 folder started
0	17:59:43.890	LiveUpdate: update C:\Users\Admin\AppData\Roaming\MetaQuotes\Terminal\305EEB173F1063651E07AC733A59CDEC\MQL4 folder finished
0	17:59:44.023	Osprey MT4 build 1355 started (Osprey Ltd)
0	17:59:44.023	Windows 10 Pro x64, IE 11, UAC, 8 x Intel Core i7-6920HQ  @ 2.90GHz, Memory: 14788 / 32659 Mb, Disk: 157 / 476 Gb, GMT-5
0	17:59:44.023	Data Folder: C:\Users\Admin\AppData\Roaming\MetaQuotes\Terminal\305EEB173F1063651E07AC733A59CDEC
0	17:59:45.159	Sources recompilation started
0	18:00:01.464	Sources recompilation finished (28 compiled in 16297 msec)
0	18:02:00.514	Account: new demo account '2364914' opened
0	18:02:28.834	'2364914': login on Osprey-Demo through 104.238.141.69:443 (ping: 207.38 ms)
0	18:02:58.251	'2364914': auto connecting to a better access point DC11 (ping is 108.81 ms)
0	18:02:58.828	'2364914': login on Osprey-Demo through DC11 (ping: 108.81 ms)
0	18:02:59.780	'2364914': login datacenter on Osprey-Demo through DC11 (ping: 108.81 ms)
0	18:03:00.066	'2364914': previous successful authorization performed from 99.229.64.240
